nohup: ignoring input
[device] cuda
A.L.E: Arcade Learning Environment (version 0.11.2+ecc1138)
[Powered by Stella]
[init] |theta_pi|_1=4866.6 |theta_v|_1=4854.1
[ep      1] ret=  -21.0 MA100= -21.00 loss_pi=-0.0014 loss_v=0.4996 |theta_pi|_1=4867.1 |theta_v|_1=4854.1
[ep    100] ret=  -21.0 MA100= -20.39 loss_pi=-0.0012 loss_v=0.4995 |theta_pi|_1=4908.6 |theta_v|_1=4856.0
[ep    200] ret=  -21.0 MA100= -20.35 loss_pi=-0.0009 loss_v=0.4995 |theta_pi|_1=4973.4 |theta_v|_1=4858.6
[ep    300] ret=  -20.0 MA100= -20.20 loss_pi=0.0004 loss_v=0.4995 |theta_pi|_1=5165.7 |theta_v|_1=4866.0
[ep    400] ret=  -19.0 MA100= -19.77 loss_pi=0.0030 loss_v=0.4997 |theta_pi|_1=5381.0 |theta_v|_1=4866.0
[ep    500] ret=  -21.0 MA100= -19.60 loss_pi=-0.0095 loss_v=0.4997 |theta_pi|_1=5630.8 |theta_v|_1=4865.6
[ep    600] ret=  -17.0 MA100= -19.21 loss_pi=0.0076 loss_v=0.4998 |theta_pi|_1=5941.0 |theta_v|_1=4868.7
[ep    700] ret=  -12.0 MA100= -14.10 loss_pi=-0.0085 loss_v=0.4999 |theta_pi|_1=6197.1 |theta_v|_1=4862.3
[ep    800] ret=  -14.0 MA100= -12.75 loss_pi=-0.0183 loss_v=0.4999 |theta_pi|_1=6287.7 |theta_v|_1=4859.2
[ep    900] ret=  -11.0 MA100= -11.58 loss_pi=-0.0133 loss_v=0.4999 |theta_pi|_1=6422.4 |theta_v|_1=4859.1
[ep   1000] ret=  -19.0 MA100= -12.32 loss_pi=0.0008 loss_v=0.4999 |theta_pi|_1=6498.9 |theta_v|_1=4858.6
[ep   1100] ret=  -13.0 MA100= -12.47 loss_pi=-0.0218 loss_v=0.4999 |theta_pi|_1=6592.4 |theta_v|_1=4858.5
[ep   1200] ret=   -8.0 MA100= -11.37 loss_pi=-0.0212 loss_v=0.4999 |theta_pi|_1=6653.7 |theta_v|_1=4861.3
[ep   1300] ret=  -11.0 MA100= -11.42 loss_pi=-0.0041 loss_v=0.4999 |theta_pi|_1=6742.3 |theta_v|_1=4858.0
[ep   1400] ret=   -2.0 MA100= -11.30 loss_pi=-0.0196 loss_v=0.4999 |theta_pi|_1=6803.2 |theta_v|_1=4857.4
[ep   1500] ret=   -8.0 MA100= -11.56 loss_pi=0.0042 loss_v=0.4999 |theta_pi|_1=6926.3 |theta_v|_1=4857.3
[ep   1600] ret=   -6.0 MA100= -11.34 loss_pi=-0.0165 loss_v=0.4999 |theta_pi|_1=7027.9 |theta_v|_1=4857.1
[ep   1700] ret=   -4.0 MA100= -10.99 loss_pi=-0.0225 loss_v=0.4999 |theta_pi|_1=7074.2 |theta_v|_1=4857.3
[ep   1800] ret=  -11.0 MA100= -10.31 loss_pi=-0.0079 loss_v=0.4999 |theta_pi|_1=7115.5 |theta_v|_1=4857.6
[ep   1900] ret=   -8.0 MA100= -10.07 loss_pi=-0.0080 loss_v=0.4999 |theta_pi|_1=7180.5 |theta_v|_1=4859.6
[ep   2000] ret=  -14.0 MA100= -10.06 loss_pi=-0.0067 loss_v=0.4999 |theta_pi|_1=7264.0 |theta_v|_1=4860.5
[ep   2100] ret=   -9.0 MA100=  -9.03 loss_pi=-0.0113 loss_v=0.4999 |theta_pi|_1=7294.5 |theta_v|_1=4856.8
[ep   2200] ret=  -15.0 MA100= -11.21 loss_pi=0.0014 loss_v=0.4999 |theta_pi|_1=7317.5 |theta_v|_1=4855.8
[ep   2300] ret=   -8.0 MA100= -10.15 loss_pi=-0.0151 loss_v=0.4999 |theta_pi|_1=7419.6 |theta_v|_1=4855.7
[ep   2400] ret=  -15.0 MA100=  -9.56 loss_pi=-0.0128 loss_v=0.4999 |theta_pi|_1=7522.3 |theta_v|_1=4855.4
[ep   2500] ret=  -15.0 MA100=  -9.10 loss_pi=-0.0090 loss_v=0.4999 |theta_pi|_1=7564.2 |theta_v|_1=4855.7
[ep   2600] ret=  -18.0 MA100=  -9.45 loss_pi=0.0027 loss_v=0.4999 |theta_pi|_1=7623.9 |theta_v|_1=4856.0
[ep   2700] ret=   -8.0 MA100= -10.54 loss_pi=-0.0128 loss_v=0.4999 |theta_pi|_1=7743.5 |theta_v|_1=4855.6
[ep   2800] ret=  -12.0 MA100=  -9.13 loss_pi=-0.0114 loss_v=0.4999 |theta_pi|_1=7856.0 |theta_v|_1=4855.3
[ep   2900] ret=   -9.0 MA100=  -9.20 loss_pi=-0.0042 loss_v=0.4999 |theta_pi|_1=7922.2 |theta_v|_1=4855.5
[ep   3000] ret=   -9.0 MA100=  -9.40 loss_pi=-0.0110 loss_v=0.4999 |theta_pi|_1=7945.5 |theta_v|_1=4855.6
[ep   3100] ret=  -12.0 MA100=  -8.90 loss_pi=-0.0151 loss_v=0.4999 |theta_pi|_1=8005.7 |theta_v|_1=4855.7
[ep   3200] ret=  -13.0 MA100=  -8.34 loss_pi=-0.0093 loss_v=0.4999 |theta_pi|_1=8100.6 |theta_v|_1=4855.6
[ep   3300] ret=  -15.0 MA100=  -7.87 loss_pi=-0.0057 loss_v=0.4999 |theta_pi|_1=8150.9 |theta_v|_1=4855.8
[ep   3400] ret=   -9.0 MA100=  -8.07 loss_pi=-0.0139 loss_v=0.4999 |theta_pi|_1=8226.0 |theta_v|_1=4855.6
[ep   3500] ret=  -11.0 MA100=  -9.09 loss_pi=-0.0076 loss_v=0.4999 |theta_pi|_1=8308.5 |theta_v|_1=4855.5
[ep   3600] ret=   -5.0 MA100=  -8.12 loss_pi=-0.0113 loss_v=0.4999 |theta_pi|_1=8367.2 |theta_v|_1=4855.2
[ep   3700] ret=  -11.0 MA100=  -6.95 loss_pi=-0.0054 loss_v=0.4999 |theta_pi|_1=8459.8 |theta_v|_1=4855.9
[ep   3800] ret=   -6.0 MA100=  -6.36 loss_pi=-0.0078 loss_v=0.4999 |theta_pi|_1=8552.8 |theta_v|_1=4855.7
[ep   3900] ret=  -13.0 MA100=  -5.66 loss_pi=-0.0036 loss_v=0.4999 |theta_pi|_1=8626.3 |theta_v|_1=4855.7
[ep   4000] ret=   -2.0 MA100=  -6.55 loss_pi=-0.0066 loss_v=0.4999 |theta_pi|_1=8629.1 |theta_v|_1=4855.3
[ep   4100] ret=   -6.0 MA100=  -4.45 loss_pi=-0.0079 loss_v=0.4999 |theta_pi|_1=8693.2 |theta_v|_1=4855.0
[ep   4200] ret=  -11.0 MA100=  -5.14 loss_pi=-0.0120 loss_v=0.4999 |theta_pi|_1=8802.9 |theta_v|_1=4854.7
[ep   4300] ret=    1.0 MA100=  -6.62 loss_pi=-0.0177 loss_v=0.4999 |theta_pi|_1=8843.4 |theta_v|_1=4854.7
[ep   4400] ret=   -8.0 MA100=  -4.91 loss_pi=-0.0134 loss_v=0.4999 |theta_pi|_1=8866.9 |theta_v|_1=4854.7
[ep   4500] ret=   -1.0 MA100=  -4.10 loss_pi=-0.0080 loss_v=0.4999 |theta_pi|_1=8891.4 |theta_v|_1=4854.9
[ep   4600] ret=   -3.0 MA100=  -4.42 loss_pi=-0.0078 loss_v=0.4999 |theta_pi|_1=8961.0 |theta_v|_1=4854.7
[ep   4700] ret=    7.0 MA100=  -5.07 loss_pi=-0.0142 loss_v=0.4999 |theta_pi|_1=9005.2 |theta_v|_1=4854.3
[ep   4800] ret=    8.0 MA100=  -4.24 loss_pi=-0.0132 loss_v=0.4999 |theta_pi|_1=9092.8 |theta_v|_1=4854.2
[ep   4900] ret=   -8.0 MA100=  -4.53 loss_pi=-0.0076 loss_v=0.4999 |theta_pi|_1=9201.8 |theta_v|_1=4854.2
[ep   5000] ret=   -3.0 MA100=  -4.84 loss_pi=-0.0033 loss_v=0.4999 |theta_pi|_1=9303.6 |theta_v|_1=4854.2
[ep   5100] ret=  -10.0 MA100=  -4.47 loss_pi=-0.0015 loss_v=0.4999 |theta_pi|_1=9394.9 |theta_v|_1=4854.2
[ep   5200] ret=   -3.0 MA100=  -4.30 loss_pi=-0.0085 loss_v=0.4999 |theta_pi|_1=9472.5 |theta_v|_1=4854.3
[ep   5300] ret=   -7.0 MA100=  -5.28 loss_pi=-0.0057 loss_v=0.4999 |theta_pi|_1=9525.7 |theta_v|_1=4854.2
[ep   5400] ret=   -7.0 MA100=  -4.07 loss_pi=-0.0017 loss_v=0.4999 |theta_pi|_1=9635.8 |theta_v|_1=4854.2
[ep   5500] ret=    2.0 MA100=  -4.19 loss_pi=-0.0080 loss_v=0.4999 |theta_pi|_1=9727.1 |theta_v|_1=4854.3
[ep   5600] ret=    3.0 MA100=  -4.56 loss_pi=-0.0065 loss_v=0.5000 |theta_pi|_1=9725.2 |theta_v|_1=4854.3
[ep   5700] ret=    2.0 MA100=  -3.72 loss_pi=-0.0072 loss_v=0.4999 |theta_pi|_1=9725.0 |theta_v|_1=4854.5
[ep   5800] ret=  -11.0 MA100=  -2.13 loss_pi=-0.0014 loss_v=0.4999 |theta_pi|_1=9784.0 |theta_v|_1=4854.6
[ep   5900] ret=    4.0 MA100=  -3.18 loss_pi=-0.0061 loss_v=0.4999 |theta_pi|_1=9825.2 |theta_v|_1=4854.4
[ep   6000] ret=   -9.0 MA100=  -4.32 loss_pi=-0.0054 loss_v=0.4999 |theta_pi|_1=9850.9 |theta_v|_1=4854.5
[ep   6100] ret=   -6.0 MA100=  -2.54 loss_pi=-0.0096 loss_v=0.4999 |theta_pi|_1=9914.3 |theta_v|_1=4854.5
[ep   6200] ret=   -7.0 MA100=  -3.94 loss_pi=0.0007 loss_v=0.4999 |theta_pi|_1=9901.9 |theta_v|_1=4854.7
[ep   6300] ret=   -5.0 MA100=  -3.92 loss_pi=-0.0070 loss_v=0.4999 |theta_pi|_1=9979.2 |theta_v|_1=4855.0
[ep   6400] ret=    4.0 MA100=  -2.81 loss_pi=-0.0109 loss_v=0.4999 |theta_pi|_1=10035.6 |theta_v|_1=4855.1
[ep   6500] ret=   -9.0 MA100=  -3.32 loss_pi=-0.0068 loss_v=0.4999 |theta_pi|_1=10099.1 |theta_v|_1=4854.8
[ep   6600] ret=    7.0 MA100=  -3.08 loss_pi=-0.0100 loss_v=0.4999 |theta_pi|_1=10156.8 |theta_v|_1=4854.4
[ep   6700] ret=   -1.0 MA100=  -1.32 loss_pi=-0.0137 loss_v=0.4999 |theta_pi|_1=10165.1 |theta_v|_1=4854.3
[ep   6800] ret=   -5.0 MA100=  -0.84 loss_pi=-0.0059 loss_v=0.4999 |theta_pi|_1=10242.1 |theta_v|_1=4854.5
[ep   6900] ret=  -13.0 MA100=  -3.10 loss_pi=-0.0034 loss_v=0.4999 |theta_pi|_1=10213.2 |theta_v|_1=4854.5
[ep   7000] ret=    4.0 MA100=  -0.82 loss_pi=-0.0045 loss_v=0.4999 |theta_pi|_1=10253.4 |theta_v|_1=4854.4
[ep   7100] ret=    3.0 MA100=  -0.39 loss_pi=-0.0087 loss_v=0.4999 |theta_pi|_1=10344.1 |theta_v|_1=4854.2
[ep   7200] ret=   -3.0 MA100=  -0.74 loss_pi=-0.0104 loss_v=0.4999 |theta_pi|_1=10355.1 |theta_v|_1=4854.1
[ep   7300] ret=   -3.0 MA100=  -0.49 loss_pi=-0.0053 loss_v=0.4999 |theta_pi|_1=10388.3 |theta_v|_1=4854.1
[ep   7400] ret=    4.0 MA100=   0.10 loss_pi=-0.0009 loss_v=0.4999 |theta_pi|_1=10429.5 |theta_v|_1=4854.3
[ep   7500] ret=  -13.0 MA100=  -1.46 loss_pi=-0.0023 loss_v=0.4999 |theta_pi|_1=10444.8 |theta_v|_1=4854.3
[ep   7600] ret=   -3.0 MA100=  -0.64 loss_pi=-0.0036 loss_v=0.4999 |theta_pi|_1=10472.0 |theta_v|_1=4854.2
[ep   7700] ret=    6.0 MA100=  -0.01 loss_pi=-0.0121 loss_v=0.4999 |theta_pi|_1=10548.5 |theta_v|_1=4854.0
[ep   7800] ret=    9.0 MA100=   0.87 loss_pi=-0.0059 loss_v=0.4999 |theta_pi|_1=10652.2 |theta_v|_1=4854.1
[ep   7900] ret=   -9.0 MA100=   1.81 loss_pi=-0.0021 loss_v=0.4999 |theta_pi|_1=10751.7 |theta_v|_1=4853.7
[ep   8000] ret=    2.0 MA100=   2.39 loss_pi=-0.0031 loss_v=0.4999 |theta_pi|_1=10826.1 |theta_v|_1=4853.6
[ep   8100] ret=    2.0 MA100=  -0.23 loss_pi=-0.0072 loss_v=0.4999 |theta_pi|_1=10852.9 |theta_v|_1=4853.7
[ep   8200] ret=   -5.0 MA100=  -0.73 loss_pi=-0.0085 loss_v=0.4999 |theta_pi|_1=10863.7 |theta_v|_1=4853.6
[ep   8300] ret=    6.0 MA100=  -0.64 loss_pi=-0.0040 loss_v=0.4999 |theta_pi|_1=10933.7 |theta_v|_1=4853.6
[ep   8400] ret=   10.0 MA100=   3.87 loss_pi=-0.0080 loss_v=0.4999 |theta_pi|_1=10941.7 |theta_v|_1=4853.9
[ep   8500] ret=   -9.0 MA100=   1.56 loss_pi=-0.0052 loss_v=0.4999 |theta_pi|_1=11000.9 |theta_v|_1=4853.8
[ep   8600] ret=   -7.0 MA100=   1.87 loss_pi=-0.0033 loss_v=0.4999 |theta_pi|_1=11029.0 |theta_v|_1=4853.9
[ep   8700] ret=    3.0 MA100=   2.01 loss_pi=-0.0077 loss_v=0.4999 |theta_pi|_1=11051.9 |theta_v|_1=4853.7
[ep   8800] ret=    3.0 MA100=   0.59 loss_pi=-0.0050 loss_v=0.5000 |theta_pi|_1=11087.3 |theta_v|_1=4853.5
[ep   8900] ret=  -13.0 MA100=   2.27 loss_pi=0.0003 loss_v=0.4999 |theta_pi|_1=11096.6 |theta_v|_1=4853.4
[ep   9000] ret=   -7.0 MA100=   3.13 loss_pi=-0.0072 loss_v=0.4999 |theta_pi|_1=11096.7 |theta_v|_1=4853.4
[ep   9100] ret=   -4.0 MA100=   2.52 loss_pi=-0.0037 loss_v=0.4999 |theta_pi|_1=11185.4 |theta_v|_1=4853.3
[ep   9200] ret=    9.0 MA100=   3.52 loss_pi=-0.0060 loss_v=0.4999 |theta_pi|_1=11235.7 |theta_v|_1=4853.3
[ep   9300] ret=    1.0 MA100=  -0.05 loss_pi=-0.0115 loss_v=0.4999 |theta_pi|_1=11263.1 |theta_v|_1=4853.3
[ep   9400] ret=   15.0 MA100=   0.99 loss_pi=-0.0089 loss_v=0.4999 |theta_pi|_1=11311.3 |theta_v|_1=4853.3
[ep   9500] ret=   -3.0 MA100=   1.38 loss_pi=-0.0056 loss_v=0.4999 |theta_pi|_1=11354.9 |theta_v|_1=4853.5
[ep   9600] ret=    3.0 MA100=   2.04 loss_pi=-0.0087 loss_v=0.4999 |theta_pi|_1=11415.3 |theta_v|_1=4853.5
[ep   9700] ret=   -3.0 MA100=   1.06 loss_pi=-0.0059 loss_v=0.4999 |theta_pi|_1=11449.8 |theta_v|_1=4853.5
[ep   9800] ret=    6.0 MA100=   2.04 loss_pi=-0.0025 loss_v=0.4999 |theta_pi|_1=11540.3 |theta_v|_1=4853.4
[ep   9900] ret=    8.0 MA100=   1.52 loss_pi=-0.0051 loss_v=0.4999 |theta_pi|_1=11578.4 |theta_v|_1=4853.6
[ep  10000] ret=    1.0 MA100=   0.92 loss_pi=-0.0002 loss_v=0.4999 |theta_pi|_1=11598.4 |theta_v|_1=4853.5
[ep  10100] ret=    9.0 MA100=   2.46 loss_pi=-0.0067 loss_v=0.4999 |theta_pi|_1=11673.3 |theta_v|_1=4853.5
[ep  10200] ret=    6.0 MA100=   3.39 loss_pi=-0.0023 loss_v=0.4999 |theta_pi|_1=11739.5 |theta_v|_1=4853.4
[ep  10300] ret=   -1.0 MA100=   2.27 loss_pi=-0.0034 loss_v=0.5000 |theta_pi|_1=11771.1 |theta_v|_1=4853.4
[ep  10400] ret=   12.0 MA100=   2.08 loss_pi=-0.0050 loss_v=0.4999 |theta_pi|_1=11806.3 |theta_v|_1=4853.5
[ep  10500] ret=   -7.0 MA100=   2.08 loss_pi=-0.0043 loss_v=0.4999 |theta_pi|_1=11811.5 |theta_v|_1=4853.6
[ep  10600] ret=   -1.0 MA100=   1.56 loss_pi=-0.0033 loss_v=0.4999 |theta_pi|_1=11866.3 |theta_v|_1=4853.6
[ep  10700] ret=   -7.0 MA100=   3.29 loss_pi=-0.0047 loss_v=0.4999 |theta_pi|_1=11878.6 |theta_v|_1=4853.6
[ep  10800] ret=  -11.0 MA100=   2.63 loss_pi=-0.0045 loss_v=0.4999 |theta_pi|_1=11900.5 |theta_v|_1=4853.5
[ep  10900] ret=   -6.0 MA100=   1.27 loss_pi=-0.0034 loss_v=0.4999 |theta_pi|_1=11921.6 |theta_v|_1=4853.4
[ep  11000] ret=   -1.0 MA100=   2.29 loss_pi=-0.0081 loss_v=0.5000 |theta_pi|_1=11930.0 |theta_v|_1=4853.3
[ep  11100] ret=   -5.0 MA100=   1.53 loss_pi=-0.0093 loss_v=0.4999 |theta_pi|_1=12007.7 |theta_v|_1=4853.3
[ep  11200] ret=    7.0 MA100=   3.01 loss_pi=-0.0045 loss_v=0.4999 |theta_pi|_1=12039.1 |theta_v|_1=4853.5
[ep  11300] ret=   -8.0 MA100=   2.67 loss_pi=-0.0020 loss_v=0.4999 |theta_pi|_1=12063.8 |theta_v|_1=4853.4
[ep  11400] ret=    8.0 MA100=   2.38 loss_pi=-0.0039 loss_v=0.4999 |theta_pi|_1=12105.3 |theta_v|_1=4853.4
[ep  11500] ret=    8.0 MA100=   3.12 loss_pi=-0.0044 loss_v=0.4999 |theta_pi|_1=12160.8 |theta_v|_1=4853.5
[ep  11600] ret=    7.0 MA100=   2.35 loss_pi=-0.0018 loss_v=0.4999 |theta_pi|_1=12194.5 |theta_v|_1=4853.5
[ep  11700] ret=    1.0 MA100=   2.89 loss_pi=-0.0001 loss_v=0.4999 |theta_pi|_1=12180.4 |theta_v|_1=4853.3
[ep  11800] ret=    7.0 MA100=   3.01 loss_pi=-0.0059 loss_v=0.4999 |theta_pi|_1=12212.5 |theta_v|_1=4853.3
[ep  11900] ret=    2.0 MA100=   3.47 loss_pi=0.0052 loss_v=0.4999 |theta_pi|_1=12278.0 |theta_v|_1=4853.2
[ep  12000] ret=    2.0 MA100=   2.66 loss_pi=-0.0026 loss_v=0.4999 |theta_pi|_1=12269.7 |theta_v|_1=4853.2
[ep  12100] ret=   -5.0 MA100=   3.43 loss_pi=0.0012 loss_v=0.4999 |theta_pi|_1=12251.1 |theta_v|_1=4853.2
[ep  12200] ret=   -1.0 MA100=   3.40 loss_pi=-0.0032 loss_v=0.4999 |theta_pi|_1=12323.9 |theta_v|_1=4853.2
[ep  12300] ret=    4.0 MA100=   2.04 loss_pi=-0.0063 loss_v=0.4999 |theta_pi|_1=12364.5 |theta_v|_1=4853.1
[ep  12400] ret=    3.0 MA100=   2.59 loss_pi=-0.0043 loss_v=0.4999 |theta_pi|_1=12437.3 |theta_v|_1=4853.2
[ep  12500] ret=   12.0 MA100=   3.83 loss_pi=-0.0018 loss_v=0.4999 |theta_pi|_1=12522.4 |theta_v|_1=4853.2
[ep  12600] ret=    3.0 MA100=   2.82 loss_pi=-0.0017 loss_v=0.4999 |theta_pi|_1=12546.2 |theta_v|_1=4853.3
[ep  12700] ret=    8.0 MA100=   3.71 loss_pi=-0.0019 loss_v=0.4999 |theta_pi|_1=12571.7 |theta_v|_1=4853.4
[ep  12800] ret=   10.0 MA100=   1.81 loss_pi=-0.0080 loss_v=0.4999 |theta_pi|_1=12596.9 |theta_v|_1=4853.3
[ep  12900] ret=   -2.0 MA100=   2.54 loss_pi=-0.0001 loss_v=0.4999 |theta_pi|_1=12644.6 |theta_v|_1=4853.2
[ep  13000] ret=   -1.0 MA100=   3.50 loss_pi=-0.0025 loss_v=0.4999 |theta_pi|_1=12709.7 |theta_v|_1=4853.1
[ep  13100] ret=   -3.0 MA100=   2.34 loss_pi=-0.0044 loss_v=0.4999 |theta_pi|_1=12781.4 |theta_v|_1=4853.2
[ep  13200] ret=   -2.0 MA100=   3.51 loss_pi=-0.0015 loss_v=0.4999 |theta_pi|_1=12806.2 |theta_v|_1=4853.2
[ep  13300] ret=    4.0 MA100=   2.60 loss_pi=-0.0007 loss_v=0.4999 |theta_pi|_1=12810.8 |theta_v|_1=4853.3
[ep  13400] ret=    7.0 MA100=   1.53 loss_pi=-0.0037 loss_v=0.4999 |theta_pi|_1=12884.4 |theta_v|_1=4853.3
[ep  13500] ret=    3.0 MA100=   1.76 loss_pi=-0.0010 loss_v=0.4999 |theta_pi|_1=12935.0 |theta_v|_1=4853.3
[ep  13600] ret=    8.0 MA100=   3.44 loss_pi=-0.0015 loss_v=0.4999 |theta_pi|_1=12979.3 |theta_v|_1=4853.2
[ep  13700] ret=    7.0 MA100=   3.52 loss_pi=-0.0040 loss_v=0.4999 |theta_pi|_1=12999.7 |theta_v|_1=4853.2
[ep  13800] ret=    7.0 MA100=   2.89 loss_pi=-0.0042 loss_v=0.4999 |theta_pi|_1=13018.3 |theta_v|_1=4853.3
[ep  13900] ret=   12.0 MA100=   2.78 loss_pi=-0.0017 loss_v=0.4999 |theta_pi|_1=13026.5 |theta_v|_1=4853.3
[ep  14000] ret=   -3.0 MA100=   3.04 loss_pi=-0.0020 loss_v=0.4999 |theta_pi|_1=13099.5 |theta_v|_1=4853.5
[ep  14100] ret=    8.0 MA100=   3.23 loss_pi=-0.0042 loss_v=0.4999 |theta_pi|_1=13102.1 |theta_v|_1=4853.6
[ep  14200] ret=   -4.0 MA100=   3.76 loss_pi=-0.0029 loss_v=0.4999 |theta_pi|_1=13146.9 |theta_v|_1=4853.6
[ep  14300] ret=   -3.0 MA100=   4.42 loss_pi=-0.0083 loss_v=0.4999 |theta_pi|_1=13178.8 |theta_v|_1=4853.7
[ep  14400] ret=    3.0 MA100=   3.73 loss_pi=-0.0005 loss_v=0.4999 |theta_pi|_1=13184.3 |theta_v|_1=4853.8
[ep  14500] ret=   12.0 MA100=   3.38 loss_pi=-0.0058 loss_v=0.4999 |theta_pi|_1=13211.2 |theta_v|_1=4854.0
[ep  14600] ret=    9.0 MA100=   2.36 loss_pi=-0.0048 loss_v=0.4999 |theta_pi|_1=13217.5 |theta_v|_1=4853.7
[ep  14700] ret=    9.0 MA100=   1.31 loss_pi=-0.0043 loss_v=0.4999 |theta_pi|_1=13213.4 |theta_v|_1=4853.7
[ep  14800] ret=   16.0 MA100=   1.89 loss_pi=-0.0045 loss_v=0.4999 |theta_pi|_1=13266.3 |theta_v|_1=4853.7
[ep  14900] ret=    6.0 MA100=   3.43 loss_pi=-0.0049 loss_v=0.4999 |theta_pi|_1=13296.8 |theta_v|_1=4853.7
[ep  15000] ret=   12.0 MA100=   3.34 loss_pi=0.0007 loss_v=0.4999 |theta_pi|_1=13329.2 |theta_v|_1=4853.7
[ep  15100] ret=   -4.0 MA100=   2.92 loss_pi=-0.0042 loss_v=0.4999 |theta_pi|_1=13331.6 |theta_v|_1=4853.7
[ep  15200] ret=    8.0 MA100=   3.89 loss_pi=-0.0053 loss_v=0.4999 |theta_pi|_1=13364.9 |theta_v|_1=4853.8
[ep  15300] ret=    6.0 MA100=   3.65 loss_pi=-0.0025 loss_v=0.4999 |theta_pi|_1=13408.6 |theta_v|_1=4853.6
[ep  15400] ret=   12.0 MA100=   3.24 loss_pi=-0.0027 loss_v=0.4999 |theta_pi|_1=13434.1 |theta_v|_1=4853.7
[ep  15500] ret=   -3.0 MA100=   3.95 loss_pi=-0.0045 loss_v=0.4999 |theta_pi|_1=13447.4 |theta_v|_1=4853.5
[ep  15600] ret=   11.0 MA100=   4.90 loss_pi=-0.0041 loss_v=0.4999 |theta_pi|_1=13456.3 |theta_v|_1=4853.5
[ep  15700] ret=    5.0 MA100=   4.08 loss_pi=-0.0007 loss_v=0.4999 |theta_pi|_1=13488.4 |theta_v|_1=4853.7
[ep  15800] ret=    5.0 MA100=   2.32 loss_pi=-0.0067 loss_v=0.4999 |theta_pi|_1=13504.1 |theta_v|_1=4853.6
[ep  15900] ret=   11.0 MA100=   3.56 loss_pi=-0.0043 loss_v=0.4999 |theta_pi|_1=13540.9 |theta_v|_1=4853.5
[ep  16000] ret=  -13.0 MA100=   3.29 loss_pi=-0.0022 loss_v=0.4999 |theta_pi|_1=13561.6 |theta_v|_1=4853.4
[ep  16100] ret=    6.0 MA100=   3.03 loss_pi=-0.0042 loss_v=0.4999 |theta_pi|_1=13597.2 |theta_v|_1=4853.3
[ep  16200] ret=   -3.0 MA100=   3.69 loss_pi=-0.0032 loss_v=0.4999 |theta_pi|_1=13604.0 |theta_v|_1=4853.4
[ep  16300] ret=    5.0 MA100=   1.70 loss_pi=-0.0008 loss_v=0.4999 |theta_pi|_1=13641.5 |theta_v|_1=4853.4
[ep  16400] ret=    3.0 MA100=   2.19 loss_pi=-0.0062 loss_v=0.4999 |theta_pi|_1=13662.4 |theta_v|_1=4853.3
[ep  16500] ret=    4.0 MA100=   2.85 loss_pi=-0.0045 loss_v=0.4999 |theta_pi|_1=13706.8 |theta_v|_1=4853.2
[ep  16600] ret=    9.0 MA100=   3.53 loss_pi=-0.0005 loss_v=0.4999 |theta_pi|_1=13715.9 |theta_v|_1=4853.1
[ep  16700] ret=    9.0 MA100=   4.11 loss_pi=-0.0023 loss_v=0.4999 |theta_pi|_1=13805.4 |theta_v|_1=4853.2
[ep  16800] ret=   17.0 MA100=   4.32 loss_pi=-0.0035 loss_v=0.4999 |theta_pi|_1=13882.8 |theta_v|_1=4853.2
[ep  16900] ret=   -6.0 MA100=   3.65 loss_pi=0.0003 loss_v=0.4999 |theta_pi|_1=13946.4 |theta_v|_1=4853.3
[ep  17000] ret=   -3.0 MA100=   3.46 loss_pi=-0.0045 loss_v=0.4999 |theta_pi|_1=13969.1 |theta_v|_1=4853.3
[ep  17100] ret=    8.0 MA100=   3.19 loss_pi=-0.0027 loss_v=0.4999 |theta_pi|_1=14037.5 |theta_v|_1=4853.3
[ep  17200] ret=    3.0 MA100=   3.46 loss_pi=-0.0018 loss_v=0.4999 |theta_pi|_1=14027.0 |theta_v|_1=4853.4
[ep  17300] ret=    6.0 MA100=   4.89 loss_pi=-0.0021 loss_v=0.4999 |theta_pi|_1=14016.5 |theta_v|_1=4853.4
[ep  17400] ret=    5.0 MA100=   2.80 loss_pi=-0.0025 loss_v=0.4999 |theta_pi|_1=14030.2 |theta_v|_1=4853.6
[ep  17500] ret=    7.0 MA100=   4.53 loss_pi=-0.0027 loss_v=0.4999 |theta_pi|_1=14073.1 |theta_v|_1=4853.6
[ep  17600] ret=    7.0 MA100=   4.72 loss_pi=-0.0029 loss_v=0.4999 |theta_pi|_1=14110.4 |theta_v|_1=4853.6
[ep  17700] ret=    6.0 MA100=   3.68 loss_pi=-0.0027 loss_v=0.4999 |theta_pi|_1=14148.2 |theta_v|_1=4853.6
[ep  17800] ret=   12.0 MA100=   3.57 loss_pi=-0.0050 loss_v=0.4999 |theta_pi|_1=14189.7 |theta_v|_1=4853.8
[ep  17900] ret=    8.0 MA100=   4.04 loss_pi=-0.0060 loss_v=0.4999 |theta_pi|_1=14239.7 |theta_v|_1=4853.7
[ep  18000] ret=   -8.0 MA100=   3.53 loss_pi=-0.0034 loss_v=0.5000 |theta_pi|_1=14233.4 |theta_v|_1=4853.9
[ep  18100] ret=   -5.0 MA100=   3.72 loss_pi=-0.0057 loss_v=0.4999 |theta_pi|_1=14242.6 |theta_v|_1=4853.7
[ep  18200] ret=   14.0 MA100=   3.06 loss_pi=-0.0024 loss_v=0.4999 |theta_pi|_1=14250.2 |theta_v|_1=4853.5
[ep  18300] ret=    2.0 MA100=   4.10 loss_pi=-0.0037 loss_v=0.4999 |theta_pi|_1=14308.6 |theta_v|_1=4853.3
[ep  18400] ret=    1.0 MA100=   4.52 loss_pi=0.0029 loss_v=0.4999 |theta_pi|_1=14263.4 |theta_v|_1=4853.5
[ep  18500] ret=   -2.0 MA100=   3.59 loss_pi=-0.0043 loss_v=0.5000 |theta_pi|_1=14267.5 |theta_v|_1=4853.4
[ep  18600] ret=    7.0 MA100=   3.88 loss_pi=-0.0083 loss_v=0.4999 |theta_pi|_1=14283.4 |theta_v|_1=4853.5
[ep  18700] ret=    4.0 MA100=   4.15 loss_pi=-0.0054 loss_v=0.4999 |theta_pi|_1=14348.3 |theta_v|_1=4853.4
[ep  18800] ret=    7.0 MA100=   3.90 loss_pi=-0.0031 loss_v=0.4999 |theta_pi|_1=14380.2 |theta_v|_1=4853.4
[ep  18900] ret=   11.0 MA100=   4.35 loss_pi=-0.0042 loss_v=0.4999 |theta_pi|_1=14428.0 |theta_v|_1=4853.3
[ep  19000] ret=   -1.0 MA100=   4.70 loss_pi=-0.0041 loss_v=0.4999 |theta_pi|_1=14408.8 |theta_v|_1=4853.4
[ep  19100] ret=   13.0 MA100=   4.80 loss_pi=-0.0060 loss_v=0.4999 |theta_pi|_1=14419.3 |theta_v|_1=4853.5
[ep  19200] ret=    1.0 MA100=   3.79 loss_pi=-0.0063 loss_v=0.4999 |theta_pi|_1=14526.8 |theta_v|_1=4853.3
[ep  19300] ret=    4.0 MA100=   4.14 loss_pi=0.0005 loss_v=0.4999 |theta_pi|_1=14574.5 |theta_v|_1=4853.3
[ep  19400] ret=    1.0 MA100=   4.70 loss_pi=-0.0023 loss_v=0.4999 |theta_pi|_1=14622.1 |theta_v|_1=4853.3
[ep  19500] ret=    4.0 MA100=   5.00 loss_pi=-0.0022 loss_v=0.4999 |theta_pi|_1=14663.1 |theta_v|_1=4853.2
[ep  19600] ret=    3.0 MA100=   4.06 loss_pi=-0.0029 loss_v=0.4999 |theta_pi|_1=14660.7 |theta_v|_1=4853.2
[ep  19700] ret=    1.0 MA100=   3.82 loss_pi=-0.0032 loss_v=0.4999 |theta_pi|_1=14682.3 |theta_v|_1=4853.2
[ep  19800] ret=   12.0 MA100=   3.41 loss_pi=-0.0029 loss_v=0.4999 |theta_pi|_1=14661.6 |theta_v|_1=4853.1
[ep  19900] ret=   -5.0 MA100=   4.14 loss_pi=0.0003 loss_v=0.4999 |theta_pi|_1=14687.7 |theta_v|_1=4853.0
[ep  20000] ret=    9.0 MA100=   3.57 loss_pi=-0.0021 loss_v=0.4999 |theta_pi|_1=14731.4 |theta_v|_1=4853.0
