nohup: ignoring input
[device] CUDA build 12.8 | NVIDIA RTX A6000 | capability (8, 6)
Using device: cuda
A.L.E: Arcade Learning Environment (version 0.11.2+ecc1138)
[Powered by Stella]
[init] |theta|_1=4866.58
[ep      1] loss=-1.443575e-03
[ep      1] ret=  -21.0  MA100= -21.00  loss=-0.0014  |theta|_1=4866.6
[ep      2] loss=1.104556e-03
[ep      3] loss=9.022902e-04
[ep      4] loss=2.468974e-04
[ep      5] loss=-2.442235e-04
[ep      6] loss=-1.853297e-04
[ep      7] loss=-4.062781e-04
[ep      8] loss=-9.497715e-04
[ep      9] loss=6.937245e-04
[ep     10] loss=-1.288803e-03
[ep     11] loss=2.880571e-04
[ep     12] loss=-6.221586e-04
[ep     13] loss=3.262536e-05
[ep     14] loss=-1.479263e-03
[ep     15] loss=-2.893802e-03
[ep     16] loss=-4.980205e-03
[ep     17] loss=2.282768e-03
[ep     18] loss=-4.604565e-03
[ep     19] loss=7.111580e-04
[ep     20] loss=-4.165754e-03
[ep     21] loss=8.042913e-04
[ep     22] loss=5.429076e-03
[ep     23] loss=-7.622587e-04
[ep     24] loss=-1.449849e-03
[ep     25] loss=-5.374264e-03
[ep     26] loss=2.434967e-03
[ep     27] loss=-1.574885e-03
[ep     28] loss=5.936238e-04
[ep     29] loss=5.135641e-03
[ep     30] loss=3.390476e-03
[ep     31] loss=-3.763318e-03
[ep     32] loss=-4.666411e-03
[ep     33] loss=1.854693e-03
[ep     34] loss=1.441367e-03
[ep     35] loss=-2.201112e-03
[ep     36] loss=4.533438e-03
[ep     37] loss=7.844127e-03
[ep     38] loss=5.610805e-03
[ep     39] loss=4.698385e-03
[ep     40] loss=-2.822677e-03
[ep     41] loss=3.759886e-03
[ep     42] loss=-3.654703e-03
[ep     43] loss=-1.901371e-03
[ep     44] loss=6.148257e-03
[ep     45] loss=-4.742142e-04
[ep     46] loss=-5.334985e-03
[ep     47] loss=-5.745531e-03
[ep     48] loss=-5.345814e-03
[ep     49] loss=5.278272e-03
[ep     50] loss=3.249154e-03
[ep     51] loss=-1.153831e-03
[ep     52] loss=1.476823e-03
[ep     53] loss=2.491191e-03
[ep     54] loss=-7.476583e-03
[ep     55] loss=-3.006394e-03
[ep     56] loss=1.965557e-03
[ep     57] loss=3.133854e-03
[ep     58] loss=7.018150e-04
[ep     59] loss=1.654427e-03
[ep     60] loss=-4.822301e-04
[ep     61] loss=-4.689299e-04
[ep     62] loss=-6.777517e-03
[ep     63] loss=-2.311517e-03
[ep     64] loss=-1.311968e-03
[ep     65] loss=4.121382e-05
[ep     66] loss=1.510588e-03
[ep     67] loss=1.044971e-03
[ep     68] loss=4.164841e-03
[ep     69] loss=3.388682e-03
[ep     70] loss=-7.365487e-03
[ep     71] loss=9.163062e-05
[ep     72] loss=4.399541e-03
[ep     73] loss=-1.206255e-03
[ep     74] loss=3.896856e-03
[ep     75] loss=-1.468647e-03
[ep     76] loss=-5.849817e-03
[ep     77] loss=-1.590224e-03
[ep     78] loss=-1.451785e-03
[ep     79] loss=2.833130e-03
[ep     80] loss=-1.222352e-03
[ep     81] loss=6.626095e-04
[ep     82] loss=2.575275e-03
[ep     83] loss=-8.587783e-04
[ep     84] loss=1.106034e-03
[ep     85] loss=7.330236e-05
[ep     86] loss=8.804885e-04
[ep     87] loss=-2.517636e-03
[ep     88] loss=6.755097e-03
[ep     89] loss=5.473108e-03
[ep     90] loss=-3.368655e-04
[ep     91] loss=3.146641e-03
[ep     92] loss=-2.549785e-03
[ep     93] loss=-8.924728e-04
[ep     94] loss=1.218142e-03
[ep     95] loss=2.446519e-03
[ep     96] loss=2.659611e-03
[ep     97] loss=1.424562e-03
[ep     98] loss=-3.687127e-03
[ep     99] loss=-2.576633e-03
[ep    100] loss=1.911922e-03
[ep    100] ret=  -21.0  MA100= -20.41  loss=0.0019  |theta|_1=4870.9
[ep    101] loss=-2.480412e-03
[ep    102] loss=-2.267461e-03
[ep    103] loss=1.615068e-03
[ep    104] loss=-1.955739e-03
[ep    105] loss=5.066442e-03
[ep    106] loss=-3.637436e-03
[ep    107] loss=-6.377422e-04
[ep    108] loss=-8.800753e-04
[ep    109] loss=1.234701e-04
[ep    110] loss=5.478338e-03
[ep    111] loss=4.123532e-04
[ep    112] loss=7.278210e-04
[ep    113] loss=-1.931969e-03
[ep    114] loss=-3.270845e-03
[ep    115] loss=-2.431143e-03
[ep    116] loss=1.576303e-03
[ep    117] loss=4.290697e-04
[ep    118] loss=-4.087736e-04
[ep    119] loss=2.780495e-03
[ep    120] loss=-6.618607e-04
[ep    121] loss=-1.059545e-03
[ep    122] loss=1.805304e-03
[ep    123] loss=1.028989e-03
[ep    124] loss=-1.329884e-04
[ep    125] loss=1.691231e-03
[ep    126] loss=4.489794e-04
[ep    127] loss=7.625741e-04
[ep    128] loss=-8.596385e-04
[ep    129] loss=-2.909903e-03
[ep    130] loss=-1.767841e-03
[ep    131] loss=-1.276309e-03
[ep    132] loss=-6.133657e-04
[ep    133] loss=4.202005e-03
[ep    134] loss=-2.224865e-03
[ep    135] loss=9.913893e-04
[ep    136] loss=2.555619e-03
[ep    137] loss=-1.597752e-03
[ep    138] loss=1.837030e-03
[ep    139] loss=-5.019260e-03
[ep    140] loss=-3.381867e-03
[ep    141] loss=-8.185372e-03
[ep    142] loss=1.932221e-03
[ep    143] loss=-1.290827e-03
[ep    144] loss=7.166871e-03
[ep    145] loss=1.284780e-03
[ep    146] loss=-2.041013e-03
[ep    147] loss=-4.185363e-05
[ep    148] loss=1.454656e-03
[ep    149] loss=-5.180825e-04
[ep    150] loss=-8.131597e-04
[ep    151] loss=-1.156654e-03
[ep    152] loss=-9.050708e-04
[ep    153] loss=2.187310e-03
[ep    154] loss=-3.522535e-03
[ep    155] loss=-2.499516e-03
[ep    156] loss=4.461448e-03
[ep    157] loss=3.224680e-03
[ep    158] loss=9.264533e-04
[ep    159] loss=3.202311e-03
[ep    160] loss=-8.339865e-04
[ep    161] loss=5.232816e-04
[ep    162] loss=2.302600e-03
[ep    163] loss=-1.694780e-03
[ep    164] loss=3.033004e-03
[ep    165] loss=1.872910e-03
[ep    166] loss=3.923386e-04
[ep    167] loss=6.097595e-04
[ep    168] loss=3.441980e-03
[ep    169] loss=4.645505e-04
[ep    170] loss=-1.057699e-03
[ep    171] loss=-1.391568e-04
[ep    172] loss=-2.902304e-03
[ep    173] loss=-7.910513e-04
[ep    174] loss=-2.248569e-03
[ep    175] loss=4.211587e-03
[ep    176] loss=1.488027e-03
[ep    177] loss=-5.233082e-05
[ep    178] loss=1.426668e-03
[ep    179] loss=1.195698e-03
[ep    180] loss=-1.716473e-03
[ep    181] loss=1.457126e-03
[ep    182] loss=3.657577e-04
[ep    183] loss=-4.680381e-04
[ep    184] loss=8.616670e-04
[ep    185] loss=2.011571e-03
[ep    186] loss=-2.372577e-04
[ep    187] loss=-2.258521e-03
[ep    188] loss=-5.055630e-04
[ep    189] loss=8.848502e-04
[ep    190] loss=-3.090076e-03
[ep    191] loss=-2.029185e-03
[ep    192] loss=1.427059e-03
[ep    193] loss=-6.538103e-04
[ep    194] loss=-3.534725e-03
[ep    195] loss=-1.102085e-03
[ep    196] loss=1.503286e-04
[ep    197] loss=-1.716883e-03
[ep    198] loss=2.174007e-03
[ep    199] loss=2.066700e-03
[ep    200] loss=-8.900315e-04
[ep    200] ret=  -21.0  MA100= -20.31  loss=-0.0009  |theta|_1=4878.6
[ep    201] loss=-5.157763e-03
[ep    202] loss=-2.870272e-05
[ep    203] loss=4.543625e-04
[ep    204] loss=5.678476e-04
[ep    205] loss=5.252951e-04
[ep    206] loss=-2.773662e-03
[ep    207] loss=-2.454495e-03
[ep    208] loss=8.196761e-04
[ep    209] loss=-9.659908e-05
[ep    210] loss=-1.373551e-04
[ep    211] loss=-1.086006e-03
[ep    212] loss=2.831953e-03
[ep    213] loss=3.787046e-04
[ep    214] loss=-4.207393e-04
[ep    215] loss=1.585842e-03
[ep    216] loss=-2.458510e-03
[ep    217] loss=-8.785521e-04
[ep    218] loss=-2.997377e-03
[ep    219] loss=1.117703e-03
[ep    220] loss=-2.037664e-03
[ep    221] loss=-2.411691e-03
[ep    222] loss=-2.536301e-03
[ep    223] loss=3.287227e-04
[ep    224] loss=2.601373e-04
[ep    225] loss=-4.069879e-03
[ep    226] loss=-2.299164e-03
[ep    227] loss=2.381693e-03
[ep    228] loss=1.860401e-03
[ep    229] loss=-4.484422e-03
[ep    230] loss=-1.252383e-03
[ep    231] loss=5.623974e-03
[ep    232] loss=2.251256e-03
[ep    233] loss=4.902609e-03
[ep    234] loss=-1.597478e-03
[ep    235] loss=4.680505e-03
[ep    236] loss=1.680697e-03
[ep    237] loss=-5.097211e-03
[ep    238] loss=-5.185235e-03
[ep    239] loss=8.409288e-05
[ep    240] loss=-2.701013e-04
[ep    241] loss=-1.605040e-03
[ep    242] loss=-3.884956e-03
[ep    243] loss=2.303222e-03
[ep    244] loss=-2.819408e-03
[ep    245] loss=-5.826614e-04
[ep    246] loss=-5.217280e-03
[ep    247] loss=4.328973e-04
[ep    248] loss=-1.946552e-03
[ep    249] loss=-4.196764e-03
[ep    250] loss=6.532094e-03
[ep    251] loss=1.449469e-03
[ep    252] loss=3.483453e-03
[ep    253] loss=9.954704e-04
[ep    254] loss=-6.332246e-04
[ep    255] loss=1.221520e-04
[ep    256] loss=2.890533e-03
[ep    257] loss=-1.177058e-03
[ep    258] loss=1.322946e-03
[ep    259] loss=3.309023e-03
[ep    260] loss=-6.930510e-04
[ep    261] loss=5.444429e-04
[ep    262] loss=3.116857e-03
[ep    263] loss=5.038717e-03
[ep    264] loss=-4.397219e-04
[ep    265] loss=8.504096e-04
[ep    266] loss=-1.060544e-03
[ep    267] loss=-2.075326e-04
[ep    268] loss=-2.792959e-03
[ep    269] loss=2.703563e-03
[ep    270] loss=-7.804484e-04
[ep    271] loss=3.064761e-03
[ep    272] loss=2.580949e-03
[ep    273] loss=3.231598e-03
[ep    274] loss=1.128525e-03
[ep    275] loss=-1.032439e-03
[ep    276] loss=1.725276e-05
[ep    277] loss=-6.497780e-04
[ep    278] loss=-1.098582e-03
[ep    279] loss=-2.142126e-03
[ep    280] loss=-1.691994e-03
[ep    281] loss=-2.868191e-03
[ep    282] loss=-1.609559e-04
[ep    283] loss=-6.827795e-04
[ep    284] loss=-1.424083e-03
[ep    285] loss=-1.685599e-04
[ep    286] loss=-5.885650e-04
[ep    287] loss=-9.943832e-05
[ep    288] loss=-8.812461e-04
[ep    289] loss=6.790343e-04
[ep    290] loss=-2.085158e-03
[ep    291] loss=-9.359263e-05
[ep    292] loss=-9.714936e-04
[ep    293] loss=1.222123e-03
[ep    294] loss=-3.983385e-03
[ep    295] loss=-3.151965e-04
[ep    296] loss=3.812237e-06
[ep    297] loss=-9.622899e-04
[ep    298] loss=-4.878264e-03
[ep    299] loss=-3.600739e-03
[ep    300] loss=-7.963332e-05
[ep    300] ret=  -21.0  MA100= -20.38  loss=-0.0001  |theta|_1=4902.3
[ep    301] loss=-9.914814e-05
[ep    302] loss=2.076831e-03
[ep    303] loss=3.789459e-04
[ep    304] loss=1.335790e-03
[ep    305] loss=4.192772e-04
[ep    306] loss=6.571474e-04
[ep    307] loss=2.348687e-03
[ep    308] loss=-2.542144e-03
[ep    309] loss=4.114589e-04
[ep    310] loss=1.027905e-03
[ep    311] loss=-3.894417e-03
[ep    312] loss=-8.995901e-04
[ep    313] loss=1.302101e-03
[ep    314] loss=4.870699e-04
[ep    315] loss=1.884927e-03
[ep    316] loss=1.953610e-03
[ep    317] loss=-1.845826e-04
[ep    318] loss=-2.063064e-03
[ep    319] loss=-5.613176e-03
[ep    320] loss=-4.238501e-03
[ep    321] loss=1.865818e-03
[ep    322] loss=-4.178687e-03
[ep    323] loss=-9.186221e-04
[ep    324] loss=1.835162e-03
[ep    325] loss=1.324802e-04
[ep    326] loss=1.181523e-03
[ep    327] loss=-3.532543e-03
[ep    328] loss=1.053705e-03
[ep    329] loss=-2.586285e-03
[ep    330] loss=-7.200639e-04
[ep    331] loss=8.404470e-04
[ep    332] loss=1.171719e-03
[ep    333] loss=2.227185e-03
[ep    334] loss=5.599135e-04
[ep    335] loss=3.797015e-04
[ep    336] loss=1.509614e-03
[ep    337] loss=-8.563955e-04
[ep    338] loss=-3.092255e-03
[ep    339] loss=-1.806576e-03
[ep    340] loss=-4.290039e-04
[ep    341] loss=-1.401947e-03
[ep    342] loss=-2.714457e-03
[ep    343] loss=2.211835e-04
[ep    344] loss=9.644417e-04
[ep    345] loss=-7.131006e-03
[ep    346] loss=7.752510e-04
[ep    347] loss=4.451003e-04
[ep    348] loss=-5.459525e-04
[ep    349] loss=1.882513e-03
[ep    350] loss=-4.171749e-04
[ep    351] loss=2.898636e-03
[ep    352] loss=1.932024e-03
[ep    353] loss=1.452512e-03
[ep    354] loss=-1.241176e-04
[ep    355] loss=-1.311869e-03
[ep    356] loss=-1.928523e-03
[ep    357] loss=-3.296430e-04
[ep    358] loss=-4.355075e-03
[ep    359] loss=-4.894388e-03
[ep    360] loss=3.267048e-03
[ep    361] loss=6.850670e-04
[ep    362] loss=-2.117942e-03
[ep    363] loss=1.927622e-04
[ep    364] loss=-2.843374e-03
[ep    365] loss=-2.995653e-03
[ep    366] loss=-1.713891e-03
[ep    367] loss=-9.834779e-04
[ep    368] loss=-2.351288e-03
[ep    369] loss=2.640170e-03
[ep    370] loss=-5.920722e-03
[ep    371] loss=-1.670322e-04
[ep    372] loss=5.143254e-03
[ep    373] loss=-7.478424e-03
[ep    374] loss=-1.935661e-03
[ep    375] loss=-1.283682e-03
[ep    376] loss=3.975357e-04
[ep    377] loss=-1.517524e-03
[ep    378] loss=3.598534e-04
[ep    379] loss=7.256443e-04
[ep    380] loss=2.750355e-03
[ep    381] loss=-2.209259e-03
[ep    382] loss=-1.096918e-04
[ep    383] loss=-1.974549e-03
[ep    384] loss=-1.663995e-03
[ep    385] loss=-6.187683e-04
[ep    386] loss=2.703879e-03
[ep    387] loss=-3.628883e-03
[ep    388] loss=5.649871e-04
[ep    389] loss=-3.296832e-04
[ep    390] loss=-1.377428e-03
[ep    391] loss=2.362398e-04
[ep    392] loss=-1.571901e-03
[ep    393] loss=2.576895e-04
[ep    394] loss=-2.756611e-03
[ep    395] loss=-1.849278e-04
[ep    396] loss=-1.506374e-05
[ep    397] loss=-9.118026e-04
[ep    398] loss=1.262554e-03
[ep    399] loss=1.177846e-03
[ep    400] loss=-4.108134e-03
[ep    400] ret=  -20.0  MA100= -20.23  loss=-0.0041  |theta|_1=4940.9
[ep    401] loss=-2.552262e-03
[ep    402] loss=-2.814722e-03
[ep    403] loss=-1.415500e-03
[ep    404] loss=-1.964578e-03
[ep    405] loss=-5.290117e-03
[ep    406] loss=9.210793e-04
[ep    407] loss=1.185655e-03
[ep    408] loss=-2.325786e-03
[ep    409] loss=-3.684333e-03
[ep    410] loss=2.014337e-03
[ep    411] loss=-3.552664e-03
[ep    412] loss=-9.276230e-04
[ep    413] loss=-2.196529e-03
[ep    414] loss=1.536735e-03
[ep    415] loss=-1.403020e-03
[ep    416] loss=-1.006345e-03
[ep    417] loss=1.156333e-03
[ep    418] loss=-1.370904e-03
[ep    419] loss=-1.384868e-03
[ep    420] loss=-1.055142e-03
[ep    421] loss=-1.759956e-03
[ep    422] loss=-1.976555e-03
[ep    423] loss=-2.741194e-03
[ep    424] loss=5.415818e-04
[ep    425] loss=-1.963916e-03
[ep    426] loss=-1.857358e-03
[ep    427] loss=-2.337593e-03
[ep    428] loss=-5.827429e-03
[ep    429] loss=1.860336e-03
[ep    430] loss=-3.165229e-03
[ep    431] loss=-2.807688e-03
[ep    432] loss=-3.150400e-03
[ep    433] loss=-1.774070e-03
[ep    434] loss=1.057829e-03
[ep    435] loss=-2.692397e-03
[ep    436] loss=3.906449e-03
[ep    437] loss=-1.174448e-03
[ep    438] loss=9.006136e-04
[ep    439] loss=5.407012e-04
[ep    440] loss=-8.067527e-03
[ep    441] loss=-9.373417e-03
[ep    442] loss=-3.231693e-03
[ep    443] loss=9.350049e-03
[ep    444] loss=-3.492811e-03
[ep    445] loss=3.528319e-03
[ep    446] loss=-5.019375e-04
[ep    447] loss=-5.059470e-03
[ep    448] loss=5.675992e-04
[ep    449] loss=5.002692e-04
[ep    450] loss=-2.339088e-04
[ep    451] loss=-2.941277e-03
[ep    452] loss=2.281232e-04
[ep    453] loss=-1.156313e-03
[ep    454] loss=5.394144e-04
[ep    455] loss=-3.358730e-03
[ep    456] loss=1.368388e-03
[ep    457] loss=-1.877154e-03
[ep    458] loss=-3.410906e-03
[ep    459] loss=-2.647835e-03
[ep    460] loss=-4.456997e-03
[ep    461] loss=2.489565e-04
[ep    462] loss=-4.613186e-03
[ep    463] loss=-6.374750e-03
[ep    464] loss=4.057459e-04
[ep    465] loss=-9.963320e-04
[ep    466] loss=-7.376584e-03
[ep    467] loss=-2.298096e-03
[ep    468] loss=2.409339e-03
[ep    469] loss=-1.063966e-03
[ep    470] loss=-3.608519e-03
[ep    471] loss=6.784018e-04
[ep    472] loss=-3.859340e-03
[ep    473] loss=-4.713104e-03
[ep    474] loss=-4.167818e-03
[ep    475] loss=-1.609022e-03
[ep    476] loss=6.101055e-04
[ep    477] loss=2.646359e-03
[ep    478] loss=-1.023254e-03
[ep    479] loss=-8.130305e-03
[ep    480] loss=1.111804e-04
[ep    481] loss=2.795283e-03
[ep    482] loss=-1.742480e-03
[ep    483] loss=-9.142482e-04
[ep    484] loss=-3.596541e-03
[ep    485] loss=-7.491357e-04
[ep    486] loss=-6.295504e-03
[ep    487] loss=-1.005989e-02
[ep    488] loss=-6.118767e-04
[ep    489] loss=1.968497e-03
[ep    490] loss=3.434973e-03
[ep    491] loss=-2.615942e-03
[ep    492] loss=-6.677185e-03
[ep    493] loss=1.634747e-03
[ep    494] loss=-3.986308e-04
[ep    495] loss=-6.152968e-03
[ep    496] loss=-5.635975e-04
[ep    497] loss=3.926754e-03
[ep    498] loss=2.809722e-03
[ep    499] loss=-8.053049e-03
[ep    500] loss=-1.457165e-03
[ep    500] ret=  -21.0  MA100= -20.33  loss=-0.0015  |theta|_1=5023.2
[ep    501] loss=6.010527e-04
[ep    502] loss=-1.307825e-03
[ep    503] loss=-1.475364e-03
[ep    504] loss=-5.775575e-03
[ep    505] loss=-1.191517e-03
[ep    506] loss=-5.679569e-03
[ep    507] loss=2.600459e-03
[ep    508] loss=1.552621e-03
[ep    509] loss=-5.156792e-03
[ep    510] loss=-2.401278e-03
[ep    511] loss=8.622410e-04
[ep    512] loss=1.215386e-03
[ep    513] loss=-4.750625e-03
[ep    514] loss=-6.890543e-04
[ep    515] loss=-2.508560e-03
[ep    516] loss=-8.990367e-03
[ep    517] loss=-1.947814e-03
[ep    518] loss=-4.434397e-03
[ep    519] loss=-3.046239e-03
[ep    520] loss=-2.720396e-03
[ep    521] loss=-5.120599e-04
[ep    522] loss=-2.636312e-03
[ep    523] loss=-2.800027e-03
[ep    524] loss=-6.511526e-03
[ep    525] loss=-7.339163e-03
[ep    526] loss=-1.272256e-02
[ep    527] loss=3.900665e-03
[ep    528] loss=-7.121787e-04
[ep    529] loss=-3.536626e-04
[ep    530] loss=-1.081082e-03
[ep    531] loss=-2.079211e-04
[ep    532] loss=4.888869e-03
[ep    533] loss=8.972619e-04
[ep    534] loss=4.696467e-03
[ep    535] loss=-3.071637e-03
[ep    536] loss=2.910471e-03
[ep    537] loss=-7.094475e-03
[ep    538] loss=-9.163678e-03
[ep    539] loss=-3.313234e-03
[ep    540] loss=-6.734538e-03
[ep    541] loss=-5.539495e-03
[ep    542] loss=-8.649633e-04
[ep    543] loss=-3.853300e-03
[ep    544] loss=-3.624510e-03
[ep    545] loss=-3.014499e-03
[ep    546] loss=-6.862622e-04
[ep    547] loss=7.353905e-03
[ep    548] loss=3.614633e-03
[ep    549] loss=-1.086869e-02
[ep    550] loss=2.817880e-04
[ep    551] loss=5.611639e-03
[ep    552] loss=3.585317e-04
[ep    553] loss=-5.981132e-03
[ep    554] loss=-7.362533e-03
[ep    555] loss=-7.630511e-03
[ep    556] loss=6.739192e-04
[ep    557] loss=-3.859209e-03
[ep    558] loss=-3.827573e-03
[ep    559] loss=-1.864409e-03
[ep    560] loss=-6.014437e-03
[ep    561] loss=4.727577e-03
[ep    562] loss=1.034610e-02
[ep    563] loss=-7.519411e-03
[ep    564] loss=-7.687487e-03
[ep    565] loss=-5.450732e-03
[ep    566] loss=-5.417898e-03
[ep    567] loss=-3.807676e-03
[ep    568] loss=-1.878460e-03
[ep    569] loss=7.241693e-03
[ep    570] loss=-6.070631e-04
[ep    571] loss=-1.209147e-03
[ep    572] loss=-7.475514e-04
[ep    573] loss=3.654348e-03
[ep    574] loss=1.245954e-02
[ep    575] loss=1.789299e-03
[ep    576] loss=1.135329e-02
[ep    577] loss=-1.330569e-02
[ep    578] loss=5.808941e-03
[ep    579] loss=-5.951034e-03
[ep    580] loss=-2.681927e-03
[ep    581] loss=-5.144227e-03
[ep    582] loss=-7.637719e-03
[ep    583] loss=-1.258451e-02
[ep    584] loss=1.987254e-05
[ep    585] loss=-2.757380e-03
[ep    586] loss=1.012425e-02
[ep    587] loss=1.008022e-03
[ep    588] loss=-1.798231e-04
[ep    589] loss=-3.948649e-03
[ep    590] loss=-1.928966e-03
[ep    591] loss=9.704921e-04
[ep    592] loss=-6.567589e-03
[ep    593] loss=-3.544188e-03
[ep    594] loss=-1.392316e-02
[ep    595] loss=4.555182e-04
[ep    596] loss=4.634007e-05
[ep    597] loss=-8.783354e-03
[ep    598] loss=-5.410826e-03
[ep    599] loss=2.788329e-03
[ep    600] loss=-7.638716e-03
[ep    600] ret=  -20.0  MA100= -19.93  loss=-0.0076  |theta|_1=5107.8
[ep    601] loss=1.133927e-03
[ep    602] loss=-1.438564e-02
[ep    603] loss=-1.137060e-02
[ep    604] loss=-3.154934e-04
[ep    605] loss=-7.590732e-03
[ep    606] loss=-4.224197e-03
[ep    607] loss=4.898742e-03
[ep    608] loss=-3.676256e-03
[ep    609] loss=8.185211e-03
[ep    610] loss=-1.305400e-02
[ep    611] loss=-1.211166e-03
[ep    612] loss=-9.626458e-03
[ep    613] loss=4.565573e-03
[ep    614] loss=-1.565020e-02
[ep    615] loss=-4.948884e-03
[ep    616] loss=1.816092e-03
[ep    617] loss=4.462682e-04
[ep    618] loss=-7.852966e-03
[ep    619] loss=2.626527e-03
[ep    620] loss=-4.050077e-03
[ep    621] loss=1.553687e-04
[ep    622] loss=6.946116e-03
[ep    623] loss=-7.930869e-03
[ep    624] loss=9.544692e-03
[ep    625] loss=3.326386e-03
[ep    626] loss=-3.665486e-03
[ep    627] loss=-1.258005e-02
[ep    628] loss=2.699797e-03
[ep    629] loss=-1.690023e-03
[ep    630] loss=1.183281e-03
[ep    631] loss=-8.782689e-03
[ep    632] loss=-6.611898e-04
[ep    633] loss=1.084031e-02
[ep    634] loss=1.085757e-03
[ep    635] loss=7.094588e-03
[ep    636] loss=-1.459334e-02
[ep    637] loss=3.000536e-03
[ep    638] loss=-2.532252e-02
[ep    639] loss=-2.675910e-03
[ep    640] loss=-5.464356e-03
[ep    641] loss=1.879724e-03
[ep    642] loss=-2.357472e-03
[ep    643] loss=4.447543e-03
[ep    644] loss=7.417056e-04
[ep    645] loss=8.572432e-04
[ep    646] loss=8.796657e-03
[ep    647] loss=-8.886101e-03
[ep    648] loss=-6.358948e-03
[ep    649] loss=9.037678e-03
[ep    650] loss=-2.351846e-03
[ep    651] loss=3.135107e-03
[ep    652] loss=-2.208374e-03
[ep    653] loss=-6.188390e-03
[ep    654] loss=5.466423e-03
[ep    655] loss=-6.074327e-03
[ep    656] loss=-7.471496e-03
[ep    657] loss=-5.020095e-05
[ep    658] loss=7.824697e-03
[ep    659] loss=3.122060e-03
[ep    660] loss=-4.525573e-03
[ep    661] loss=8.060979e-03
[ep    662] loss=5.283370e-03
[ep    663] loss=6.166162e-03
[ep    664] loss=-1.676502e-02
[ep    665] loss=2.784962e-03
[ep    666] loss=3.104715e-03
[ep    667] loss=-1.119635e-02
[ep    668] loss=-4.528514e-03
[ep    669] loss=-1.704431e-03
[ep    670] loss=-1.369075e-02
[ep    671] loss=6.171965e-03
[ep    672] loss=-7.420128e-03
[ep    673] loss=-9.866204e-03
[ep    674] loss=-3.375962e-03
[ep    675] loss=6.520494e-04
[ep    676] loss=3.038381e-03
[ep    677] loss=-2.107302e-03
[ep    678] loss=-2.126678e-02
[ep    679] loss=2.385986e-03
[ep    680] loss=-3.505196e-03
[ep    681] loss=-1.596313e-02
[ep    682] loss=-1.165889e-02
[ep    683] loss=9.820498e-03
[ep    684] loss=-8.207969e-04
[ep    685] loss=-5.156032e-03
[ep    686] loss=1.958033e-02
[ep    687] loss=-1.318805e-02
[ep    688] loss=8.922111e-03
[ep    689] loss=-1.925966e-02
[ep    690] loss=-7.825205e-03
[ep    691] loss=3.440790e-03
[ep    692] loss=5.594589e-04
[ep    693] loss=2.605064e-04
[ep    694] loss=-9.641770e-03
[ep    695] loss=1.069664e-03
[ep    696] loss=-1.602422e-02
[ep    697] loss=-6.983905e-04
[ep    698] loss=5.427943e-03
[ep    699] loss=2.330624e-03
[ep    700] loss=5.856219e-03
[ep    700] ret=  -20.0  MA100= -19.75  loss=0.0059  |theta|_1=5173.2
[ep    701] loss=-3.878712e-03
[ep    702] loss=-9.732965e-03
[ep    703] loss=1.000354e-02
[ep    704] loss=-7.860701e-03
[ep    705] loss=9.275249e-03
[ep    706] loss=1.440261e-03
[ep    707] loss=2.432629e-04
[ep    708] loss=4.171379e-03
[ep    709] loss=2.973294e-03
[ep    710] loss=-8.032047e-03
[ep    711] loss=-8.564160e-04
[ep    712] loss=-7.023017e-03
[ep    713] loss=2.231775e-04
[ep    714] loss=-4.492339e-03
[ep    715] loss=2.755682e-03
[ep    716] loss=-8.825709e-04
[ep    717] loss=9.283332e-03
[ep    718] loss=7.224871e-04
[ep    719] loss=-1.505799e-03
[ep    720] loss=-1.251881e-02
[ep    721] loss=-8.617056e-03
[ep    722] loss=-1.528672e-02
[ep    723] loss=-1.163502e-02
[ep    724] loss=1.304608e-02
[ep    725] loss=-1.139426e-02
[ep    726] loss=4.850255e-04
[ep    727] loss=-9.562550e-03
[ep    728] loss=-3.121981e-03
[ep    729] loss=4.670044e-03
[ep    730] loss=-1.276796e-02
[ep    731] loss=-8.608796e-03
[ep    732] loss=4.818187e-03
[ep    733] loss=-5.441708e-03
[ep    734] loss=-3.598236e-03
[ep    735] loss=-1.710233e-02
[ep    736] loss=1.013985e-02
[ep    737] loss=-8.542906e-03
[ep    738] loss=1.636644e-02
[ep    739] loss=-4.828161e-03
[ep    740] loss=6.268709e-03
[ep    741] loss=-3.783936e-03
[ep    742] loss=5.603791e-03
[ep    743] loss=-1.268009e-03
[ep    744] loss=1.148271e-02
[ep    745] loss=1.297711e-02
[ep    746] loss=8.777235e-03
[ep    747] loss=-7.723202e-03
[ep    748] loss=-4.241741e-03
[ep    749] loss=2.545451e-03
[ep    750] loss=6.161666e-03
[ep    751] loss=5.632920e-03
[ep    752] loss=1.503648e-03
[ep    753] loss=-3.047307e-03
[ep    754] loss=5.782778e-04
[ep    755] loss=-6.382985e-03
[ep    756] loss=-5.326593e-03
[ep    757] loss=-2.699988e-02
[ep    758] loss=-2.189450e-03
[ep    759] loss=7.705117e-03
[ep    760] loss=-8.559720e-04
[ep    761] loss=1.574305e-03
[ep    762] loss=-1.880874e-03
[ep    763] loss=4.347574e-03
[ep    764] loss=-1.169615e-03
[ep    765] loss=1.079595e-02
[ep    766] loss=-1.193513e-02
[ep    767] loss=-7.871132e-03
[ep    768] loss=-4.806455e-03
[ep    769] loss=-1.783118e-02
[ep    770] loss=8.679557e-03
[ep    771] loss=-4.267607e-03
[ep    772] loss=-5.537456e-03
[ep    773] loss=-4.639137e-03
[ep    774] loss=-3.300545e-03
[ep    775] loss=8.292736e-03
[ep    776] loss=-3.705419e-03
[ep    777] loss=2.824567e-03
[ep    778] loss=2.124434e-03
[ep    779] loss=5.084981e-03
[ep    780] loss=4.496632e-04
[ep    781] loss=-1.685395e-02
[ep    782] loss=-8.707957e-03
[ep    783] loss=-6.156232e-03
[ep    784] loss=-1.251578e-03
[ep    785] loss=-9.117994e-03
[ep    786] loss=5.995655e-03
[ep    787] loss=5.663591e-03
[ep    788] loss=5.297032e-03
[ep    789] loss=-8.517302e-03
[ep    790] loss=-2.454085e-02
[ep    791] loss=7.474227e-03
[ep    792] loss=1.213415e-02
[ep    793] loss=-4.783552e-03
[ep    794] loss=-5.571594e-04
[ep    795] loss=-2.310362e-02
[ep    796] loss=-1.285647e-02
[ep    797] loss=-2.761737e-03
[ep    798] loss=-1.537489e-02
[ep    799] loss=-1.265204e-02
[ep    800] loss=-5.284108e-03
[ep    800] ret=  -18.0  MA100= -19.90  loss=-0.0053  |theta|_1=5211.6
[ep    801] loss=1.270977e-02
[ep    802] loss=-9.730556e-03
[ep    803] loss=-6.972084e-03
[ep    804] loss=-1.005646e-02
[ep    805] loss=3.823521e-04
[ep    806] loss=-7.679164e-03
[ep    807] loss=3.337465e-04
[ep    808] loss=4.324883e-03
[ep    809] loss=9.142754e-03
[ep    810] loss=-4.381389e-03
[ep    811] loss=-1.876816e-03
[ep    812] loss=4.790319e-03
[ep    813] loss=1.040571e-02
[ep    814] loss=-1.217422e-02
[ep    815] loss=1.319668e-02
[ep    816] loss=-4.203503e-03
[ep    817] loss=-3.247619e-04
[ep    818] loss=-4.061634e-03
[ep    819] loss=3.355574e-03
[ep    820] loss=7.891064e-03
[ep    821] loss=-7.695275e-03
[ep    822] loss=-2.673628e-03
[ep    823] loss=2.237097e-03
[ep    824] loss=-2.567692e-03
[ep    825] loss=-2.219660e-03
[ep    826] loss=-6.009060e-03
[ep    827] loss=-1.469650e-02
[ep    828] loss=-1.217484e-02
[ep    829] loss=-1.632167e-03
[ep    830] loss=-1.532781e-02
[ep    831] loss=4.012052e-03
[ep    832] loss=8.192000e-03
[ep    833] loss=6.102912e-03
[ep    834] loss=-9.808466e-04
[ep    835] loss=6.283019e-03
[ep    836] loss=-1.111158e-02
[ep    837] loss=-7.057344e-03
[ep    838] loss=-1.095024e-03
[ep    839] loss=5.424900e-04
[ep    840] loss=8.486559e-04
[ep    841] loss=8.550778e-03
[ep    842] loss=-1.485923e-02
[ep    843] loss=-6.571035e-03
[ep    844] loss=-1.744692e-02
[ep    845] loss=-1.004211e-02
[ep    846] loss=-7.712267e-03
[ep    847] loss=-1.492808e-02
[ep    848] loss=1.851641e-02
[ep    849] loss=3.534748e-04
[ep    850] loss=2.210273e-03
[ep    851] loss=3.062266e-04
[ep    852] loss=-5.104771e-04
[ep    853] loss=-6.976576e-04
[ep    854] loss=-8.062374e-03
[ep    855] loss=-1.771838e-03
[ep    856] loss=2.270728e-03
[ep    857] loss=-2.648717e-03
[ep    858] loss=1.939730e-02
[ep    859] loss=-1.689729e-02
[ep    860] loss=-1.694132e-02
[ep    861] loss=-1.312628e-02
[ep    862] loss=3.511828e-03
[ep    863] loss=-2.197017e-02
[ep    864] loss=-6.362816e-03
[ep    865] loss=1.613944e-02
[ep    866] loss=8.305701e-03
[ep    867] loss=-4.921656e-03
[ep    868] loss=-7.104888e-03
[ep    869] loss=-1.803958e-02
[ep    870] loss=-8.993252e-04
[ep    871] loss=-4.424162e-03
[ep    872] loss=-6.331606e-03
[ep    873] loss=5.611039e-03
[ep    874] loss=-4.243492e-04
[ep    875] loss=-7.884501e-04
[ep    876] loss=2.795787e-03
[ep    877] loss=-1.062780e-02
[ep    878] loss=7.689731e-03
[ep    879] loss=7.716763e-03
[ep    880] loss=4.104013e-03
[ep    881] loss=1.817165e-03
[ep    882] loss=-1.155188e-02
[ep    883] loss=4.072808e-03
[ep    884] loss=-1.966683e-03
[ep    885] loss=-1.966868e-03
[ep    886] loss=1.973312e-03
[ep    887] loss=1.615011e-02
[ep    888] loss=7.550032e-03
[ep    889] loss=-3.801600e-03
[ep    890] loss=4.268689e-03
[ep    891] loss=-1.388014e-02
[ep    892] loss=-7.012136e-03
[ep    893] loss=7.362497e-03
[ep    894] loss=-1.369672e-02
[ep    895] loss=-4.919759e-03
[ep    896] loss=6.825180e-03
[ep    897] loss=6.976528e-03
[ep    898] loss=-3.547006e-03
[ep    899] loss=-6.187667e-03
[ep    900] loss=-4.118500e-03
[ep    900] ret=  -20.0  MA100= -19.92  loss=-0.0041  |theta|_1=5253.7
[ep    901] loss=-7.636325e-03
[ep    902] loss=-2.187557e-03
[ep    903] loss=-9.919994e-03
[ep    904] loss=-9.278727e-03
[ep    905] loss=-1.034226e-02
[ep    906] loss=-4.495808e-03
[ep    907] loss=-1.904354e-02
[ep    908] loss=-6.714121e-03
[ep    909] loss=-6.435714e-03
[ep    910] loss=5.794690e-04
[ep    911] loss=-1.811941e-02
[ep    912] loss=-6.323603e-04
[ep    913] loss=-1.013693e-02
[ep    914] loss=-8.067199e-04
[ep    915] loss=-8.211675e-03
[ep    916] loss=1.843807e-02
[ep    917] loss=8.825184e-03
[ep    918] loss=1.384966e-02
[ep    919] loss=2.320411e-04
[ep    920] loss=-2.124772e-04
[ep    921] loss=8.545212e-03
[ep    922] loss=-1.062946e-02
[ep    923] loss=2.731091e-03
[ep    924] loss=-7.035664e-03
[ep    925] loss=-1.881028e-03
[ep    926] loss=-1.818878e-02
[ep    927] loss=4.161729e-03
[ep    928] loss=7.444057e-04
[ep    929] loss=5.269349e-03
[ep    930] loss=8.331886e-03
[ep    931] loss=-2.179506e-02
[ep    932] loss=1.211194e-02
[ep    933] loss=-1.262142e-02
[ep    934] loss=-1.165492e-02
[ep    935] loss=2.191423e-02
[ep    936] loss=-1.059896e-02
[ep    937] loss=2.750698e-03
[ep    938] loss=-6.479498e-03
[ep    939] loss=-1.690523e-04
[ep    940] loss=3.610780e-03
[ep    941] loss=-3.570458e-03
[ep    942] loss=-6.087995e-03
[ep    943] loss=4.182715e-03
[ep    944] loss=5.594370e-03
[ep    945] loss=2.412571e-03
[ep    946] loss=6.044476e-03
[ep    947] loss=-1.507279e-02
[ep    948] loss=1.060579e-02
[ep    949] loss=1.132629e-03
[ep    950] loss=5.551414e-03
[ep    951] loss=-1.643282e-02
[ep    952] loss=-1.862068e-02
[ep    953] loss=3.782330e-03
[ep    954] loss=-8.688583e-03
[ep    955] loss=4.650674e-03
[ep    956] loss=4.328415e-03
[ep    957] loss=3.538895e-04
[ep    958] loss=2.512933e-03
[ep    959] loss=-1.861041e-04
[ep    960] loss=6.757082e-03
[ep    961] loss=2.541504e-03
[ep    962] loss=6.624128e-03
[ep    963] loss=-1.664634e-04
[ep    964] loss=1.049780e-02
[ep    965] loss=6.294325e-03
[ep    966] loss=8.382644e-03
[ep    967] loss=-6.137221e-03
[ep    968] loss=-4.955899e-03
[ep    969] loss=-4.151609e-03
[ep    970] loss=3.614103e-03
[ep    971] loss=-7.765763e-03
[ep    972] loss=5.983474e-03
[ep    973] loss=-2.207963e-03
[ep    974] loss=5.370700e-03
[ep    975] loss=-3.822865e-03
[ep    976] loss=8.468137e-03
[ep    977] loss=-1.888981e-03
[ep    978] loss=-1.244935e-02
[ep    979] loss=2.145917e-03
[ep    980] loss=4.702139e-03
[ep    981] loss=2.342797e-02
[ep    982] loss=8.050032e-04
[ep    983] loss=-8.017015e-03
[ep    984] loss=-1.333703e-02
[ep    985] loss=3.080926e-03
[ep    986] loss=-6.325364e-04
[ep    987] loss=-5.910757e-04
[ep    988] loss=-1.718494e-02
[ep    989] loss=-5.764877e-03
[ep    990] loss=-4.959619e-03
[ep    991] loss=4.852246e-03
[ep    992] loss=-1.375072e-02
[ep    993] loss=6.120135e-03
[ep    994] loss=-1.304982e-02
[ep    995] loss=5.402150e-03
[ep    996] loss=-1.895340e-03
[ep    997] loss=6.056848e-04
[ep    998] loss=1.356640e-02
[ep    999] loss=-8.722062e-03
[ep   1000] loss=1.884341e-02
[ep   1000] ret=  -21.0  MA100= -19.65  loss=0.0188  |theta|_1=5296.3
[ep   1001] loss=-4.662877e-03
[ep   1002] loss=-6.635652e-03
[ep   1003] loss=-3.635842e-03
[ep   1004] loss=-5.247270e-03
[ep   1005] loss=-1.212268e-02
[ep   1006] loss=-2.245681e-02
[ep   1007] loss=3.742981e-03
[ep   1008] loss=-1.841495e-02
[ep   1009] loss=-1.747603e-02
[ep   1010] loss=4.145392e-03
[ep   1011] loss=-8.749940e-03
[ep   1012] loss=-6.831544e-03
[ep   1013] loss=-8.497923e-03
[ep   1014] loss=1.421784e-02
[ep   1015] loss=-8.264162e-03
[ep   1016] loss=5.388139e-03
[ep   1017] loss=8.687020e-03
[ep   1018] loss=-1.570434e-02
[ep   1019] loss=-1.382307e-02
[ep   1020] loss=3.139644e-03
[ep   1021] loss=9.504670e-04
[ep   1022] loss=-8.155122e-03
[ep   1023] loss=-5.561397e-04
[ep   1024] loss=-1.278124e-02
[ep   1025] loss=1.465458e-03
[ep   1026] loss=-1.901305e-02
[ep   1027] loss=9.141167e-03
[ep   1028] loss=-1.471290e-02
[ep   1029] loss=-5.946309e-03
[ep   1030] loss=-1.024569e-02
[ep   1031] loss=-3.272313e-03
[ep   1032] loss=-1.355347e-03
[ep   1033] loss=-6.034410e-04
[ep   1034] loss=6.234969e-04
[ep   1035] loss=-1.152882e-02
[ep   1036] loss=-4.778073e-03
[ep   1037] loss=7.953253e-04
[ep   1038] loss=5.097090e-03
[ep   1039] loss=-8.972051e-03
[ep   1040] loss=1.173621e-02
[ep   1041] loss=1.435743e-02
[ep   1042] loss=-2.181653e-02
[ep   1043] loss=3.611265e-03
[ep   1044] loss=-3.326657e-04
[ep   1045] loss=4.062978e-03
[ep   1046] loss=-3.782980e-03
[ep   1047] loss=-8.358113e-03
[ep   1048] loss=1.198514e-02
[ep   1049] loss=-9.639197e-03
[ep   1050] loss=9.205053e-04
[ep   1051] loss=-1.863737e-03
[ep   1052] loss=7.456249e-03
[ep   1053] loss=-1.532876e-02
[ep   1054] loss=-2.228096e-02
[ep   1055] loss=4.199816e-04
[ep   1056] loss=-6.582580e-03
[ep   1057] loss=-4.897650e-03
[ep   1058] loss=-1.243836e-02
[ep   1059] loss=5.888482e-03
[ep   1060] loss=-2.696034e-03
[ep   1061] loss=6.870118e-03
[ep   1062] loss=-2.041965e-03
[ep   1063] loss=-3.357934e-03
[ep   1064] loss=-1.054206e-03
[ep   1065] loss=-2.249382e-02
[ep   1066] loss=2.251357e-03
[ep   1067] loss=2.224743e-02
[ep   1068] loss=-6.956449e-04
[ep   1069] loss=-6.574527e-03
[ep   1070] loss=-8.321440e-03
[ep   1071] loss=-9.116726e-03
[ep   1072] loss=4.733457e-03
[ep   1073] loss=1.267086e-02
[ep   1074] loss=1.192352e-02
[ep   1075] loss=1.825412e-02
[ep   1076] loss=1.874473e-02
[ep   1077] loss=-1.037206e-03
[ep   1078] loss=-1.514980e-03
[ep   1079] loss=-7.348732e-04
[ep   1080] loss=7.071695e-04
[ep   1081] loss=-1.509040e-02
[ep   1082] loss=-7.205922e-03
[ep   1083] loss=-3.313782e-03
[ep   1084] loss=1.067427e-02
[ep   1085] loss=-1.189187e-02
[ep   1086] loss=1.598260e-03
[ep   1087] loss=6.286550e-03
[ep   1088] loss=2.299706e-03
[ep   1089] loss=1.178035e-02
[ep   1090] loss=6.254937e-03
[ep   1091] loss=1.147395e-02
[ep   1092] loss=-3.667391e-03
[ep   1093] loss=-1.223106e-02
[ep   1094] loss=-1.566770e-02
[ep   1095] loss=-3.593117e-03
[ep   1096] loss=-9.204560e-03
[ep   1097] loss=-2.824375e-03
[ep   1098] loss=3.975516e-03
[ep   1099] loss=9.247061e-03
[ep   1100] loss=-3.091333e-03
[ep   1100] ret=  -20.0  MA100= -19.63  loss=-0.0031  |theta|_1=5362.8
[ep   1101] loss=-9.249446e-03
[ep   1102] loss=9.082375e-03
[ep   1103] loss=-1.866864e-02
[ep   1104] loss=1.933795e-02
[ep   1105] loss=5.769953e-04
[ep   1106] loss=-8.521500e-03
[ep   1107] loss=-1.600089e-02
[ep   1108] loss=-2.916405e-03
[ep   1109] loss=-9.801446e-04
[ep   1110] loss=4.351255e-03
[ep   1111] loss=-7.570041e-04
[ep   1112] loss=-1.382819e-03
[ep   1113] loss=1.255382e-02
