nohup: ignoring input
GPU in use: NVIDIA GeForce RTX 2080 Ti
Found existing *_X.npy and *_y.npy files, using them.
Max pixel value in loaded data: 1.0
Images already in [0,1]; skipping additional scaling.

=== Overfit tiny subset with LeNet5 ===
Epoch 01: tiny-set F1=0.0182
Epoch 02: tiny-set F1=0.0178
Epoch 03: tiny-set F1=0.0246
Epoch 04: tiny-set F1=0.0216
Epoch 05: tiny-set F1=0.0216
Epoch 06: tiny-set F1=0.0216
Epoch 07: tiny-set F1=0.0216
Epoch 08: tiny-set F1=0.0216
Epoch 09: tiny-set F1=0.0216
Epoch 10: tiny-set F1=0.0216
Epoch 11: tiny-set F1=0.0216
Epoch 12: tiny-set F1=0.0216
Epoch 13: tiny-set F1=0.0216
Epoch 14: tiny-set F1=0.0216
Epoch 15: tiny-set F1=0.0216
Epoch 16: tiny-set F1=0.0216
Epoch 17: tiny-set F1=0.0216
Epoch 18: tiny-set F1=0.0216
Epoch 19: tiny-set F1=0.0216
Epoch 20: tiny-set F1=0.0216
Epoch 21: tiny-set F1=0.0216
Epoch 22: tiny-set F1=0.0216
Epoch 23: tiny-set F1=0.0216
Epoch 24: tiny-set F1=0.0216
Epoch 25: tiny-set F1=0.0216
Epoch 26: tiny-set F1=0.0216
Epoch 27: tiny-set F1=0.0218
Epoch 28: tiny-set F1=0.0216
Epoch 29: tiny-set F1=0.0216
Epoch 30: tiny-set F1=0.0217
Epoch 31: tiny-set F1=0.0217
Epoch 32: tiny-set F1=0.0217
Epoch 33: tiny-set F1=0.0218
Epoch 34: tiny-set F1=0.0219
Epoch 35: tiny-set F1=0.0274
Epoch 36: tiny-set F1=0.0387
Epoch 37: tiny-set F1=0.0534
Epoch 38: tiny-set F1=0.0534
Epoch 39: tiny-set F1=0.0505
Epoch 40: tiny-set F1=0.0414
Epoch 41: tiny-set F1=0.0312
Epoch 42: tiny-set F1=0.0426
Epoch 43: tiny-set F1=0.0460
Epoch 44: tiny-set F1=0.0738
Epoch 45: tiny-set F1=0.1186
Epoch 46: tiny-set F1=0.1695
Epoch 47: tiny-set F1=0.1958
Epoch 48: tiny-set F1=0.2806
Epoch 49: tiny-set F1=0.3863
Epoch 50: tiny-set F1=0.3477
Epoch 51: tiny-set F1=0.3734
Epoch 52: tiny-set F1=0.4213
Epoch 53: tiny-set F1=0.4353
Epoch 54: tiny-set F1=0.4149
Epoch 55: tiny-set F1=0.4489
Epoch 56: tiny-set F1=0.4288
Epoch 57: tiny-set F1=0.4297
Epoch 58: tiny-set F1=0.4290
Epoch 59: tiny-set F1=0.4265
Epoch 60: tiny-set F1=0.4201
Epoch 61: tiny-set F1=0.4492
Epoch 62: tiny-set F1=0.4705
Epoch 63: tiny-set F1=0.4822
Epoch 64: tiny-set F1=0.4837
Epoch 65: tiny-set F1=0.5142
Epoch 66: tiny-set F1=0.5777
Epoch 67: tiny-set F1=0.5887
Epoch 68: tiny-set F1=0.6327
Epoch 69: tiny-set F1=0.6583
Epoch 70: tiny-set F1=0.6975
Epoch 71: tiny-set F1=0.7051
Epoch 72: tiny-set F1=0.7077
Epoch 73: tiny-set F1=0.7297
Epoch 74: tiny-set F1=0.7584
Epoch 75: tiny-set F1=0.7494
Epoch 76: tiny-set F1=0.7728
Epoch 77: tiny-set F1=0.7761
Epoch 78: tiny-set F1=0.7841
Epoch 79: tiny-set F1=0.8015
Epoch 80: tiny-set F1=0.7940
Epoch 81: tiny-set F1=0.7812
Epoch 82: tiny-set F1=0.8102
Epoch 83: tiny-set F1=0.7980
Epoch 84: tiny-set F1=0.8204
Epoch 85: tiny-set F1=0.8080
Epoch 86: tiny-set F1=0.8172
Epoch 87: tiny-set F1=0.8078
Epoch 88: tiny-set F1=0.8324
Epoch 89: tiny-set F1=0.8110
Epoch 90: tiny-set F1=0.8333
Epoch 91: tiny-set F1=0.8373
Epoch 92: tiny-set F1=0.8198
Epoch 93: tiny-set F1=0.8276
Epoch 94: tiny-set F1=0.8191
Epoch 95: tiny-set F1=0.8360
Epoch 96: tiny-set F1=0.8408
Epoch 97: tiny-set F1=0.8443
Epoch 98: tiny-set F1=0.8511
Epoch 99: tiny-set F1=0.8505
Epoch 100: tiny-set F1=0.8510
