nohup: ignoring input
[device] cuda
A.L.E: Arcade Learning Environment (version 0.11.2+ecc1138)
[Powered by Stella]
[init] |theta_pi|_1=4866.6 |theta_v|_1=4854.1
[ep      1] ret=  -21.0 MA100= -21.00 loss_pi=-0.0014 loss_v=0.4996 |theta_pi|_1=4867.1 |theta_v|_1=4854.1
[ep    100] ret=  -21.0 MA100= -20.39 loss_pi=-0.0012 loss_v=0.4995 |theta_pi|_1=4908.6 |theta_v|_1=4856.0
[ep    200] ret=  -21.0 MA100= -20.35 loss_pi=-0.0009 loss_v=0.4995 |theta_pi|_1=4973.4 |theta_v|_1=4858.6
[ep    300] ret=  -20.0 MA100= -20.20 loss_pi=0.0004 loss_v=0.4995 |theta_pi|_1=5165.7 |theta_v|_1=4866.0
[ep    400] ret=  -19.0 MA100= -19.77 loss_pi=0.0030 loss_v=0.4997 |theta_pi|_1=5381.0 |theta_v|_1=4866.0
[ep    500] ret=  -21.0 MA100= -19.60 loss_pi=-0.0095 loss_v=0.4997 |theta_pi|_1=5630.8 |theta_v|_1=4865.6
[ep    600] ret=  -17.0 MA100= -19.21 loss_pi=0.0076 loss_v=0.4998 |theta_pi|_1=5941.0 |theta_v|_1=4868.7
[ep    700] ret=  -12.0 MA100= -14.10 loss_pi=-0.0085 loss_v=0.4999 |theta_pi|_1=6197.1 |theta_v|_1=4862.3
[ep    800] ret=  -14.0 MA100= -12.75 loss_pi=-0.0183 loss_v=0.4999 |theta_pi|_1=6287.7 |theta_v|_1=4859.2
[ep    900] ret=  -11.0 MA100= -11.58 loss_pi=-0.0133 loss_v=0.4999 |theta_pi|_1=6422.4 |theta_v|_1=4859.1
[ep   1000] ret=  -19.0 MA100= -12.32 loss_pi=0.0008 loss_v=0.4999 |theta_pi|_1=6498.9 |theta_v|_1=4858.6
[ep   1100] ret=  -13.0 MA100= -12.47 loss_pi=-0.0218 loss_v=0.4999 |theta_pi|_1=6592.4 |theta_v|_1=4858.5
[ep   1200] ret=   -8.0 MA100= -11.37 loss_pi=-0.0212 loss_v=0.4999 |theta_pi|_1=6653.7 |theta_v|_1=4861.3
[ep   1300] ret=  -11.0 MA100= -11.42 loss_pi=-0.0041 loss_v=0.4999 |theta_pi|_1=6742.3 |theta_v|_1=4858.0
[ep   1400] ret=   -2.0 MA100= -11.30 loss_pi=-0.0196 loss_v=0.4999 |theta_pi|_1=6803.2 |theta_v|_1=4857.4
[ep   1500] ret=   -8.0 MA100= -11.56 loss_pi=0.0042 loss_v=0.4999 |theta_pi|_1=6926.3 |theta_v|_1=4857.3
[ep   1600] ret=   -6.0 MA100= -11.34 loss_pi=-0.0165 loss_v=0.4999 |theta_pi|_1=7027.9 |theta_v|_1=4857.1
[ep   1700] ret=   -4.0 MA100= -10.99 loss_pi=-0.0225 loss_v=0.4999 |theta_pi|_1=7074.2 |theta_v|_1=4857.3
[ep   1800] ret=  -11.0 MA100= -10.31 loss_pi=-0.0079 loss_v=0.4999 |theta_pi|_1=7115.5 |theta_v|_1=4857.6
[ep   1900] ret=   -8.0 MA100= -10.07 loss_pi=-0.0080 loss_v=0.4999 |theta_pi|_1=7180.5 |theta_v|_1=4859.6
[ep   2000] ret=  -14.0 MA100= -10.06 loss_pi=-0.0067 loss_v=0.4999 |theta_pi|_1=7264.0 |theta_v|_1=4860.5
[ep   2100] ret=   -9.0 MA100=  -9.03 loss_pi=-0.0113 loss_v=0.4999 |theta_pi|_1=7294.5 |theta_v|_1=4856.8
[ep   2200] ret=  -15.0 MA100= -11.21 loss_pi=0.0014 loss_v=0.4999 |theta_pi|_1=7317.5 |theta_v|_1=4855.8
[ep   2300] ret=   -8.0 MA100= -10.15 loss_pi=-0.0151 loss_v=0.4999 |theta_pi|_1=7419.6 |theta_v|_1=4855.7
[ep   2400] ret=  -15.0 MA100=  -9.56 loss_pi=-0.0128 loss_v=0.4999 |theta_pi|_1=7522.3 |theta_v|_1=4855.4
[ep   2500] ret=  -15.0 MA100=  -9.10 loss_pi=-0.0090 loss_v=0.4999 |theta_pi|_1=7564.2 |theta_v|_1=4855.7
[ep   2600] ret=  -18.0 MA100=  -9.45 loss_pi=0.0027 loss_v=0.4999 |theta_pi|_1=7623.9 |theta_v|_1=4856.0
[ep   2700] ret=   -8.0 MA100= -10.54 loss_pi=-0.0128 loss_v=0.4999 |theta_pi|_1=7743.5 |theta_v|_1=4855.6
[ep   2800] ret=  -12.0 MA100=  -9.13 loss_pi=-0.0114 loss_v=0.4999 |theta_pi|_1=7856.0 |theta_v|_1=4855.3
[ep   2900] ret=   -9.0 MA100=  -9.20 loss_pi=-0.0042 loss_v=0.4999 |theta_pi|_1=7922.2 |theta_v|_1=4855.5
[ep   3000] ret=   -9.0 MA100=  -9.40 loss_pi=-0.0110 loss_v=0.4999 |theta_pi|_1=7945.5 |theta_v|_1=4855.6
[ep   3100] ret=  -12.0 MA100=  -8.90 loss_pi=-0.0151 loss_v=0.4999 |theta_pi|_1=8005.7 |theta_v|_1=4855.7
[ep   3200] ret=  -13.0 MA100=  -8.34 loss_pi=-0.0093 loss_v=0.4999 |theta_pi|_1=8100.6 |theta_v|_1=4855.6
[ep   3300] ret=  -15.0 MA100=  -7.87 loss_pi=-0.0057 loss_v=0.4999 |theta_pi|_1=8150.9 |theta_v|_1=4855.8
[ep   3400] ret=   -9.0 MA100=  -8.07 loss_pi=-0.0139 loss_v=0.4999 |theta_pi|_1=8226.0 |theta_v|_1=4855.6
[ep   3500] ret=  -11.0 MA100=  -9.09 loss_pi=-0.0076 loss_v=0.4999 |theta_pi|_1=8308.5 |theta_v|_1=4855.5
[ep   3600] ret=   -5.0 MA100=  -8.12 loss_pi=-0.0113 loss_v=0.4999 |theta_pi|_1=8367.2 |theta_v|_1=4855.2
[ep   3700] ret=  -11.0 MA100=  -6.95 loss_pi=-0.0054 loss_v=0.4999 |theta_pi|_1=8459.8 |theta_v|_1=4855.9
[ep   3800] ret=   -6.0 MA100=  -6.36 loss_pi=-0.0078 loss_v=0.4999 |theta_pi|_1=8552.8 |theta_v|_1=4855.7
[ep   3900] ret=  -13.0 MA100=  -5.66 loss_pi=-0.0036 loss_v=0.4999 |theta_pi|_1=8626.3 |theta_v|_1=4855.7
[ep   4000] ret=   -2.0 MA100=  -6.55 loss_pi=-0.0066 loss_v=0.4999 |theta_pi|_1=8629.1 |theta_v|_1=4855.3
[ep   4100] ret=   -6.0 MA100=  -4.45 loss_pi=-0.0079 loss_v=0.4999 |theta_pi|_1=8693.2 |theta_v|_1=4855.0
[ep   4200] ret=  -11.0 MA100=  -5.14 loss_pi=-0.0120 loss_v=0.4999 |theta_pi|_1=8802.9 |theta_v|_1=4854.7
[ep   4300] ret=    1.0 MA100=  -6.62 loss_pi=-0.0177 loss_v=0.4999 |theta_pi|_1=8843.4 |theta_v|_1=4854.7
[ep   4400] ret=   -8.0 MA100=  -4.91 loss_pi=-0.0134 loss_v=0.4999 |theta_pi|_1=8866.9 |theta_v|_1=4854.7
[ep   4500] ret=   -1.0 MA100=  -4.10 loss_pi=-0.0080 loss_v=0.4999 |theta_pi|_1=8891.4 |theta_v|_1=4854.9
[ep   4600] ret=   -3.0 MA100=  -4.42 loss_pi=-0.0078 loss_v=0.4999 |theta_pi|_1=8961.0 |theta_v|_1=4854.7
[ep   4700] ret=    7.0 MA100=  -5.07 loss_pi=-0.0142 loss_v=0.4999 |theta_pi|_1=9005.2 |theta_v|_1=4854.3
[ep   4800] ret=    8.0 MA100=  -4.24 loss_pi=-0.0132 loss_v=0.4999 |theta_pi|_1=9092.8 |theta_v|_1=4854.2
[ep   4900] ret=   -8.0 MA100=  -4.53 loss_pi=-0.0076 loss_v=0.4999 |theta_pi|_1=9201.8 |theta_v|_1=4854.2
[ep   5000] ret=   -3.0 MA100=  -4.84 loss_pi=-0.0033 loss_v=0.4999 |theta_pi|_1=9303.6 |theta_v|_1=4854.2
[ep   5100] ret=  -10.0 MA100=  -4.47 loss_pi=-0.0015 loss_v=0.4999 |theta_pi|_1=9394.9 |theta_v|_1=4854.2
[ep   5200] ret=   -3.0 MA100=  -4.30 loss_pi=-0.0085 loss_v=0.4999 |theta_pi|_1=9472.5 |theta_v|_1=4854.3
[ep   5300] ret=   -7.0 MA100=  -5.28 loss_pi=-0.0057 loss_v=0.4999 |theta_pi|_1=9525.7 |theta_v|_1=4854.2
[ep   5400] ret=   -7.0 MA100=  -4.07 loss_pi=-0.0017 loss_v=0.4999 |theta_pi|_1=9635.8 |theta_v|_1=4854.2
[ep   5500] ret=    2.0 MA100=  -4.19 loss_pi=-0.0080 loss_v=0.4999 |theta_pi|_1=9727.1 |theta_v|_1=4854.3
[ep   5600] ret=    3.0 MA100=  -4.56 loss_pi=-0.0065 loss_v=0.5000 |theta_pi|_1=9725.2 |theta_v|_1=4854.3
[ep   5700] ret=    2.0 MA100=  -3.72 loss_pi=-0.0072 loss_v=0.4999 |theta_pi|_1=9725.0 |theta_v|_1=4854.5
[ep   5800] ret=  -11.0 MA100=  -2.13 loss_pi=-0.0014 loss_v=0.4999 |theta_pi|_1=9784.0 |theta_v|_1=4854.6
[ep   5900] ret=    4.0 MA100=  -3.18 loss_pi=-0.0061 loss_v=0.4999 |theta_pi|_1=9825.2 |theta_v|_1=4854.4
[ep   6000] ret=   -9.0 MA100=  -4.32 loss_pi=-0.0054 loss_v=0.4999 |theta_pi|_1=9850.9 |theta_v|_1=4854.5
[ep   6100] ret=   -6.0 MA100=  -2.54 loss_pi=-0.0096 loss_v=0.4999 |theta_pi|_1=9914.3 |theta_v|_1=4854.5
[ep   6200] ret=   -7.0 MA100=  -3.94 loss_pi=0.0007 loss_v=0.4999 |theta_pi|_1=9901.9 |theta_v|_1=4854.7
[ep   6300] ret=   -5.0 MA100=  -3.92 loss_pi=-0.0070 loss_v=0.4999 |theta_pi|_1=9979.2 |theta_v|_1=4855.0
[ep   6400] ret=    4.0 MA100=  -2.81 loss_pi=-0.0109 loss_v=0.4999 |theta_pi|_1=10035.6 |theta_v|_1=4855.1
[ep   6500] ret=   -9.0 MA100=  -3.32 loss_pi=-0.0068 loss_v=0.4999 |theta_pi|_1=10099.1 |theta_v|_1=4854.8
[ep   6600] ret=    7.0 MA100=  -3.08 loss_pi=-0.0100 loss_v=0.4999 |theta_pi|_1=10156.8 |theta_v|_1=4854.4
[ep   6700] ret=   -1.0 MA100=  -1.32 loss_pi=-0.0137 loss_v=0.4999 |theta_pi|_1=10165.1 |theta_v|_1=4854.3
[ep   6800] ret=   -5.0 MA100=  -0.84 loss_pi=-0.0059 loss_v=0.4999 |theta_pi|_1=10242.1 |theta_v|_1=4854.5
[ep   6900] ret=  -13.0 MA100=  -3.10 loss_pi=-0.0034 loss_v=0.4999 |theta_pi|_1=10213.2 |theta_v|_1=4854.5
[ep   7000] ret=    4.0 MA100=  -0.82 loss_pi=-0.0045 loss_v=0.4999 |theta_pi|_1=10253.4 |theta_v|_1=4854.4
[ep   7100] ret=    3.0 MA100=  -0.39 loss_pi=-0.0087 loss_v=0.4999 |theta_pi|_1=10344.1 |theta_v|_1=4854.2
[ep   7200] ret=   -3.0 MA100=  -0.74 loss_pi=-0.0104 loss_v=0.4999 |theta_pi|_1=10355.1 |theta_v|_1=4854.1
[ep   7300] ret=   -3.0 MA100=  -0.49 loss_pi=-0.0053 loss_v=0.4999 |theta_pi|_1=10388.3 |theta_v|_1=4854.1
[ep   7400] ret=    4.0 MA100=   0.10 loss_pi=-0.0009 loss_v=0.4999 |theta_pi|_1=10429.5 |theta_v|_1=4854.3
[ep   7500] ret=  -13.0 MA100=  -1.46 loss_pi=-0.0023 loss_v=0.4999 |theta_pi|_1=10444.8 |theta_v|_1=4854.3
[ep   7600] ret=   -3.0 MA100=  -0.64 loss_pi=-0.0036 loss_v=0.4999 |theta_pi|_1=10472.0 |theta_v|_1=4854.2
[ep   7700] ret=    6.0 MA100=  -0.01 loss_pi=-0.0121 loss_v=0.4999 |theta_pi|_1=10548.5 |theta_v|_1=4854.0
[ep   7800] ret=    9.0 MA100=   0.87 loss_pi=-0.0059 loss_v=0.4999 |theta_pi|_1=10652.2 |theta_v|_1=4854.1
[ep   7900] ret=   -9.0 MA100=   1.81 loss_pi=-0.0021 loss_v=0.4999 |theta_pi|_1=10751.7 |theta_v|_1=4853.7
[ep   8000] ret=    2.0 MA100=   2.39 loss_pi=-0.0031 loss_v=0.4999 |theta_pi|_1=10826.1 |theta_v|_1=4853.6
[ep   8100] ret=    2.0 MA100=  -0.23 loss_pi=-0.0072 loss_v=0.4999 |theta_pi|_1=10852.9 |theta_v|_1=4853.7
[ep   8200] ret=   -5.0 MA100=  -0.73 loss_pi=-0.0085 loss_v=0.4999 |theta_pi|_1=10863.7 |theta_v|_1=4853.6
[ep   8300] ret=    6.0 MA100=  -0.64 loss_pi=-0.0040 loss_v=0.4999 |theta_pi|_1=10933.7 |theta_v|_1=4853.6
[ep   8400] ret=   10.0 MA100=   3.87 loss_pi=-0.0080 loss_v=0.4999 |theta_pi|_1=10941.7 |theta_v|_1=4853.9
[ep   8500] ret=   -9.0 MA100=   1.56 loss_pi=-0.0052 loss_v=0.4999 |theta_pi|_1=11000.9 |theta_v|_1=4853.8
[ep   8600] ret=   -7.0 MA100=   1.87 loss_pi=-0.0033 loss_v=0.4999 |theta_pi|_1=11029.0 |theta_v|_1=4853.9
[ep   8700] ret=    3.0 MA100=   2.01 loss_pi=-0.0077 loss_v=0.4999 |theta_pi|_1=11051.9 |theta_v|_1=4853.7
[ep   8800] ret=    3.0 MA100=   0.59 loss_pi=-0.0050 loss_v=0.5000 |theta_pi|_1=11087.3 |theta_v|_1=4853.5
[ep   8900] ret=  -13.0 MA100=   2.27 loss_pi=0.0003 loss_v=0.4999 |theta_pi|_1=11096.6 |theta_v|_1=4853.4
[ep   9000] ret=   -7.0 MA100=   3.13 loss_pi=-0.0072 loss_v=0.4999 |theta_pi|_1=11096.7 |theta_v|_1=4853.4
[ep   9100] ret=   -4.0 MA100=   2.52 loss_pi=-0.0037 loss_v=0.4999 |theta_pi|_1=11185.4 |theta_v|_1=4853.3
[ep   9200] ret=    9.0 MA100=   3.52 loss_pi=-0.0060 loss_v=0.4999 |theta_pi|_1=11235.7 |theta_v|_1=4853.3
[ep   9300] ret=    1.0 MA100=  -0.05 loss_pi=-0.0115 loss_v=0.4999 |theta_pi|_1=11263.1 |theta_v|_1=4853.3
[ep   9400] ret=   15.0 MA100=   0.99 loss_pi=-0.0089 loss_v=0.4999 |theta_pi|_1=11311.3 |theta_v|_1=4853.3
[ep   9500] ret=   -3.0 MA100=   1.38 loss_pi=-0.0056 loss_v=0.4999 |theta_pi|_1=11354.9 |theta_v|_1=4853.5
[ep   9600] ret=    3.0 MA100=   2.04 loss_pi=-0.0087 loss_v=0.4999 |theta_pi|_1=11415.3 |theta_v|_1=4853.5
[ep   9700] ret=   -3.0 MA100=   1.06 loss_pi=-0.0059 loss_v=0.4999 |theta_pi|_1=11449.8 |theta_v|_1=4853.5
[ep   9800] ret=    6.0 MA100=   2.04 loss_pi=-0.0025 loss_v=0.4999 |theta_pi|_1=11540.3 |theta_v|_1=4853.4
[ep   9900] ret=    8.0 MA100=   1.52 loss_pi=-0.0051 loss_v=0.4999 |theta_pi|_1=11578.4 |theta_v|_1=4853.6
[ep  10000] ret=    1.0 MA100=   0.92 loss_pi=-0.0002 loss_v=0.4999 |theta_pi|_1=11598.4 |theta_v|_1=4853.5
[ep  10100] ret=    9.0 MA100=   2.46 loss_pi=-0.0067 loss_v=0.4999 |theta_pi|_1=11673.3 |theta_v|_1=4853.5
[ep  10200] ret=    6.0 MA100=   3.39 loss_pi=-0.0023 loss_v=0.4999 |theta_pi|_1=11739.5 |theta_v|_1=4853.4
[ep  10300] ret=   -1.0 MA100=   2.27 loss_pi=-0.0034 loss_v=0.5000 |theta_pi|_1=11771.1 |theta_v|_1=4853.4
[ep  10400] ret=   12.0 MA100=   2.08 loss_pi=-0.0050 loss_v=0.4999 |theta_pi|_1=11806.3 |theta_v|_1=4853.5
[ep  10500] ret=   -7.0 MA100=   2.08 loss_pi=-0.0043 loss_v=0.4999 |theta_pi|_1=11811.5 |theta_v|_1=4853.6
[ep  10600] ret=   -1.0 MA100=   1.56 loss_pi=-0.0033 loss_v=0.4999 |theta_pi|_1=11866.3 |theta_v|_1=4853.6
[ep  10700] ret=   -7.0 MA100=   3.29 loss_pi=-0.0047 loss_v=0.4999 |theta_pi|_1=11878.6 |theta_v|_1=4853.6
[ep  10800] ret=  -11.0 MA100=   2.63 loss_pi=-0.0045 loss_v=0.4999 |theta_pi|_1=11900.5 |theta_v|_1=4853.5
[ep  10900] ret=   -6.0 MA100=   1.27 loss_pi=-0.0034 loss_v=0.4999 |theta_pi|_1=11921.6 |theta_v|_1=4853.4
[ep  11000] ret=   -1.0 MA100=   2.29 loss_pi=-0.0081 loss_v=0.5000 |theta_pi|_1=11930.0 |theta_v|_1=4853.3
[ep  11100] ret=   -5.0 MA100=   1.53 loss_pi=-0.0093 loss_v=0.4999 |theta_pi|_1=12007.7 |theta_v|_1=4853.3
[ep  11200] ret=    7.0 MA100=   3.01 loss_pi=-0.0045 loss_v=0.4999 |theta_pi|_1=12039.1 |theta_v|_1=4853.5
[ep  11300] ret=   -8.0 MA100=   2.67 loss_pi=-0.0020 loss_v=0.4999 |theta_pi|_1=12063.8 |theta_v|_1=4853.4
[ep  11400] ret=    8.0 MA100=   2.38 loss_pi=-0.0039 loss_v=0.4999 |theta_pi|_1=12105.3 |theta_v|_1=4853.4
[ep  11500] ret=    8.0 MA100=   3.12 loss_pi=-0.0044 loss_v=0.4999 |theta_pi|_1=12160.8 |theta_v|_1=4853.5
[ep  11600] ret=    7.0 MA100=   2.35 loss_pi=-0.0018 loss_v=0.4999 |theta_pi|_1=12194.5 |theta_v|_1=4853.5
[ep  11700] ret=    1.0 MA100=   2.89 loss_pi=-0.0001 loss_v=0.4999 |theta_pi|_1=12180.4 |theta_v|_1=4853.3
[ep  11800] ret=    7.0 MA100=   3.01 loss_pi=-0.0059 loss_v=0.4999 |theta_pi|_1=12212.5 |theta_v|_1=4853.3
[ep  11900] ret=    2.0 MA100=   3.47 loss_pi=0.0052 loss_v=0.4999 |theta_pi|_1=12278.0 |theta_v|_1=4853.2
[ep  12000] ret=    2.0 MA100=   2.66 loss_pi=-0.0026 loss_v=0.4999 |theta_pi|_1=12269.7 |theta_v|_1=4853.2
[ep  12100] ret=   -5.0 MA100=   3.43 loss_pi=0.0012 loss_v=0.4999 |theta_pi|_1=12251.1 |theta_v|_1=4853.2
[ep  12200] ret=   -1.0 MA100=   3.40 loss_pi=-0.0032 loss_v=0.4999 |theta_pi|_1=12323.9 |theta_v|_1=4853.2
[ep  12300] ret=    4.0 MA100=   2.04 loss_pi=-0.0063 loss_v=0.4999 |theta_pi|_1=12364.5 |theta_v|_1=4853.1
[ep  12400] ret=    3.0 MA100=   2.59 loss_pi=-0.0043 loss_v=0.4999 |theta_pi|_1=12437.3 |theta_v|_1=4853.2
[ep  12500] ret=   12.0 MA100=   3.83 loss_pi=-0.0018 loss_v=0.4999 |theta_pi|_1=12522.4 |theta_v|_1=4853.2
[ep  12600] ret=    3.0 MA100=   2.82 loss_pi=-0.0017 loss_v=0.4999 |theta_pi|_1=12546.2 |theta_v|_1=4853.3
[ep  12700] ret=    8.0 MA100=   3.71 loss_pi=-0.0019 loss_v=0.4999 |theta_pi|_1=12571.7 |theta_v|_1=4853.4
[ep  12800] ret=   10.0 MA100=   1.81 loss_pi=-0.0080 loss_v=0.4999 |theta_pi|_1=12596.9 |theta_v|_1=4853.3
[ep  12900] ret=   -2.0 MA100=   2.54 loss_pi=-0.0001 loss_v=0.4999 |theta_pi|_1=12644.6 |theta_v|_1=4853.2
[ep  13000] ret=   -1.0 MA100=   3.50 loss_pi=-0.0025 loss_v=0.4999 |theta_pi|_1=12709.7 |theta_v|_1=4853.1
[ep  13100] ret=   -3.0 MA100=   2.34 loss_pi=-0.0044 loss_v=0.4999 |theta_pi|_1=12781.4 |theta_v|_1=4853.2
[ep  13200] ret=   -2.0 MA100=   3.51 loss_pi=-0.0015 loss_v=0.4999 |theta_pi|_1=12806.2 |theta_v|_1=4853.2
[ep  13300] ret=    4.0 MA100=   2.60 loss_pi=-0.0007 loss_v=0.4999 |theta_pi|_1=12810.8 |theta_v|_1=4853.3
[ep  13400] ret=    7.0 MA100=   1.53 loss_pi=-0.0037 loss_v=0.4999 |theta_pi|_1=12884.4 |theta_v|_1=4853.3
[ep  13500] ret=    3.0 MA100=   1.76 loss_pi=-0.0010 loss_v=0.4999 |theta_pi|_1=12935.0 |theta_v|_1=4853.3
[ep  13600] ret=    8.0 MA100=   3.44 loss_pi=-0.0015 loss_v=0.4999 |theta_pi|_1=12979.3 |theta_v|_1=4853.2
[ep  13700] ret=    7.0 MA100=   3.52 loss_pi=-0.0040 loss_v=0.4999 |theta_pi|_1=12999.7 |theta_v|_1=4853.2
[ep  13800] ret=    7.0 MA100=   2.89 loss_pi=-0.0042 loss_v=0.4999 |theta_pi|_1=13018.3 |theta_v|_1=4853.3
[ep  13900] ret=   12.0 MA100=   2.78 loss_pi=-0.0017 loss_v=0.4999 |theta_pi|_1=13026.5 |theta_v|_1=4853.3
[ep  14000] ret=   -3.0 MA100=   3.04 loss_pi=-0.0020 loss_v=0.4999 |theta_pi|_1=13099.5 |theta_v|_1=4853.5
[ep  14100] ret=    8.0 MA100=   3.23 loss_pi=-0.0042 loss_v=0.4999 |theta_pi|_1=13102.1 |theta_v|_1=4853.6
[ep  14200] ret=   -4.0 MA100=   3.76 loss_pi=-0.0029 loss_v=0.4999 |theta_pi|_1=13146.9 |theta_v|_1=4853.6
[ep  14300] ret=   -3.0 MA100=   4.42 loss_pi=-0.0083 loss_v=0.4999 |theta_pi|_1=13178.8 |theta_v|_1=4853.7
[ep  14400] ret=    3.0 MA100=   3.73 loss_pi=-0.0005 loss_v=0.4999 |theta_pi|_1=13184.3 |theta_v|_1=4853.8
[ep  14500] ret=   12.0 MA100=   3.38 loss_pi=-0.0058 loss_v=0.4999 |theta_pi|_1=13211.2 |theta_v|_1=4854.0
[ep  14600] ret=    9.0 MA100=   2.36 loss_pi=-0.0048 loss_v=0.4999 |theta_pi|_1=13217.5 |theta_v|_1=4853.7
[ep  14700] ret=    9.0 MA100=   1.31 loss_pi=-0.0043 loss_v=0.4999 |theta_pi|_1=13213.4 |theta_v|_1=4853.7
[ep  14800] ret=   16.0 MA100=   1.89 loss_pi=-0.0045 loss_v=0.4999 |theta_pi|_1=13266.3 |theta_v|_1=4853.7
[ep  14900] ret=    6.0 MA100=   3.43 loss_pi=-0.0049 loss_v=0.4999 |theta_pi|_1=13296.8 |theta_v|_1=4853.7
[ep  15000] ret=   12.0 MA100=   3.34 loss_pi=0.0007 loss_v=0.4999 |theta_pi|_1=13329.2 |theta_v|_1=4853.7
[ep  15100] ret=   -4.0 MA100=   2.92 loss_pi=-0.0042 loss_v=0.4999 |theta_pi|_1=13331.6 |theta_v|_1=4853.7
[ep  15200] ret=    8.0 MA100=   3.89 loss_pi=-0.0053 loss_v=0.4999 |theta_pi|_1=13364.9 |theta_v|_1=4853.8
[ep  15300] ret=    6.0 MA100=   3.65 loss_pi=-0.0025 loss_v=0.4999 |theta_pi|_1=13408.6 |theta_v|_1=4853.6
[ep  15400] ret=   12.0 MA100=   3.24 loss_pi=-0.0027 loss_v=0.4999 |theta_pi|_1=13434.1 |theta_v|_1=4853.7
[ep  15500] ret=   -3.0 MA100=   3.95 loss_pi=-0.0045 loss_v=0.4999 |theta_pi|_1=13447.4 |theta_v|_1=4853.5
[ep  15600] ret=   11.0 MA100=   4.90 loss_pi=-0.0041 loss_v=0.4999 |theta_pi|_1=13456.3 |theta_v|_1=4853.5
[ep  15700] ret=    5.0 MA100=   4.08 loss_pi=-0.0007 loss_v=0.4999 |theta_pi|_1=13488.4 |theta_v|_1=4853.7
[ep  15800] ret=    5.0 MA100=   2.32 loss_pi=-0.0067 loss_v=0.4999 |theta_pi|_1=13504.1 |theta_v|_1=4853.6
[ep  15900] ret=   11.0 MA100=   3.56 loss_pi=-0.0043 loss_v=0.4999 |theta_pi|_1=13540.9 |theta_v|_1=4853.5
[ep  16000] ret=  -13.0 MA100=   3.29 loss_pi=-0.0022 loss_v=0.4999 |theta_pi|_1=13561.6 |theta_v|_1=4853.4
[ep  16100] ret=    6.0 MA100=   3.03 loss_pi=-0.0042 loss_v=0.4999 |theta_pi|_1=13597.2 |theta_v|_1=4853.3
[ep  16200] ret=   -3.0 MA100=   3.69 loss_pi=-0.0032 loss_v=0.4999 |theta_pi|_1=13604.0 |theta_v|_1=4853.4
[ep  16300] ret=    5.0 MA100=   1.70 loss_pi=-0.0008 loss_v=0.4999 |theta_pi|_1=13641.5 |theta_v|_1=4853.4
[ep  16400] ret=    3.0 MA100=   2.19 loss_pi=-0.0062 loss_v=0.4999 |theta_pi|_1=13662.4 |theta_v|_1=4853.3
[ep  16500] ret=    4.0 MA100=   2.85 loss_pi=-0.0045 loss_v=0.4999 |theta_pi|_1=13706.8 |theta_v|_1=4853.2
[ep  16600] ret=    9.0 MA100=   3.53 loss_pi=-0.0005 loss_v=0.4999 |theta_pi|_1=13715.9 |theta_v|_1=4853.1
[ep  16700] ret=    9.0 MA100=   4.11 loss_pi=-0.0023 loss_v=0.4999 |theta_pi|_1=13805.4 |theta_v|_1=4853.2
[ep  16800] ret=   17.0 MA100=   4.32 loss_pi=-0.0035 loss_v=0.4999 |theta_pi|_1=13882.8 |theta_v|_1=4853.2
[ep  16900] ret=   -6.0 MA100=   3.65 loss_pi=0.0003 loss_v=0.4999 |theta_pi|_1=13946.4 |theta_v|_1=4853.3
[ep  17000] ret=   -3.0 MA100=   3.46 loss_pi=-0.0045 loss_v=0.4999 |theta_pi|_1=13969.1 |theta_v|_1=4853.3
[ep  17100] ret=    8.0 MA100=   3.19 loss_pi=-0.0027 loss_v=0.4999 |theta_pi|_1=14037.5 |theta_v|_1=4853.3
[ep  17200] ret=    3.0 MA100=   3.46 loss_pi=-0.0018 loss_v=0.4999 |theta_pi|_1=14027.0 |theta_v|_1=4853.4
[ep  17300] ret=    6.0 MA100=   4.89 loss_pi=-0.0021 loss_v=0.4999 |theta_pi|_1=14016.5 |theta_v|_1=4853.4
[ep  17400] ret=    5.0 MA100=   2.80 loss_pi=-0.0025 loss_v=0.4999 |theta_pi|_1=14030.2 |theta_v|_1=4853.6
[ep  17500] ret=    7.0 MA100=   4.53 loss_pi=-0.0027 loss_v=0.4999 |theta_pi|_1=14073.1 |theta_v|_1=4853.6
[ep  17600] ret=    7.0 MA100=   4.72 loss_pi=-0.0029 loss_v=0.4999 |theta_pi|_1=14110.4 |theta_v|_1=4853.6
[ep  17700] ret=    6.0 MA100=   3.68 loss_pi=-0.0027 loss_v=0.4999 |theta_pi|_1=14148.2 |theta_v|_1=4853.6
[ep  17800] ret=   12.0 MA100=   3.57 loss_pi=-0.0050 loss_v=0.4999 |theta_pi|_1=14189.7 |theta_v|_1=4853.8
[ep  17900] ret=    8.0 MA100=   4.04 loss_pi=-0.0060 loss_v=0.4999 |theta_pi|_1=14239.7 |theta_v|_1=4853.7
[ep  18000] ret=   -8.0 MA100=   3.53 loss_pi=-0.0034 loss_v=0.5000 |theta_pi|_1=14233.4 |theta_v|_1=4853.9
[ep  18100] ret=   -5.0 MA100=   3.72 loss_pi=-0.0057 loss_v=0.4999 |theta_pi|_1=14242.6 |theta_v|_1=4853.7
[ep  18200] ret=   14.0 MA100=   3.06 loss_pi=-0.0024 loss_v=0.4999 |theta_pi|_1=14250.2 |theta_v|_1=4853.5
[ep  18300] ret=    2.0 MA100=   4.10 loss_pi=-0.0037 loss_v=0.4999 |theta_pi|_1=14308.6 |theta_v|_1=4853.3
[ep  18400] ret=    1.0 MA100=   4.52 loss_pi=0.0029 loss_v=0.4999 |theta_pi|_1=14263.4 |theta_v|_1=4853.5
[ep  18500] ret=   -2.0 MA100=   3.59 loss_pi=-0.0043 loss_v=0.5000 |theta_pi|_1=14267.5 |theta_v|_1=4853.4
[ep  18600] ret=    7.0 MA100=   3.88 loss_pi=-0.0083 loss_v=0.4999 |theta_pi|_1=14283.4 |theta_v|_1=4853.5
[ep  18700] ret=    4.0 MA100=   4.15 loss_pi=-0.0054 loss_v=0.4999 |theta_pi|_1=14348.3 |theta_v|_1=4853.4
[ep  18800] ret=    7.0 MA100=   3.90 loss_pi=-0.0031 loss_v=0.4999 |theta_pi|_1=14380.2 |theta_v|_1=4853.4
[ep  18900] ret=   11.0 MA100=   4.35 loss_pi=-0.0042 loss_v=0.4999 |theta_pi|_1=14428.0 |theta_v|_1=4853.3
[ep  19000] ret=   -1.0 MA100=   4.70 loss_pi=-0.0041 loss_v=0.4999 |theta_pi|_1=14408.8 |theta_v|_1=4853.4
[ep  19100] ret=   13.0 MA100=   4.80 loss_pi=-0.0060 loss_v=0.4999 |theta_pi|_1=14419.3 |theta_v|_1=4853.5
[ep  19200] ret=    1.0 MA100=   3.79 loss_pi=-0.0063 loss_v=0.4999 |theta_pi|_1=14526.8 |theta_v|_1=4853.3
[ep  19300] ret=    4.0 MA100=   4.14 loss_pi=0.0005 loss_v=0.4999 |theta_pi|_1=14574.5 |theta_v|_1=4853.3
[ep  19400] ret=    1.0 MA100=   4.70 loss_pi=-0.0023 loss_v=0.4999 |theta_pi|_1=14622.1 |theta_v|_1=4853.3
[ep  19500] ret=    4.0 MA100=   5.00 loss_pi=-0.0022 loss_v=0.4999 |theta_pi|_1=14663.1 |theta_v|_1=4853.2
[ep  19600] ret=    3.0 MA100=   4.06 loss_pi=-0.0029 loss_v=0.4999 |theta_pi|_1=14660.7 |theta_v|_1=4853.2
[ep  19700] ret=    1.0 MA100=   3.82 loss_pi=-0.0032 loss_v=0.4999 |theta_pi|_1=14682.3 |theta_v|_1=4853.2
[ep  19800] ret=   12.0 MA100=   3.41 loss_pi=-0.0029 loss_v=0.4999 |theta_pi|_1=14661.6 |theta_v|_1=4853.1
[ep  19900] ret=   -5.0 MA100=   4.14 loss_pi=0.0003 loss_v=0.4999 |theta_pi|_1=14687.7 |theta_v|_1=4853.0
[ep  20000] ret=    9.0 MA100=   3.57 loss_pi=-0.0021 loss_v=0.4999 |theta_pi|_1=14731.4 |theta_v|_1=4853.0
[ep  20100] ret=   -5.0 MA100=   4.79 loss_pi=-0.0017 loss_v=0.4999 |theta_pi|_1=14760.6 |theta_v|_1=4852.9
[ep  20200] ret=   -5.0 MA100=   3.60 loss_pi=-0.0024 loss_v=0.4999 |theta_pi|_1=14765.2 |theta_v|_1=4852.9
[ep  20300] ret=    6.0 MA100=   4.51 loss_pi=-0.0060 loss_v=0.4999 |theta_pi|_1=14759.3 |theta_v|_1=4852.9
[ep  20400] ret=   -4.0 MA100=   3.67 loss_pi=-0.0008 loss_v=0.4999 |theta_pi|_1=14813.1 |theta_v|_1=4852.8
[ep  20500] ret=    5.0 MA100=   4.67 loss_pi=-0.0023 loss_v=0.4999 |theta_pi|_1=14830.5 |theta_v|_1=4852.8
[ep  20600] ret=    8.0 MA100=   3.24 loss_pi=-0.0011 loss_v=0.4999 |theta_pi|_1=14907.2 |theta_v|_1=4852.8
[ep  20700] ret=   -1.0 MA100=   3.52 loss_pi=-0.0017 loss_v=0.4999 |theta_pi|_1=14965.4 |theta_v|_1=4852.7
[ep  20800] ret=    4.0 MA100=   3.48 loss_pi=-0.0019 loss_v=0.4999 |theta_pi|_1=15001.5 |theta_v|_1=4852.7
[ep  20900] ret=    5.0 MA100=   3.09 loss_pi=0.0004 loss_v=0.4999 |theta_pi|_1=15027.8 |theta_v|_1=4852.7
[ep  21000] ret=    4.0 MA100=   4.59 loss_pi=-0.0005 loss_v=0.4999 |theta_pi|_1=15072.0 |theta_v|_1=4852.7
[ep  21100] ret=    2.0 MA100=   4.48 loss_pi=-0.0056 loss_v=0.4999 |theta_pi|_1=15042.8 |theta_v|_1=4852.7
[ep  21200] ret=    2.0 MA100=   5.00 loss_pi=-0.0021 loss_v=0.4999 |theta_pi|_1=15092.6 |theta_v|_1=4852.7
[ep  21300] ret=    2.0 MA100=   2.56 loss_pi=-0.0026 loss_v=0.4999 |theta_pi|_1=15117.4 |theta_v|_1=4852.7
[ep  21400] ret=    4.0 MA100=   5.48 loss_pi=-0.0041 loss_v=0.4999 |theta_pi|_1=15127.2 |theta_v|_1=4852.8
[ep  21500] ret=    3.0 MA100=   5.07 loss_pi=-0.0011 loss_v=0.4999 |theta_pi|_1=15166.0 |theta_v|_1=4852.8
[ep  21600] ret=    2.0 MA100=   4.34 loss_pi=-0.0024 loss_v=0.4999 |theta_pi|_1=15158.4 |theta_v|_1=4852.7
[ep  21700] ret=   -1.0 MA100=   3.00 loss_pi=-0.0044 loss_v=0.4999 |theta_pi|_1=15172.3 |theta_v|_1=4852.7
[ep  21800] ret=   15.0 MA100=   5.22 loss_pi=-0.0053 loss_v=0.4999 |theta_pi|_1=15219.8 |theta_v|_1=4852.7
[ep  21900] ret=   10.0 MA100=   4.32 loss_pi=0.0023 loss_v=0.4999 |theta_pi|_1=15187.0 |theta_v|_1=4852.8
[ep  22000] ret=    7.0 MA100=   4.18 loss_pi=-0.0059 loss_v=0.4999 |theta_pi|_1=15244.3 |theta_v|_1=4852.8
[ep  22100] ret=    8.0 MA100=   4.54 loss_pi=-0.0024 loss_v=0.4999 |theta_pi|_1=15240.2 |theta_v|_1=4852.7
[ep  22200] ret=    8.0 MA100=   5.37 loss_pi=-0.0016 loss_v=0.4999 |theta_pi|_1=15253.4 |theta_v|_1=4852.7
[ep  22300] ret=    4.0 MA100=   4.92 loss_pi=-0.0040 loss_v=0.4999 |theta_pi|_1=15250.8 |theta_v|_1=4852.8
[ep  22400] ret=   12.0 MA100=   3.73 loss_pi=-0.0037 loss_v=0.4999 |theta_pi|_1=15302.1 |theta_v|_1=4852.7
[ep  22500] ret=    3.0 MA100=   4.75 loss_pi=-0.0062 loss_v=0.4999 |theta_pi|_1=15362.3 |theta_v|_1=4852.9
[ep  22600] ret=    4.0 MA100=   4.69 loss_pi=-0.0035 loss_v=0.4999 |theta_pi|_1=15399.6 |theta_v|_1=4852.8
[ep  22700] ret=   11.0 MA100=   3.37 loss_pi=-0.0019 loss_v=0.4999 |theta_pi|_1=15414.6 |theta_v|_1=4852.8
[ep  22800] ret=    2.0 MA100=   4.61 loss_pi=-0.0059 loss_v=0.4999 |theta_pi|_1=15405.1 |theta_v|_1=4852.9
[ep  22900] ret=   10.0 MA100=   4.56 loss_pi=-0.0028 loss_v=0.4999 |theta_pi|_1=15398.7 |theta_v|_1=4852.9
[ep  23000] ret=    3.0 MA100=   4.27 loss_pi=-0.0042 loss_v=0.4999 |theta_pi|_1=15376.9 |theta_v|_1=4852.9
[ep  23100] ret=    4.0 MA100=   2.92 loss_pi=-0.0031 loss_v=0.4999 |theta_pi|_1=15373.1 |theta_v|_1=4852.9
[ep  23200] ret=   -1.0 MA100=   4.43 loss_pi=-0.0058 loss_v=0.4999 |theta_pi|_1=15414.7 |theta_v|_1=4852.9
[ep  23300] ret=   13.0 MA100=   3.70 loss_pi=-0.0013 loss_v=0.4999 |theta_pi|_1=15484.9 |theta_v|_1=4852.9
[ep  23400] ret=    7.0 MA100=   3.95 loss_pi=-0.0037 loss_v=0.4999 |theta_pi|_1=15427.4 |theta_v|_1=4852.8
[ep  23500] ret=   -3.0 MA100=   2.78 loss_pi=0.0009 loss_v=0.4999 |theta_pi|_1=15491.6 |theta_v|_1=4852.8
[ep  23600] ret=  -12.0 MA100=   4.53 loss_pi=-0.0007 loss_v=0.4999 |theta_pi|_1=15528.6 |theta_v|_1=4852.8
[ep  23700] ret=    8.0 MA100=   4.12 loss_pi=0.0005 loss_v=0.4999 |theta_pi|_1=15585.9 |theta_v|_1=4852.8
[ep  23800] ret=    8.0 MA100=   3.90 loss_pi=-0.0048 loss_v=0.4999 |theta_pi|_1=15644.3 |theta_v|_1=4852.8
[ep  23900] ret=   10.0 MA100=   4.69 loss_pi=-0.0032 loss_v=0.4999 |theta_pi|_1=15679.2 |theta_v|_1=4852.8
[ep  24000] ret=    4.0 MA100=   5.51 loss_pi=-0.0047 loss_v=0.4999 |theta_pi|_1=15629.5 |theta_v|_1=4852.8
[ep  24100] ret=    3.0 MA100=   4.86 loss_pi=-0.0018 loss_v=0.4999 |theta_pi|_1=15681.7 |theta_v|_1=4852.8
[ep  24200] ret=    2.0 MA100=   2.84 loss_pi=-0.0029 loss_v=0.4999 |theta_pi|_1=15713.3 |theta_v|_1=4852.8
[ep  24300] ret=   11.0 MA100=   3.17 loss_pi=-0.0005 loss_v=0.4999 |theta_pi|_1=15734.0 |theta_v|_1=4852.9
[ep  24400] ret=    2.0 MA100=   3.65 loss_pi=-0.0059 loss_v=0.4999 |theta_pi|_1=15726.0 |theta_v|_1=4852.9
[ep  24500] ret=   10.0 MA100=   4.05 loss_pi=-0.0039 loss_v=0.4999 |theta_pi|_1=15764.6 |theta_v|_1=4853.0
[ep  24600] ret=    2.0 MA100=   3.90 loss_pi=-0.0026 loss_v=0.4999 |theta_pi|_1=15814.3 |theta_v|_1=4853.0
[ep  24700] ret=    5.0 MA100=   3.05 loss_pi=-0.0029 loss_v=0.4999 |theta_pi|_1=15828.3 |theta_v|_1=4853.0
[ep  24800] ret=   13.0 MA100=   4.99 loss_pi=-0.0011 loss_v=0.4999 |theta_pi|_1=15845.4 |theta_v|_1=4852.9
[ep  24900] ret=    4.0 MA100=   4.36 loss_pi=0.0012 loss_v=0.4999 |theta_pi|_1=15871.2 |theta_v|_1=4852.9
[ep  25000] ret=   12.0 MA100=   5.42 loss_pi=-0.0018 loss_v=0.4999 |theta_pi|_1=15860.3 |theta_v|_1=4852.9
[ep  25100] ret=   -7.0 MA100=   4.83 loss_pi=-0.0016 loss_v=0.4999 |theta_pi|_1=15885.1 |theta_v|_1=4852.9
[ep  25200] ret=    8.0 MA100=   3.24 loss_pi=-0.0002 loss_v=0.4999 |theta_pi|_1=15943.2 |theta_v|_1=4852.9
[ep  25300] ret=   12.0 MA100=   5.06 loss_pi=-0.0015 loss_v=0.4999 |theta_pi|_1=15968.9 |theta_v|_1=4852.9
[ep  25400] ret=    3.0 MA100=   4.60 loss_pi=-0.0045 loss_v=0.5000 |theta_pi|_1=15992.1 |theta_v|_1=4852.9
[ep  25500] ret=   10.0 MA100=   4.80 loss_pi=-0.0020 loss_v=0.4999 |theta_pi|_1=16050.0 |theta_v|_1=4852.9
[ep  25600] ret=    8.0 MA100=   4.90 loss_pi=-0.0034 loss_v=0.4999 |theta_pi|_1=16050.4 |theta_v|_1=4852.9
[ep  25700] ret=    1.0 MA100=   3.43 loss_pi=-0.0032 loss_v=0.4999 |theta_pi|_1=16056.1 |theta_v|_1=4852.9
[ep  25800] ret=   -6.0 MA100=   3.86 loss_pi=0.0015 loss_v=0.4999 |theta_pi|_1=16087.0 |theta_v|_1=4852.9
[ep  25900] ret=   -7.0 MA100=   4.69 loss_pi=-0.0012 loss_v=0.4999 |theta_pi|_1=16144.2 |theta_v|_1=4852.9
[ep  26000] ret=   -5.0 MA100=   3.61 loss_pi=0.0001 loss_v=0.4999 |theta_pi|_1=16179.9 |theta_v|_1=4852.9
[ep  26100] ret=    7.0 MA100=   3.63 loss_pi=-0.0019 loss_v=0.4999 |theta_pi|_1=16195.8 |theta_v|_1=4852.9
[ep  26200] ret=    3.0 MA100=   3.80 loss_pi=-0.0027 loss_v=0.4999 |theta_pi|_1=16265.4 |theta_v|_1=4852.9
[ep  26300] ret=   -3.0 MA100=   5.09 loss_pi=-0.0020 loss_v=0.4999 |theta_pi|_1=16311.2 |theta_v|_1=4852.8
[ep  26400] ret=   13.0 MA100=   5.23 loss_pi=0.0013 loss_v=0.4999 |theta_pi|_1=16342.4 |theta_v|_1=4852.9
[ep  26500] ret=   -1.0 MA100=   4.41 loss_pi=0.0000 loss_v=0.5000 |theta_pi|_1=16356.5 |theta_v|_1=4852.8
[ep  26600] ret=    5.0 MA100=   3.29 loss_pi=-0.0019 loss_v=0.4999 |theta_pi|_1=16378.8 |theta_v|_1=4852.8
[ep  26700] ret=    4.0 MA100=   4.08 loss_pi=-0.0010 loss_v=0.4999 |theta_pi|_1=16393.9 |theta_v|_1=4852.8
[ep  26800] ret=   16.0 MA100=   4.65 loss_pi=0.0000 loss_v=0.4999 |theta_pi|_1=16410.2 |theta_v|_1=4852.7
[ep  26900] ret=    2.0 MA100=   3.74 loss_pi=-0.0002 loss_v=0.4999 |theta_pi|_1=16438.7 |theta_v|_1=4852.7
[ep  27000] ret=    2.0 MA100=   3.91 loss_pi=-0.0025 loss_v=0.4999 |theta_pi|_1=16446.3 |theta_v|_1=4852.7
[ep  27100] ret=    5.0 MA100=   3.58 loss_pi=-0.0046 loss_v=0.4999 |theta_pi|_1=16493.6 |theta_v|_1=4852.7
[ep  27200] ret=    9.0 MA100=   3.66 loss_pi=-0.0021 loss_v=0.4999 |theta_pi|_1=16505.1 |theta_v|_1=4852.7
[ep  27300] ret=    4.0 MA100=   4.42 loss_pi=-0.0021 loss_v=0.4999 |theta_pi|_1=16488.7 |theta_v|_1=4852.6
[ep  27400] ret=    4.0 MA100=   4.63 loss_pi=-0.0019 loss_v=0.4999 |theta_pi|_1=16458.7 |theta_v|_1=4852.6
[ep  27500] ret=    2.0 MA100=   4.82 loss_pi=-0.0013 loss_v=0.4999 |theta_pi|_1=16472.9 |theta_v|_1=4852.6
[ep  27600] ret=    1.0 MA100=   5.38 loss_pi=0.0045 loss_v=0.4999 |theta_pi|_1=16514.1 |theta_v|_1=4852.6
[ep  27700] ret=   -2.0 MA100=   4.04 loss_pi=-0.0006 loss_v=0.4999 |theta_pi|_1=16528.8 |theta_v|_1=4852.6
[ep  27800] ret=   -7.0 MA100=   4.90 loss_pi=-0.0051 loss_v=0.4999 |theta_pi|_1=16561.3 |theta_v|_1=4852.6
[ep  27900] ret=    8.0 MA100=   3.79 loss_pi=-0.0040 loss_v=0.4999 |theta_pi|_1=16582.1 |theta_v|_1=4852.6
[ep  28000] ret=   -1.0 MA100=   2.35 loss_pi=-0.0044 loss_v=0.4999 |theta_pi|_1=16622.2 |theta_v|_1=4852.6
[ep  28100] ret=   -5.0 MA100=   3.71 loss_pi=0.0008 loss_v=0.4999 |theta_pi|_1=16668.0 |theta_v|_1=4852.6
[ep  28200] ret=    7.0 MA100=   4.00 loss_pi=-0.0014 loss_v=0.4999 |theta_pi|_1=16683.1 |theta_v|_1=4852.6
[ep  28300] ret=   10.0 MA100=   5.48 loss_pi=-0.0030 loss_v=0.4999 |theta_pi|_1=16743.6 |theta_v|_1=4852.6
[ep  28400] ret=   -4.0 MA100=   4.34 loss_pi=-0.0012 loss_v=0.4999 |theta_pi|_1=16732.7 |theta_v|_1=4852.6
[ep  28500] ret=    9.0 MA100=   4.58 loss_pi=-0.0025 loss_v=0.4999 |theta_pi|_1=16707.2 |theta_v|_1=4852.6
[ep  28600] ret=   -5.0 MA100=   4.37 loss_pi=0.0004 loss_v=0.4999 |theta_pi|_1=16753.8 |theta_v|_1=4852.6
[ep  28700] ret=   10.0 MA100=   5.43 loss_pi=-0.0051 loss_v=0.4999 |theta_pi|_1=16778.8 |theta_v|_1=4852.6
[ep  28800] ret=    7.0 MA100=   4.77 loss_pi=-0.0026 loss_v=0.4999 |theta_pi|_1=16882.6 |theta_v|_1=4852.7
[ep  28900] ret=    6.0 MA100=   3.11 loss_pi=-0.0006 loss_v=0.4999 |theta_pi|_1=16912.7 |theta_v|_1=4852.6
[ep  29000] ret=    1.0 MA100=   5.47 loss_pi=-0.0007 loss_v=0.4999 |theta_pi|_1=16984.8 |theta_v|_1=4852.6
[ep  29100] ret=    3.0 MA100=   5.40 loss_pi=-0.0037 loss_v=0.4999 |theta_pi|_1=17037.1 |theta_v|_1=4852.6
[ep  29200] ret=    7.0 MA100=   5.05 loss_pi=-0.0056 loss_v=0.4999 |theta_pi|_1=17037.7 |theta_v|_1=4852.6
[ep  29300] ret=    8.0 MA100=   5.69 loss_pi=0.0006 loss_v=0.4999 |theta_pi|_1=17030.0 |theta_v|_1=4852.6
[ep  29400] ret=   15.0 MA100=   5.51 loss_pi=0.0022 loss_v=0.4999 |theta_pi|_1=17013.0 |theta_v|_1=4852.7
[ep  29500] ret=    7.0 MA100=   5.00 loss_pi=-0.0022 loss_v=0.4999 |theta_pi|_1=17052.2 |theta_v|_1=4852.6
[ep  29600] ret=    9.0 MA100=   6.61 loss_pi=-0.0048 loss_v=0.4999 |theta_pi|_1=17015.0 |theta_v|_1=4852.6
[ep  29700] ret=    2.0 MA100=   6.46 loss_pi=-0.0049 loss_v=0.4999 |theta_pi|_1=17070.8 |theta_v|_1=4852.6
[ep  29800] ret=    7.0 MA100=   7.04 loss_pi=-0.0014 loss_v=0.4999 |theta_pi|_1=17133.9 |theta_v|_1=4852.6
[ep  29900] ret=    4.0 MA100=   6.25 loss_pi=-0.0058 loss_v=0.4999 |theta_pi|_1=17143.7 |theta_v|_1=4852.6
[ep  30000] ret=   15.0 MA100=   6.34 loss_pi=-0.0018 loss_v=0.4999 |theta_pi|_1=17200.3 |theta_v|_1=4852.6
[ep  30100] ret=    7.0 MA100=   6.89 loss_pi=-0.0050 loss_v=0.4999 |theta_pi|_1=17188.1 |theta_v|_1=4852.6
[ep  30200] ret=    3.0 MA100=   6.91 loss_pi=-0.0018 loss_v=0.4999 |theta_pi|_1=17159.2 |theta_v|_1=4852.7
[ep  30300] ret=    2.0 MA100=   7.20 loss_pi=-0.0055 loss_v=0.4999 |theta_pi|_1=17246.1 |theta_v|_1=4852.7
[ep  30400] ret=   -2.0 MA100=   5.41 loss_pi=-0.0054 loss_v=0.4999 |theta_pi|_1=17187.1 |theta_v|_1=4852.8
[ep  30500] ret=    8.0 MA100=   6.61 loss_pi=-0.0006 loss_v=0.4999 |theta_pi|_1=17234.0 |theta_v|_1=4852.7
[ep  30600] ret=    2.0 MA100=   7.02 loss_pi=-0.0032 loss_v=0.5000 |theta_pi|_1=17310.5 |theta_v|_1=4852.7
[ep  30700] ret=    7.0 MA100=   7.24 loss_pi=-0.0025 loss_v=0.4999 |theta_pi|_1=17363.9 |theta_v|_1=4852.8
[ep  30800] ret=   12.0 MA100=   7.70 loss_pi=-0.0027 loss_v=0.4999 |theta_pi|_1=17413.4 |theta_v|_1=4852.7
[ep  30900] ret=    9.0 MA100=   6.93 loss_pi=-0.0029 loss_v=0.4999 |theta_pi|_1=17367.1 |theta_v|_1=4852.6
[ep  31000] ret=   11.0 MA100=   7.46 loss_pi=-0.0057 loss_v=0.4999 |theta_pi|_1=17358.0 |theta_v|_1=4852.6
[ep  31100] ret=    9.0 MA100=   7.65 loss_pi=-0.0025 loss_v=0.4999 |theta_pi|_1=17427.6 |theta_v|_1=4852.7
[ep  31200] ret=    4.0 MA100=   8.00 loss_pi=-0.0033 loss_v=0.4999 |theta_pi|_1=17464.2 |theta_v|_1=4852.7
[ep  31300] ret=    1.0 MA100=   6.89 loss_pi=-0.0010 loss_v=0.5000 |theta_pi|_1=17468.5 |theta_v|_1=4852.7
[ep  31400] ret=   -3.0 MA100=   7.34 loss_pi=0.0012 loss_v=0.5000 |theta_pi|_1=17447.8 |theta_v|_1=4852.7
[ep  31500] ret=   10.0 MA100=   7.98 loss_pi=-0.0047 loss_v=0.4999 |theta_pi|_1=17482.3 |theta_v|_1=4852.7
[ep  31600] ret=    9.0 MA100=   8.01 loss_pi=-0.0030 loss_v=0.4999 |theta_pi|_1=17506.7 |theta_v|_1=4852.7
[ep  31700] ret=    2.0 MA100=   8.74 loss_pi=-0.0022 loss_v=0.4999 |theta_pi|_1=17565.8 |theta_v|_1=4852.7
[ep  31800] ret=   14.0 MA100=   6.81 loss_pi=-0.0034 loss_v=0.4999 |theta_pi|_1=17557.3 |theta_v|_1=4852.7
[ep  31900] ret=   11.0 MA100=   6.24 loss_pi=-0.0034 loss_v=0.4999 |theta_pi|_1=17643.3 |theta_v|_1=4852.7
[ep  32000] ret=   12.0 MA100=   7.84 loss_pi=-0.0054 loss_v=0.4999 |theta_pi|_1=17608.6 |theta_v|_1=4852.7
[ep  32100] ret=   -9.0 MA100=   6.31 loss_pi=-0.0015 loss_v=0.4999 |theta_pi|_1=17575.9 |theta_v|_1=4852.7
[ep  32200] ret=    7.0 MA100=   7.97 loss_pi=-0.0054 loss_v=0.5000 |theta_pi|_1=17631.9 |theta_v|_1=4852.7
[ep  32300] ret=   10.0 MA100=   7.74 loss_pi=-0.0027 loss_v=0.4999 |theta_pi|_1=17672.7 |theta_v|_1=4852.7
[ep  32400] ret=    6.0 MA100=   8.47 loss_pi=-0.0018 loss_v=0.4999 |theta_pi|_1=17729.4 |theta_v|_1=4852.8
[ep  32500] ret=   13.0 MA100=   7.40 loss_pi=-0.0010 loss_v=0.4999 |theta_pi|_1=17744.1 |theta_v|_1=4852.8
[ep  32600] ret=    2.0 MA100=   9.17 loss_pi=-0.0036 loss_v=0.4999 |theta_pi|_1=17728.0 |theta_v|_1=4852.8
[ep  32700] ret=   15.0 MA100=   8.20 loss_pi=-0.0042 loss_v=0.4999 |theta_pi|_1=17732.5 |theta_v|_1=4852.7
[ep  32800] ret=    7.0 MA100=   8.92 loss_pi=-0.0024 loss_v=0.4999 |theta_pi|_1=17748.0 |theta_v|_1=4852.8
[ep  32900] ret=    9.0 MA100=   8.17 loss_pi=-0.0024 loss_v=0.4999 |theta_pi|_1=17803.5 |theta_v|_1=4852.7
[ep  33000] ret=   14.0 MA100=   7.88 loss_pi=-0.0026 loss_v=0.4999 |theta_pi|_1=17800.5 |theta_v|_1=4852.7
[ep  33100] ret=   -2.0 MA100=   6.78 loss_pi=-0.0026 loss_v=0.4999 |theta_pi|_1=17836.6 |theta_v|_1=4852.7
[ep  33200] ret=   -5.0 MA100=   6.53 loss_pi=-0.0009 loss_v=0.5000 |theta_pi|_1=17832.4 |theta_v|_1=4852.7
[ep  33300] ret=    5.0 MA100=   6.21 loss_pi=0.0005 loss_v=0.4999 |theta_pi|_1=17813.9 |theta_v|_1=4852.7
[ep  33400] ret=    3.0 MA100=   7.60 loss_pi=-0.0062 loss_v=0.4999 |theta_pi|_1=17828.6 |theta_v|_1=4852.7
[ep  33500] ret=   11.0 MA100=   8.19 loss_pi=0.0013 loss_v=0.4999 |theta_pi|_1=17855.0 |theta_v|_1=4852.7
[ep  33600] ret=   12.0 MA100=   7.46 loss_pi=-0.0033 loss_v=0.4999 |theta_pi|_1=17846.5 |theta_v|_1=4852.8
[ep  33700] ret=   -3.0 MA100=   7.55 loss_pi=0.0010 loss_v=0.4999 |theta_pi|_1=17881.7 |theta_v|_1=4852.8
[ep  33800] ret=   14.0 MA100=   8.05 loss_pi=-0.0061 loss_v=0.4999 |theta_pi|_1=17936.2 |theta_v|_1=4852.8
[ep  33900] ret=    7.0 MA100=   7.15 loss_pi=-0.0044 loss_v=0.4999 |theta_pi|_1=17964.1 |theta_v|_1=4852.7
[ep  34000] ret=   14.0 MA100=   7.43 loss_pi=-0.0074 loss_v=0.4999 |theta_pi|_1=17968.1 |theta_v|_1=4852.7
[ep  34100] ret=   -3.0 MA100=   8.02 loss_pi=-0.0005 loss_v=0.4999 |theta_pi|_1=17995.1 |theta_v|_1=4852.7
[ep  34200] ret=   -1.0 MA100=   8.32 loss_pi=-0.0032 loss_v=0.4999 |theta_pi|_1=18058.2 |theta_v|_1=4852.7
[ep  34300] ret=   10.0 MA100=   7.75 loss_pi=-0.0068 loss_v=0.4999 |theta_pi|_1=18053.4 |theta_v|_1=4852.8
[ep  34400] ret=   10.0 MA100=   8.61 loss_pi=-0.0012 loss_v=0.4999 |theta_pi|_1=18061.3 |theta_v|_1=4852.7
[ep  34500] ret=    2.0 MA100=   8.02 loss_pi=-0.0028 loss_v=0.4999 |theta_pi|_1=18079.0 |theta_v|_1=4852.8
[ep  34600] ret=    3.0 MA100=   8.17 loss_pi=-0.0018 loss_v=0.4999 |theta_pi|_1=18094.8 |theta_v|_1=4852.8
[ep  34700] ret=   16.0 MA100=   8.75 loss_pi=-0.0093 loss_v=0.4999 |theta_pi|_1=18117.7 |theta_v|_1=4852.9
[ep  34800] ret=   -3.0 MA100=   8.64 loss_pi=-0.0011 loss_v=0.4999 |theta_pi|_1=18146.2 |theta_v|_1=4852.8
[ep  34900] ret=    4.0 MA100=   8.57 loss_pi=-0.0038 loss_v=0.4999 |theta_pi|_1=18235.0 |theta_v|_1=4852.8
[ep  35000] ret=    5.0 MA100=   8.26 loss_pi=-0.0047 loss_v=0.5000 |theta_pi|_1=18263.9 |theta_v|_1=4852.9
[ep  35100] ret=   14.0 MA100=   7.82 loss_pi=-0.0048 loss_v=0.4999 |theta_pi|_1=18292.1 |theta_v|_1=4852.9
[ep  35200] ret=   18.0 MA100=   7.03 loss_pi=-0.0070 loss_v=0.4999 |theta_pi|_1=18321.6 |theta_v|_1=4852.9
[ep  35300] ret=    3.0 MA100=   6.21 loss_pi=0.0001 loss_v=0.4999 |theta_pi|_1=18361.7 |theta_v|_1=4853.1
[ep  35400] ret=   13.0 MA100=   7.50 loss_pi=-0.0017 loss_v=0.4999 |theta_pi|_1=18370.9 |theta_v|_1=4853.0
[ep  35500] ret=   10.0 MA100=   8.36 loss_pi=-0.0035 loss_v=0.4999 |theta_pi|_1=18388.5 |theta_v|_1=4853.1
[ep  35600] ret=    5.0 MA100=   8.25 loss_pi=-0.0051 loss_v=0.4999 |theta_pi|_1=18391.1 |theta_v|_1=4853.0
[ep  35700] ret=   12.0 MA100=   7.48 loss_pi=-0.0015 loss_v=0.4999 |theta_pi|_1=18426.9 |theta_v|_1=4853.0
[ep  35800] ret=    7.0 MA100=   6.87 loss_pi=-0.0033 loss_v=0.4999 |theta_pi|_1=18448.4 |theta_v|_1=4853.0
[ep  35900] ret=    6.0 MA100=   6.80 loss_pi=-0.0002 loss_v=0.4999 |theta_pi|_1=18480.3 |theta_v|_1=4853.0
[ep  36000] ret=   10.0 MA100=   6.98 loss_pi=-0.0002 loss_v=0.4999 |theta_pi|_1=18500.9 |theta_v|_1=4853.2
[ep  36100] ret=   12.0 MA100=   9.39 loss_pi=0.0029 loss_v=0.4999 |theta_pi|_1=18492.5 |theta_v|_1=4853.2
[ep  36200] ret=    4.0 MA100=   7.65 loss_pi=-0.0034 loss_v=0.4999 |theta_pi|_1=18528.1 |theta_v|_1=4853.4
[ep  36300] ret=    5.0 MA100=   7.87 loss_pi=-0.0055 loss_v=0.4999 |theta_pi|_1=18552.8 |theta_v|_1=4853.4
[ep  36400] ret=    9.0 MA100=   6.28 loss_pi=-0.0050 loss_v=0.4999 |theta_pi|_1=18528.3 |theta_v|_1=4853.4
[ep  36500] ret=    8.0 MA100=   6.68 loss_pi=-0.0070 loss_v=0.4999 |theta_pi|_1=18554.8 |theta_v|_1=4853.5
[ep  36600] ret=   12.0 MA100=   8.28 loss_pi=-0.0044 loss_v=0.4999 |theta_pi|_1=18562.9 |theta_v|_1=4853.4
[ep  36700] ret=   17.0 MA100=   7.74 loss_pi=-0.0078 loss_v=0.4999 |theta_pi|_1=18597.9 |theta_v|_1=4853.5
[ep  36800] ret=   18.0 MA100=   8.54 loss_pi=-0.0031 loss_v=0.4999 |theta_pi|_1=18632.5 |theta_v|_1=4853.6
[ep  36900] ret=    6.0 MA100=   8.53 loss_pi=0.0002 loss_v=0.4999 |theta_pi|_1=18655.7 |theta_v|_1=4853.6
[ep  37000] ret=   13.0 MA100=   7.73 loss_pi=-0.0052 loss_v=0.4999 |theta_pi|_1=18686.1 |theta_v|_1=4853.6
[ep  37100] ret=    8.0 MA100=   7.97 loss_pi=-0.0032 loss_v=0.4999 |theta_pi|_1=18694.1 |theta_v|_1=4853.9
[ep  37200] ret=   17.0 MA100=   8.01 loss_pi=-0.0049 loss_v=0.4999 |theta_pi|_1=18719.1 |theta_v|_1=4853.8
[ep  37300] ret=   14.0 MA100=   7.35 loss_pi=-0.0047 loss_v=0.4999 |theta_pi|_1=18809.0 |theta_v|_1=4853.5
[ep  37400] ret=    6.0 MA100=   8.18 loss_pi=-0.0028 loss_v=0.4999 |theta_pi|_1=18849.9 |theta_v|_1=4853.7
[ep  37500] ret=   -1.0 MA100=   7.28 loss_pi=-0.0032 loss_v=0.4999 |theta_pi|_1=18889.0 |theta_v|_1=4853.5
[ep  37600] ret=    4.0 MA100=   7.66 loss_pi=-0.0004 loss_v=0.4999 |theta_pi|_1=18908.4 |theta_v|_1=4853.3
[ep  37700] ret=    3.0 MA100=   8.63 loss_pi=-0.0013 loss_v=0.4999 |theta_pi|_1=18913.0 |theta_v|_1=4853.1
[ep  37800] ret=    8.0 MA100=   8.56 loss_pi=-0.0007 loss_v=0.4999 |theta_pi|_1=18965.8 |theta_v|_1=4853.1
[ep  37900] ret=    8.0 MA100=   8.89 loss_pi=0.0008 loss_v=0.4999 |theta_pi|_1=18997.4 |theta_v|_1=4852.9
[ep  38000] ret=    8.0 MA100=   9.16 loss_pi=0.0019 loss_v=0.4999 |theta_pi|_1=19016.7 |theta_v|_1=4852.9
[ep  38100] ret=   13.0 MA100=   9.53 loss_pi=-0.0028 loss_v=0.4999 |theta_pi|_1=19011.0 |theta_v|_1=4852.9
[ep  38200] ret=    5.0 MA100=   8.91 loss_pi=-0.0002 loss_v=0.5000 |theta_pi|_1=19068.9 |theta_v|_1=4852.8
[ep  38300] ret=    2.0 MA100=   7.47 loss_pi=-0.0037 loss_v=0.4999 |theta_pi|_1=19102.4 |theta_v|_1=4852.9
[ep  38400] ret=    9.0 MA100=   8.04 loss_pi=-0.0027 loss_v=0.4999 |theta_pi|_1=19118.5 |theta_v|_1=4852.9
[ep  38500] ret=    6.0 MA100=   8.74 loss_pi=0.0017 loss_v=0.4999 |theta_pi|_1=19164.8 |theta_v|_1=4853.0
[ep  38600] ret=    2.0 MA100=   8.36 loss_pi=0.0004 loss_v=0.4999 |theta_pi|_1=19175.6 |theta_v|_1=4853.0
[ep  38700] ret=   16.0 MA100=   8.44 loss_pi=-0.0009 loss_v=0.4999 |theta_pi|_1=19197.2 |theta_v|_1=4852.9
[ep  38800] ret=   -2.0 MA100=   8.93 loss_pi=-0.0025 loss_v=0.4999 |theta_pi|_1=19184.4 |theta_v|_1=4852.9
[ep  38900] ret=   -1.0 MA100=   9.08 loss_pi=-0.0020 loss_v=0.4999 |theta_pi|_1=19207.4 |theta_v|_1=4853.1
[ep  39000] ret=    4.0 MA100=   8.07 loss_pi=0.0004 loss_v=0.4999 |theta_pi|_1=19208.4 |theta_v|_1=4853.0
[ep  39100] ret=    8.0 MA100=   8.48 loss_pi=-0.0019 loss_v=0.4999 |theta_pi|_1=19242.6 |theta_v|_1=4852.9
[ep  39200] ret=   11.0 MA100=   8.64 loss_pi=-0.0058 loss_v=0.4999 |theta_pi|_1=19278.0 |theta_v|_1=4852.9
[ep  39300] ret=   10.0 MA100=   9.14 loss_pi=-0.0051 loss_v=0.4999 |theta_pi|_1=19306.0 |theta_v|_1=4853.0
[ep  39400] ret=   14.0 MA100=   8.43 loss_pi=-0.0020 loss_v=0.4999 |theta_pi|_1=19326.2 |theta_v|_1=4853.0
[ep  39500] ret=    3.0 MA100=   7.82 loss_pi=-0.0043 loss_v=0.4999 |theta_pi|_1=19408.9 |theta_v|_1=4853.1
[ep  39600] ret=   12.0 MA100=   8.78 loss_pi=-0.0041 loss_v=0.4999 |theta_pi|_1=19444.9 |theta_v|_1=4853.3
[ep  39700] ret=    9.0 MA100=   8.71 loss_pi=-0.0008 loss_v=0.4999 |theta_pi|_1=19456.4 |theta_v|_1=4853.2
[ep  39800] ret=    9.0 MA100=   7.72 loss_pi=-0.0008 loss_v=0.4999 |theta_pi|_1=19461.8 |theta_v|_1=4853.1
[ep  39900] ret=   12.0 MA100=   8.81 loss_pi=-0.0019 loss_v=0.4999 |theta_pi|_1=19475.6 |theta_v|_1=4853.1
[ep  40000] ret=    9.0 MA100=   8.26 loss_pi=-0.0035 loss_v=0.4999 |theta_pi|_1=19504.7 |theta_v|_1=4853.0
[ep  40100] ret=   11.0 MA100=   8.89 loss_pi=-0.0022 loss_v=0.4999 |theta_pi|_1=19511.3 |theta_v|_1=4853.1
[ep  40200] ret=   10.0 MA100=   8.88 loss_pi=-0.0022 loss_v=0.4999 |theta_pi|_1=19545.8 |theta_v|_1=4853.3
[ep  40300] ret=   15.0 MA100=   9.46 loss_pi=0.0004 loss_v=0.4999 |theta_pi|_1=19601.5 |theta_v|_1=4853.3
[ep  40400] ret=    6.0 MA100=   8.23 loss_pi=-0.0018 loss_v=0.4999 |theta_pi|_1=19609.4 |theta_v|_1=4853.3
[ep  40500] ret=   10.0 MA100=   9.41 loss_pi=-0.0032 loss_v=0.4999 |theta_pi|_1=19655.0 |theta_v|_1=4853.1
[ep  40600] ret=   16.0 MA100=   8.47 loss_pi=-0.0025 loss_v=0.4999 |theta_pi|_1=19676.4 |theta_v|_1=4853.0
[ep  40700] ret=   18.0 MA100=   7.99 loss_pi=-0.0020 loss_v=0.4999 |theta_pi|_1=19662.4 |theta_v|_1=4853.0
[ep  40800] ret=   11.0 MA100=   8.49 loss_pi=-0.0036 loss_v=0.4999 |theta_pi|_1=19634.9 |theta_v|_1=4853.1
[ep  40900] ret=   -5.0 MA100=   8.77 loss_pi=-0.0019 loss_v=0.4999 |theta_pi|_1=19637.9 |theta_v|_1=4853.1
[ep  41000] ret=    9.0 MA100=   8.54 loss_pi=-0.0014 loss_v=0.4999 |theta_pi|_1=19625.1 |theta_v|_1=4852.9
[ep  41100] ret=    8.0 MA100=   9.16 loss_pi=-0.0018 loss_v=0.4999 |theta_pi|_1=19645.2 |theta_v|_1=4852.9
[ep  41200] ret=   12.0 MA100=   8.66 loss_pi=-0.0035 loss_v=0.4999 |theta_pi|_1=19671.5 |theta_v|_1=4852.9
[ep  41300] ret=   11.0 MA100=   9.04 loss_pi=-0.0026 loss_v=0.4999 |theta_pi|_1=19728.1 |theta_v|_1=4852.8
[ep  41400] ret=   11.0 MA100=   7.35 loss_pi=-0.0064 loss_v=0.4999 |theta_pi|_1=19798.5 |theta_v|_1=4852.8
[ep  41500] ret=   15.0 MA100=   8.68 loss_pi=-0.0047 loss_v=0.4999 |theta_pi|_1=19823.0 |theta_v|_1=4853.0
[ep  41600] ret=   17.0 MA100=   8.77 loss_pi=-0.0036 loss_v=0.4999 |theta_pi|_1=19850.9 |theta_v|_1=4852.9
[ep  41700] ret=    5.0 MA100=   8.77 loss_pi=-0.0001 loss_v=0.4999 |theta_pi|_1=19871.0 |theta_v|_1=4852.8
[ep  41800] ret=    9.0 MA100=   8.73 loss_pi=-0.0019 loss_v=0.4999 |theta_pi|_1=19902.2 |theta_v|_1=4852.8
[ep  41900] ret=    5.0 MA100=   8.50 loss_pi=-0.0054 loss_v=0.4999 |theta_pi|_1=19912.5 |theta_v|_1=4852.8
[ep  42000] ret=   11.0 MA100=   7.67 loss_pi=-0.0011 loss_v=0.4999 |theta_pi|_1=19949.3 |theta_v|_1=4852.7
[ep  42100] ret=    3.0 MA100=   7.53 loss_pi=-0.0039 loss_v=0.4999 |theta_pi|_1=19978.5 |theta_v|_1=4852.8
[ep  42200] ret=    8.0 MA100=   8.53 loss_pi=-0.0020 loss_v=0.4999 |theta_pi|_1=20005.4 |theta_v|_1=4852.9
[ep  42300] ret=    6.0 MA100=   8.37 loss_pi=-0.0030 loss_v=0.5000 |theta_pi|_1=20002.3 |theta_v|_1=4852.9
[ep  42400] ret=   12.0 MA100=   8.15 loss_pi=-0.0021 loss_v=0.4999 |theta_pi|_1=20030.8 |theta_v|_1=4852.9
[ep  42500] ret=   13.0 MA100=   8.99 loss_pi=-0.0043 loss_v=0.4999 |theta_pi|_1=20069.4 |theta_v|_1=4853.0
[ep  42600] ret=   10.0 MA100=   9.47 loss_pi=-0.0045 loss_v=0.4999 |theta_pi|_1=20100.2 |theta_v|_1=4853.0
[ep  42700] ret=    9.0 MA100=   7.32 loss_pi=-0.0010 loss_v=0.4999 |theta_pi|_1=20101.0 |theta_v|_1=4853.0
[ep  42800] ret=    6.0 MA100=   8.95 loss_pi=-0.0008 loss_v=0.5000 |theta_pi|_1=20124.4 |theta_v|_1=4853.0
[ep  42900] ret=   13.0 MA100=   8.20 loss_pi=-0.0017 loss_v=0.4999 |theta_pi|_1=20156.1 |theta_v|_1=4853.0
[ep  43000] ret=    7.0 MA100=   8.83 loss_pi=-0.0015 loss_v=0.4999 |theta_pi|_1=20185.1 |theta_v|_1=4853.0
[ep  43100] ret=    9.0 MA100=   8.45 loss_pi=-0.0032 loss_v=0.4999 |theta_pi|_1=20188.9 |theta_v|_1=4853.1
[ep  43200] ret=    5.0 MA100=   7.51 loss_pi=-0.0019 loss_v=0.4999 |theta_pi|_1=20208.9 |theta_v|_1=4853.1
[ep  43300] ret=    8.0 MA100=   8.05 loss_pi=-0.0029 loss_v=0.4999 |theta_pi|_1=20244.9 |theta_v|_1=4853.0
[ep  43400] ret=   12.0 MA100=   9.03 loss_pi=-0.0036 loss_v=0.4999 |theta_pi|_1=20267.3 |theta_v|_1=4852.9
[ep  43500] ret=    5.0 MA100=   9.69 loss_pi=-0.0016 loss_v=0.4999 |theta_pi|_1=20285.1 |theta_v|_1=4852.9
[ep  43600] ret=   12.0 MA100=   7.53 loss_pi=-0.0018 loss_v=0.4999 |theta_pi|_1=20294.5 |theta_v|_1=4852.8
[ep  43700] ret=   10.0 MA100=   8.78 loss_pi=-0.0009 loss_v=0.4999 |theta_pi|_1=20314.5 |theta_v|_1=4853.0
[ep  43800] ret=   14.0 MA100=   9.69 loss_pi=-0.0040 loss_v=0.4999 |theta_pi|_1=20337.7 |theta_v|_1=4853.0
[ep  43900] ret=   11.0 MA100=   9.49 loss_pi=-0.0027 loss_v=0.4999 |theta_pi|_1=20377.4 |theta_v|_1=4853.0
[ep  44000] ret=   10.0 MA100=   9.28 loss_pi=-0.0015 loss_v=0.4999 |theta_pi|_1=20394.1 |theta_v|_1=4853.2
[ep  44100] ret=   11.0 MA100=   8.97 loss_pi=-0.0068 loss_v=0.4999 |theta_pi|_1=20414.5 |theta_v|_1=4853.2
[ep  44200] ret=    7.0 MA100=   8.53 loss_pi=-0.0027 loss_v=0.5000 |theta_pi|_1=20415.9 |theta_v|_1=4853.3
[ep  44300] ret=    6.0 MA100=   7.75 loss_pi=-0.0019 loss_v=0.4999 |theta_pi|_1=20442.2 |theta_v|_1=4853.2
[ep  44400] ret=   12.0 MA100=   8.73 loss_pi=-0.0043 loss_v=0.4999 |theta_pi|_1=20471.5 |theta_v|_1=4853.3
[ep  44500] ret=    2.0 MA100=   8.86 loss_pi=-0.0001 loss_v=0.5000 |theta_pi|_1=20459.8 |theta_v|_1=4853.4
[ep  44600] ret=    7.0 MA100=   8.16 loss_pi=-0.0009 loss_v=0.4999 |theta_pi|_1=20455.0 |theta_v|_1=4853.3
[ep  44700] ret=   13.0 MA100=   8.96 loss_pi=-0.0038 loss_v=0.4999 |theta_pi|_1=20487.7 |theta_v|_1=4853.3
[ep  44800] ret=    2.0 MA100=   8.29 loss_pi=-0.0007 loss_v=0.4999 |theta_pi|_1=20513.7 |theta_v|_1=4853.4
[ep  44900] ret=    8.0 MA100=   8.98 loss_pi=-0.0030 loss_v=0.4999 |theta_pi|_1=20520.5 |theta_v|_1=4853.4
[ep  45000] ret=   11.0 MA100=   8.94 loss_pi=-0.0034 loss_v=0.4999 |theta_pi|_1=20517.8 |theta_v|_1=4853.4
[ep  45100] ret=    9.0 MA100=   8.98 loss_pi=-0.0022 loss_v=0.4999 |theta_pi|_1=20537.0 |theta_v|_1=4853.2
[ep  45200] ret=   11.0 MA100=   8.31 loss_pi=-0.0012 loss_v=0.4999 |theta_pi|_1=20550.4 |theta_v|_1=4853.0
[ep  45300] ret=    6.0 MA100=   7.94 loss_pi=-0.0033 loss_v=0.4999 |theta_pi|_1=20600.2 |theta_v|_1=4852.8
[ep  45400] ret=    7.0 MA100=   8.51 loss_pi=-0.0014 loss_v=0.4999 |theta_pi|_1=20604.9 |theta_v|_1=4852.8
[ep  45500] ret=   13.0 MA100=   8.69 loss_pi=-0.0037 loss_v=0.4999 |theta_pi|_1=20603.8 |theta_v|_1=4852.8
[ep  45600] ret=    7.0 MA100=   8.91 loss_pi=0.0021 loss_v=0.4999 |theta_pi|_1=20624.5 |theta_v|_1=4852.7
[ep  45700] ret=   13.0 MA100=   8.79 loss_pi=-0.0042 loss_v=0.4999 |theta_pi|_1=20674.8 |theta_v|_1=4852.7
[ep  45800] ret=    8.0 MA100=   8.97 loss_pi=-0.0033 loss_v=0.4999 |theta_pi|_1=20661.7 |theta_v|_1=4852.7
[ep  45900] ret=    9.0 MA100=   8.30 loss_pi=-0.0032 loss_v=0.4999 |theta_pi|_1=20679.6 |theta_v|_1=4852.6
[ep  46000] ret=    9.0 MA100=   8.37 loss_pi=-0.0021 loss_v=0.4999 |theta_pi|_1=20686.2 |theta_v|_1=4852.7
[ep  46100] ret=    7.0 MA100=   9.30 loss_pi=-0.0021 loss_v=0.4999 |theta_pi|_1=20697.9 |theta_v|_1=4852.6
[ep  46200] ret=    4.0 MA100=   7.52 loss_pi=-0.0018 loss_v=0.4999 |theta_pi|_1=20721.3 |theta_v|_1=4852.6
[ep  46300] ret=   16.0 MA100=   8.65 loss_pi=-0.0040 loss_v=0.4999 |theta_pi|_1=20782.2 |theta_v|_1=4852.6
[ep  46400] ret=    8.0 MA100=   8.95 loss_pi=-0.0008 loss_v=0.4999 |theta_pi|_1=20848.7 |theta_v|_1=4852.7
[ep  46500] ret=   12.0 MA100=   8.96 loss_pi=-0.0013 loss_v=0.4999 |theta_pi|_1=20885.8 |theta_v|_1=4852.8
[ep  46600] ret=   14.0 MA100=   8.50 loss_pi=-0.0023 loss_v=0.4999 |theta_pi|_1=20874.5 |theta_v|_1=4852.8
[ep  46700] ret=   14.0 MA100=   9.12 loss_pi=-0.0021 loss_v=0.4999 |theta_pi|_1=20867.2 |theta_v|_1=4852.8
[ep  46800] ret=   14.0 MA100=   9.60 loss_pi=-0.0029 loss_v=0.4999 |theta_pi|_1=20896.9 |theta_v|_1=4852.8
[ep  46900] ret=   15.0 MA100=   8.59 loss_pi=-0.0069 loss_v=0.4999 |theta_pi|_1=20916.3 |theta_v|_1=4852.8
[ep  47000] ret=    9.0 MA100=   8.39 loss_pi=-0.0010 loss_v=0.4999 |theta_pi|_1=20922.8 |theta_v|_1=4852.8
[ep  47100] ret=   13.0 MA100=   9.61 loss_pi=-0.0029 loss_v=0.4999 |theta_pi|_1=20940.5 |theta_v|_1=4852.7
[ep  47200] ret=    8.0 MA100=   9.17 loss_pi=0.0019 loss_v=0.4999 |theta_pi|_1=20984.4 |theta_v|_1=4852.6
[ep  47300] ret=    6.0 MA100=   8.22 loss_pi=-0.0030 loss_v=0.4999 |theta_pi|_1=21018.3 |theta_v|_1=4852.7
[ep  47400] ret=    5.0 MA100=   9.43 loss_pi=-0.0032 loss_v=0.4999 |theta_pi|_1=21079.7 |theta_v|_1=4852.7
[ep  47500] ret=    9.0 MA100=   9.76 loss_pi=-0.0022 loss_v=0.4999 |theta_pi|_1=21096.9 |theta_v|_1=4852.7
[ep  47600] ret=   10.0 MA100=   8.96 loss_pi=0.0024 loss_v=0.4999 |theta_pi|_1=21114.2 |theta_v|_1=4852.7
[ep  47700] ret=   12.0 MA100=  10.16 loss_pi=0.0004 loss_v=0.4999 |theta_pi|_1=21119.1 |theta_v|_1=4852.6
[ep  47800] ret=    9.0 MA100=   8.40 loss_pi=-0.0030 loss_v=0.4999 |theta_pi|_1=21180.1 |theta_v|_1=4852.7
[ep  47900] ret=   10.0 MA100=   8.40 loss_pi=0.0000 loss_v=0.4999 |theta_pi|_1=21173.4 |theta_v|_1=4852.8
[ep  48000] ret=    7.0 MA100=   9.33 loss_pi=0.0012 loss_v=0.4999 |theta_pi|_1=21170.8 |theta_v|_1=4852.7
[ep  48100] ret=   10.0 MA100=   9.28 loss_pi=-0.0000 loss_v=0.4999 |theta_pi|_1=21214.3 |theta_v|_1=4852.7
[ep  48200] ret=    8.0 MA100=   8.45 loss_pi=-0.0023 loss_v=0.4999 |theta_pi|_1=21239.3 |theta_v|_1=4852.6
[ep  48300] ret=    6.0 MA100=   9.33 loss_pi=-0.0015 loss_v=0.4999 |theta_pi|_1=21234.6 |theta_v|_1=4852.7
[ep  48400] ret=    9.0 MA100=   8.77 loss_pi=0.0001 loss_v=0.4999 |theta_pi|_1=21272.7 |theta_v|_1=4852.7
[ep  48500] ret=    7.0 MA100=   8.55 loss_pi=-0.0032 loss_v=0.4999 |theta_pi|_1=21310.0 |theta_v|_1=4852.7
[ep  48600] ret=   14.0 MA100=   9.06 loss_pi=-0.0027 loss_v=0.4999 |theta_pi|_1=21338.3 |theta_v|_1=4852.7
[ep  48700] ret=    2.0 MA100=   9.70 loss_pi=-0.0026 loss_v=0.4999 |theta_pi|_1=21366.5 |theta_v|_1=4852.6
[ep  48800] ret=   13.0 MA100=   8.73 loss_pi=-0.0046 loss_v=0.4999 |theta_pi|_1=21394.2 |theta_v|_1=4852.6
[ep  48900] ret=   10.0 MA100=   8.44 loss_pi=-0.0035 loss_v=0.4999 |theta_pi|_1=21444.0 |theta_v|_1=4852.7
[ep  49000] ret=   12.0 MA100=   9.60 loss_pi=-0.0025 loss_v=0.4999 |theta_pi|_1=21446.2 |theta_v|_1=4852.6
[ep  49100] ret=    5.0 MA100=   9.18 loss_pi=-0.0016 loss_v=0.4999 |theta_pi|_1=21423.8 |theta_v|_1=4852.6
[ep  49200] ret=    7.0 MA100=   7.91 loss_pi=-0.0025 loss_v=0.4999 |theta_pi|_1=21444.5 |theta_v|_1=4852.6
[ep  49300] ret=   15.0 MA100=   8.82 loss_pi=-0.0032 loss_v=0.4999 |theta_pi|_1=21433.5 |theta_v|_1=4852.6
[ep  49400] ret=    8.0 MA100=   9.80 loss_pi=-0.0015 loss_v=0.4999 |theta_pi|_1=21411.4 |theta_v|_1=4852.7
[ep  49500] ret=    5.0 MA100=   8.82 loss_pi=0.0002 loss_v=0.4999 |theta_pi|_1=21416.7 |theta_v|_1=4852.7
[ep  49600] ret=   11.0 MA100=   8.87 loss_pi=-0.0041 loss_v=0.4999 |theta_pi|_1=21440.5 |theta_v|_1=4852.6
[ep  49700] ret=    7.0 MA100=   9.13 loss_pi=-0.0027 loss_v=0.4999 |theta_pi|_1=21439.4 |theta_v|_1=4852.6
[ep  49800] ret=    3.0 MA100=   8.53 loss_pi=-0.0033 loss_v=0.5000 |theta_pi|_1=21448.7 |theta_v|_1=4852.5
[ep  49900] ret=   14.0 MA100=   9.50 loss_pi=-0.0047 loss_v=0.4999 |theta_pi|_1=21442.7 |theta_v|_1=4852.5
[ep  50000] ret=    8.0 MA100=   8.92 loss_pi=-0.0027 loss_v=0.4999 |theta_pi|_1=21410.0 |theta_v|_1=4852.5
[ep  50100] ret=   -6.0 MA100=   8.30 loss_pi=-0.0010 loss_v=0.4999 |theta_pi|_1=21423.7 |theta_v|_1=4852.5
[ep  50200] ret=    6.0 MA100=   9.81 loss_pi=-0.0030 loss_v=0.4999 |theta_pi|_1=21430.7 |theta_v|_1=4852.5
[ep  50300] ret=    8.0 MA100=   8.57 loss_pi=-0.0002 loss_v=0.4999 |theta_pi|_1=21448.0 |theta_v|_1=4852.4
[ep  50400] ret=    9.0 MA100=   8.03 loss_pi=-0.0047 loss_v=0.4999 |theta_pi|_1=21442.7 |theta_v|_1=4852.5
[ep  50500] ret=    8.0 MA100=   9.01 loss_pi=-0.0050 loss_v=0.4999 |theta_pi|_1=21498.8 |theta_v|_1=4852.5
[ep  50600] ret=    9.0 MA100=   9.52 loss_pi=-0.0019 loss_v=0.4999 |theta_pi|_1=21543.8 |theta_v|_1=4852.4
[ep  50700] ret=   10.0 MA100=   9.18 loss_pi=-0.0018 loss_v=0.4999 |theta_pi|_1=21559.4 |theta_v|_1=4852.4
[ep  50800] ret=    3.0 MA100=   8.72 loss_pi=-0.0041 loss_v=0.5000 |theta_pi|_1=21626.6 |theta_v|_1=4852.4
[ep  50900] ret=    8.0 MA100=   8.85 loss_pi=-0.0006 loss_v=0.4999 |theta_pi|_1=21678.0 |theta_v|_1=4852.4
[ep  51000] ret=    9.0 MA100=   8.74 loss_pi=-0.0010 loss_v=0.4999 |theta_pi|_1=21719.5 |theta_v|_1=4852.4
[ep  51100] ret=   14.0 MA100=   8.61 loss_pi=-0.0019 loss_v=0.4999 |theta_pi|_1=21728.6 |theta_v|_1=4852.4
[ep  51200] ret=    8.0 MA100=   9.78 loss_pi=-0.0038 loss_v=0.4999 |theta_pi|_1=21773.8 |theta_v|_1=4852.4
[ep  51300] ret=    8.0 MA100=   9.10 loss_pi=-0.0032 loss_v=0.4999 |theta_pi|_1=21787.3 |theta_v|_1=4852.4
[ep  51400] ret=    9.0 MA100=   9.29 loss_pi=-0.0063 loss_v=0.4999 |theta_pi|_1=21782.1 |theta_v|_1=4852.4
[ep  51500] ret=    8.0 MA100=   8.78 loss_pi=-0.0013 loss_v=0.4999 |theta_pi|_1=21873.0 |theta_v|_1=4852.4
[ep  51600] ret=    1.0 MA100=   8.30 loss_pi=0.0005 loss_v=0.5000 |theta_pi|_1=21926.0 |theta_v|_1=4852.4
[ep  51700] ret=    6.0 MA100=   8.85 loss_pi=-0.0033 loss_v=0.4999 |theta_pi|_1=21942.5 |theta_v|_1=4852.3
[ep  51800] ret=   11.0 MA100=   9.06 loss_pi=-0.0029 loss_v=0.4999 |theta_pi|_1=21979.9 |theta_v|_1=4852.3
[ep  51900] ret=   11.0 MA100=   9.07 loss_pi=-0.0045 loss_v=0.4999 |theta_pi|_1=22021.0 |theta_v|_1=4852.3
[ep  52000] ret=   -3.0 MA100=   7.66 loss_pi=-0.0061 loss_v=0.4999 |theta_pi|_1=22042.3 |theta_v|_1=4852.3
[ep  52100] ret=   11.0 MA100=   6.68 loss_pi=-0.0009 loss_v=0.4999 |theta_pi|_1=22064.2 |theta_v|_1=4852.3
[ep  52200] ret=   12.0 MA100=   8.29 loss_pi=-0.0066 loss_v=0.4999 |theta_pi|_1=22058.2 |theta_v|_1=4852.3
[ep  52300] ret=    4.0 MA100=   8.02 loss_pi=-0.0007 loss_v=0.5000 |theta_pi|_1=22032.9 |theta_v|_1=4852.3
[ep  52400] ret=   14.0 MA100=   8.19 loss_pi=-0.0009 loss_v=0.4999 |theta_pi|_1=22028.1 |theta_v|_1=4852.3
[ep  52500] ret=    3.0 MA100=   9.28 loss_pi=-0.0037 loss_v=0.4999 |theta_pi|_1=22048.6 |theta_v|_1=4852.3
[ep  52600] ret=   11.0 MA100=   8.35 loss_pi=-0.0001 loss_v=0.4999 |theta_pi|_1=22056.1 |theta_v|_1=4852.3
[ep  52700] ret=    7.0 MA100=   8.77 loss_pi=-0.0038 loss_v=0.4999 |theta_pi|_1=22072.0 |theta_v|_1=4852.3
[ep  52800] ret=   14.0 MA100=   9.64 loss_pi=-0.0012 loss_v=0.4999 |theta_pi|_1=22077.0 |theta_v|_1=4852.3
[ep  52900] ret=   13.0 MA100=   8.94 loss_pi=-0.0013 loss_v=0.4999 |theta_pi|_1=22081.8 |theta_v|_1=4852.3
[ep  53000] ret=    7.0 MA100=   8.42 loss_pi=-0.0026 loss_v=0.4999 |theta_pi|_1=22084.3 |theta_v|_1=4852.3
[ep  53100] ret=   10.0 MA100=   8.55 loss_pi=-0.0030 loss_v=0.4999 |theta_pi|_1=22137.4 |theta_v|_1=4852.3
[ep  53200] ret=   16.0 MA100=   9.44 loss_pi=-0.0032 loss_v=0.4999 |theta_pi|_1=22169.6 |theta_v|_1=4852.3
[ep  53300] ret=   11.0 MA100=   8.72 loss_pi=-0.0016 loss_v=0.4999 |theta_pi|_1=22199.5 |theta_v|_1=4852.3
[ep  53400] ret=    7.0 MA100=   9.03 loss_pi=0.0019 loss_v=0.4999 |theta_pi|_1=22232.0 |theta_v|_1=4852.3
[ep  53500] ret=   13.0 MA100=   9.36 loss_pi=-0.0039 loss_v=0.4999 |theta_pi|_1=22238.8 |theta_v|_1=4852.3
[ep  53600] ret=    8.0 MA100=   9.14 loss_pi=-0.0010 loss_v=0.4999 |theta_pi|_1=22266.7 |theta_v|_1=4852.3
[ep  53700] ret=   14.0 MA100=   8.66 loss_pi=-0.0056 loss_v=0.4999 |theta_pi|_1=22307.2 |theta_v|_1=4852.3
[ep  53800] ret=   11.0 MA100=   8.32 loss_pi=-0.0039 loss_v=0.4999 |theta_pi|_1=22340.7 |theta_v|_1=4852.4
[ep  53900] ret=    1.0 MA100=   9.23 loss_pi=-0.0005 loss_v=0.5000 |theta_pi|_1=22349.5 |theta_v|_1=4852.3
[ep  54000] ret=    3.0 MA100=   8.84 loss_pi=-0.0035 loss_v=0.4999 |theta_pi|_1=22304.5 |theta_v|_1=4852.3
[ep  54100] ret=   13.0 MA100=   8.43 loss_pi=-0.0031 loss_v=0.4999 |theta_pi|_1=22305.6 |theta_v|_1=4852.4
[ep  54200] ret=    6.0 MA100=   8.44 loss_pi=-0.0024 loss_v=0.4999 |theta_pi|_1=22311.0 |theta_v|_1=4852.3
[ep  54300] ret=   10.0 MA100=   9.45 loss_pi=0.0003 loss_v=0.4999 |theta_pi|_1=22380.5 |theta_v|_1=4852.3
[ep  54400] ret=   14.0 MA100=   9.07 loss_pi=-0.0008 loss_v=0.4999 |theta_pi|_1=22337.2 |theta_v|_1=4852.3
[ep  54500] ret=   18.0 MA100=   9.10 loss_pi=-0.0011 loss_v=0.4999 |theta_pi|_1=22338.3 |theta_v|_1=4852.3
[ep  54600] ret=   12.0 MA100=   8.77 loss_pi=-0.0036 loss_v=0.4999 |theta_pi|_1=22385.0 |theta_v|_1=4852.2
[ep  54700] ret=    9.0 MA100=   9.15 loss_pi=-0.0028 loss_v=0.4999 |theta_pi|_1=22452.1 |theta_v|_1=4852.2
[ep  54800] ret=    7.0 MA100=   8.72 loss_pi=-0.0009 loss_v=0.4999 |theta_pi|_1=22485.1 |theta_v|_1=4852.2
[ep  54900] ret=   15.0 MA100=   9.32 loss_pi=-0.0049 loss_v=0.4999 |theta_pi|_1=22470.5 |theta_v|_1=4852.2
[ep  55000] ret=    7.0 MA100=   9.04 loss_pi=-0.0038 loss_v=0.4999 |theta_pi|_1=22491.3 |theta_v|_1=4852.2
[ep  55100] ret=    7.0 MA100=   9.72 loss_pi=-0.0013 loss_v=0.4999 |theta_pi|_1=22496.7 |theta_v|_1=4852.2
[ep  55200] ret=    3.0 MA100=  10.28 loss_pi=-0.0022 loss_v=0.4999 |theta_pi|_1=22491.3 |theta_v|_1=4852.2
[ep  55300] ret=   16.0 MA100=   9.19 loss_pi=-0.0023 loss_v=0.4999 |theta_pi|_1=22536.8 |theta_v|_1=4852.2
[ep  55400] ret=   15.0 MA100=  10.56 loss_pi=-0.0004 loss_v=0.4999 |theta_pi|_1=22543.8 |theta_v|_1=4852.2
[ep  55500] ret=   15.0 MA100=   8.99 loss_pi=-0.0016 loss_v=0.4999 |theta_pi|_1=22561.1 |theta_v|_1=4852.2
[ep  55600] ret=    9.0 MA100=   9.35 loss_pi=-0.0007 loss_v=0.4999 |theta_pi|_1=22616.8 |theta_v|_1=4852.2
[ep  55700] ret=    1.0 MA100=   9.24 loss_pi=-0.0015 loss_v=0.4999 |theta_pi|_1=22653.3 |theta_v|_1=4852.2
[ep  55800] ret=    4.0 MA100=   9.75 loss_pi=-0.0028 loss_v=0.5000 |theta_pi|_1=22675.0 |theta_v|_1=4852.2
[ep  55900] ret=    9.0 MA100=   9.65 loss_pi=-0.0025 loss_v=0.4999 |theta_pi|_1=22722.1 |theta_v|_1=4852.2
[ep  56000] ret=   10.0 MA100=   9.54 loss_pi=-0.0043 loss_v=0.4999 |theta_pi|_1=22717.2 |theta_v|_1=4852.2
[ep  56100] ret=   12.0 MA100=   9.08 loss_pi=-0.0001 loss_v=0.4999 |theta_pi|_1=22728.3 |theta_v|_1=4852.2
[ep  56200] ret=    3.0 MA100=   8.33 loss_pi=0.0003 loss_v=0.4999 |theta_pi|_1=22754.4 |theta_v|_1=4852.2
[ep  56300] ret=    4.0 MA100=   9.60 loss_pi=-0.0012 loss_v=0.4999 |theta_pi|_1=22788.8 |theta_v|_1=4852.2
[ep  56400] ret=    8.0 MA100=   9.36 loss_pi=-0.0023 loss_v=0.4999 |theta_pi|_1=22803.6 |theta_v|_1=4852.2
[ep  56500] ret=    8.0 MA100=   9.39 loss_pi=0.0011 loss_v=0.4999 |theta_pi|_1=22814.5 |theta_v|_1=4852.2
[ep  56600] ret=    9.0 MA100=   8.48 loss_pi=-0.0013 loss_v=0.4999 |theta_pi|_1=22803.5 |theta_v|_1=4852.2
[ep  56700] ret=    8.0 MA100=   8.36 loss_pi=-0.0021 loss_v=0.4999 |theta_pi|_1=22810.3 |theta_v|_1=4852.2
[ep  56800] ret=   10.0 MA100=   7.23 loss_pi=-0.0009 loss_v=0.4999 |theta_pi|_1=22793.6 |theta_v|_1=4852.2
[ep  56900] ret=   12.0 MA100=   9.16 loss_pi=-0.0015 loss_v=0.4999 |theta_pi|_1=22862.0 |theta_v|_1=4852.2
[ep  57000] ret=    7.0 MA100=   8.70 loss_pi=-0.0050 loss_v=0.4999 |theta_pi|_1=22875.1 |theta_v|_1=4852.2
[ep  57100] ret=    5.0 MA100=   7.92 loss_pi=0.0001 loss_v=0.4999 |theta_pi|_1=22886.7 |theta_v|_1=4852.3
[ep  57200] ret=    7.0 MA100=   9.66 loss_pi=-0.0009 loss_v=0.4999 |theta_pi|_1=22865.1 |theta_v|_1=4852.3
[ep  57300] ret=   10.0 MA100=   9.19 loss_pi=-0.0061 loss_v=0.4999 |theta_pi|_1=22857.9 |theta_v|_1=4852.3
[ep  57400] ret=    4.0 MA100=   8.80 loss_pi=-0.0003 loss_v=0.4999 |theta_pi|_1=22882.4 |theta_v|_1=4852.4
[ep  57500] ret=   11.0 MA100=   9.33 loss_pi=-0.0052 loss_v=0.4999 |theta_pi|_1=22883.2 |theta_v|_1=4852.4
[ep  57600] ret=    3.0 MA100=   8.52 loss_pi=-0.0017 loss_v=0.4999 |theta_pi|_1=22896.8 |theta_v|_1=4852.4
[ep  57700] ret=   11.0 MA100=   8.14 loss_pi=-0.0008 loss_v=0.4999 |theta_pi|_1=22930.1 |theta_v|_1=4852.4
[ep  57800] ret=    8.0 MA100=   8.93 loss_pi=-0.0008 loss_v=0.4999 |theta_pi|_1=22927.5 |theta_v|_1=4852.4
[ep  57900] ret=    7.0 MA100=   9.35 loss_pi=-0.0030 loss_v=0.4999 |theta_pi|_1=22976.9 |theta_v|_1=4852.4
[ep  58000] ret=    5.0 MA100=   8.91 loss_pi=-0.0012 loss_v=0.5000 |theta_pi|_1=22989.8 |theta_v|_1=4852.3
[ep  58100] ret=    2.0 MA100=   9.76 loss_pi=0.0009 loss_v=0.4999 |theta_pi|_1=23013.6 |theta_v|_1=4852.3
[ep  58200] ret=    4.0 MA100=   9.20 loss_pi=-0.0004 loss_v=0.4999 |theta_pi|_1=23004.6 |theta_v|_1=4852.3
[ep  58300] ret=   10.0 MA100=   8.55 loss_pi=-0.0011 loss_v=0.4999 |theta_pi|_1=23037.9 |theta_v|_1=4852.3
[ep  58400] ret=    7.0 MA100=  10.43 loss_pi=-0.0011 loss_v=0.4999 |theta_pi|_1=23060.5 |theta_v|_1=4852.3
[ep  58500] ret=   14.0 MA100=   9.47 loss_pi=-0.0021 loss_v=0.4999 |theta_pi|_1=23079.2 |theta_v|_1=4852.3
[ep  58600] ret=   13.0 MA100=   9.39 loss_pi=-0.0000 loss_v=0.4999 |theta_pi|_1=23145.5 |theta_v|_1=4852.3
[ep  58700] ret=   11.0 MA100=   9.19 loss_pi=-0.0040 loss_v=0.4999 |theta_pi|_1=23136.1 |theta_v|_1=4852.3
[ep  58800] ret=   10.0 MA100=   8.80 loss_pi=-0.0023 loss_v=0.4999 |theta_pi|_1=23166.8 |theta_v|_1=4852.3
[ep  58900] ret=   13.0 MA100=   8.77 loss_pi=-0.0018 loss_v=0.4999 |theta_pi|_1=23198.2 |theta_v|_1=4852.3
[ep  59000] ret=   -3.0 MA100=   9.49 loss_pi=-0.0003 loss_v=0.4999 |theta_pi|_1=23216.1 |theta_v|_1=4852.3
[ep  59100] ret=    8.0 MA100=   9.22 loss_pi=-0.0005 loss_v=0.4999 |theta_pi|_1=23210.9 |theta_v|_1=4852.3
[ep  59200] ret=   14.0 MA100=   8.99 loss_pi=-0.0006 loss_v=0.4999 |theta_pi|_1=23210.9 |theta_v|_1=4852.3
[ep  59300] ret=   11.0 MA100=   8.36 loss_pi=-0.0009 loss_v=0.4999 |theta_pi|_1=23195.6 |theta_v|_1=4852.3
[ep  59400] ret=    4.0 MA100=   9.01 loss_pi=-0.0012 loss_v=0.5000 |theta_pi|_1=23242.1 |theta_v|_1=4852.3
[ep  59500] ret=    9.0 MA100=   8.76 loss_pi=-0.0021 loss_v=0.4999 |theta_pi|_1=23255.5 |theta_v|_1=4852.3
[ep  59600] ret=    4.0 MA100=   8.41 loss_pi=0.0001 loss_v=0.4999 |theta_pi|_1=23252.6 |theta_v|_1=4852.3
[ep  59700] ret=   10.0 MA100=   8.19 loss_pi=-0.0046 loss_v=0.4999 |theta_pi|_1=23274.6 |theta_v|_1=4852.3
[ep  59800] ret=   12.0 MA100=   8.70 loss_pi=-0.0045 loss_v=0.4999 |theta_pi|_1=23295.1 |theta_v|_1=4852.3
[ep  59900] ret=    9.0 MA100=   9.42 loss_pi=-0.0040 loss_v=0.4999 |theta_pi|_1=23305.9 |theta_v|_1=4852.3
[ep  60000] ret=   15.0 MA100=   9.37 loss_pi=-0.0020 loss_v=0.4999 |theta_pi|_1=23356.6 |theta_v|_1=4852.2
[ep  60100] ret=    8.0 MA100=   9.77 loss_pi=-0.0020 loss_v=0.4999 |theta_pi|_1=23372.2 |theta_v|_1=4852.2
[ep  60200] ret=    4.0 MA100=   8.72 loss_pi=-0.0041 loss_v=0.4999 |theta_pi|_1=23367.5 |theta_v|_1=4852.2
[ep  60300] ret=   13.0 MA100=  10.55 loss_pi=-0.0022 loss_v=0.4999 |theta_pi|_1=23422.5 |theta_v|_1=4852.2
[ep  60400] ret=   -3.0 MA100=   8.70 loss_pi=-0.0033 loss_v=0.4999 |theta_pi|_1=23432.8 |theta_v|_1=4852.2
[ep  60500] ret=   13.0 MA100=   9.41 loss_pi=-0.0018 loss_v=0.4999 |theta_pi|_1=23466.1 |theta_v|_1=4852.2
[ep  60600] ret=  -11.0 MA100=   8.27 loss_pi=-0.0007 loss_v=0.4999 |theta_pi|_1=23495.3 |theta_v|_1=4852.3
[ep  60700] ret=    9.0 MA100=   8.60 loss_pi=0.0011 loss_v=0.4999 |theta_pi|_1=23532.3 |theta_v|_1=4852.3
[ep  60800] ret=   13.0 MA100=   9.67 loss_pi=-0.0031 loss_v=0.4999 |theta_pi|_1=23516.8 |theta_v|_1=4852.3
[ep  60900] ret=   -5.0 MA100=   9.01 loss_pi=-0.0001 loss_v=0.5000 |theta_pi|_1=23510.5 |theta_v|_1=4852.3
[ep  61000] ret=   12.0 MA100=   9.65 loss_pi=-0.0035 loss_v=0.4999 |theta_pi|_1=23507.4 |theta_v|_1=4852.3
[ep  61100] ret=    4.0 MA100=   9.60 loss_pi=-0.0024 loss_v=0.4999 |theta_pi|_1=23554.5 |theta_v|_1=4852.3
[ep  61200] ret=   13.0 MA100=   9.32 loss_pi=0.0007 loss_v=0.4999 |theta_pi|_1=23598.0 |theta_v|_1=4852.3
[ep  61300] ret=   11.0 MA100=   9.88 loss_pi=-0.0043 loss_v=0.4999 |theta_pi|_1=23573.8 |theta_v|_1=4852.3
[ep  61400] ret=    1.0 MA100=   8.99 loss_pi=-0.0016 loss_v=0.5000 |theta_pi|_1=23575.0 |theta_v|_1=4852.4
[ep  61500] ret=   12.0 MA100=   9.57 loss_pi=0.0016 loss_v=0.4999 |theta_pi|_1=23582.6 |theta_v|_1=4852.4
[ep  61600] ret=    9.0 MA100=   9.25 loss_pi=-0.0012 loss_v=0.4999 |theta_pi|_1=23621.6 |theta_v|_1=4852.4
[ep  61700] ret=    5.0 MA100=   8.98 loss_pi=-0.0007 loss_v=0.4999 |theta_pi|_1=23651.5 |theta_v|_1=4852.4
[ep  61800] ret=    8.0 MA100=  10.23 loss_pi=-0.0024 loss_v=0.4999 |theta_pi|_1=23653.3 |theta_v|_1=4852.5
[ep  61900] ret=   -3.0 MA100=   8.61 loss_pi=-0.0033 loss_v=0.4999 |theta_pi|_1=23697.6 |theta_v|_1=4852.5
[ep  62000] ret=    9.0 MA100=   8.83 loss_pi=-0.0000 loss_v=0.4999 |theta_pi|_1=23726.1 |theta_v|_1=4852.5
[ep  62100] ret=   -1.0 MA100=   8.31 loss_pi=-0.0019 loss_v=0.4999 |theta_pi|_1=23757.1 |theta_v|_1=4852.4
[ep  62200] ret=    9.0 MA100=   9.65 loss_pi=-0.0024 loss_v=0.4999 |theta_pi|_1=23755.7 |theta_v|_1=4852.5
[ep  62300] ret=   13.0 MA100=   8.49 loss_pi=-0.0056 loss_v=0.4999 |theta_pi|_1=23764.8 |theta_v|_1=4852.5
[ep  62400] ret=   11.0 MA100=   8.61 loss_pi=-0.0037 loss_v=0.4999 |theta_pi|_1=23743.8 |theta_v|_1=4852.5
[ep  62500] ret=    9.0 MA100=   9.57 loss_pi=-0.0010 loss_v=0.4999 |theta_pi|_1=23791.5 |theta_v|_1=4852.5
[ep  62600] ret=   11.0 MA100=   9.01 loss_pi=-0.0039 loss_v=0.4999 |theta_pi|_1=23797.3 |theta_v|_1=4852.5
[ep  62700] ret=   11.0 MA100=   9.20 loss_pi=-0.0027 loss_v=0.4999 |theta_pi|_1=23774.9 |theta_v|_1=4852.6
[ep  62800] ret=    5.0 MA100=   8.95 loss_pi=-0.0029 loss_v=0.4999 |theta_pi|_1=23839.4 |theta_v|_1=4852.5
[ep  62900] ret=    5.0 MA100=   9.26 loss_pi=-0.0042 loss_v=0.4999 |theta_pi|_1=23877.7 |theta_v|_1=4852.5
[ep  63000] ret=   10.0 MA100=   8.85 loss_pi=-0.0016 loss_v=0.4999 |theta_pi|_1=23907.8 |theta_v|_1=4852.4
[ep  63100] ret=    8.0 MA100=   9.89 loss_pi=-0.0018 loss_v=0.4999 |theta_pi|_1=23953.2 |theta_v|_1=4852.4
[ep  63200] ret=   11.0 MA100=   9.46 loss_pi=-0.0004 loss_v=0.4999 |theta_pi|_1=23949.1 |theta_v|_1=4852.4
[ep  63300] ret=    8.0 MA100=   8.75 loss_pi=-0.0008 loss_v=0.4999 |theta_pi|_1=23971.5 |theta_v|_1=4852.4
[ep  63400] ret=    6.0 MA100=   8.17 loss_pi=-0.0014 loss_v=0.4999 |theta_pi|_1=23965.8 |theta_v|_1=4852.3
[ep  63500] ret=   12.0 MA100=   8.03 loss_pi=-0.0012 loss_v=0.4999 |theta_pi|_1=23985.8 |theta_v|_1=4852.3
[ep  63600] ret=   14.0 MA100=   9.79 loss_pi=-0.0022 loss_v=0.4999 |theta_pi|_1=23973.8 |theta_v|_1=4852.3
[ep  63700] ret=   13.0 MA100=   9.77 loss_pi=-0.0001 loss_v=0.4999 |theta_pi|_1=23971.5 |theta_v|_1=4852.3
[ep  63800] ret=   10.0 MA100=   9.19 loss_pi=-0.0018 loss_v=0.4999 |theta_pi|_1=24026.4 |theta_v|_1=4852.2
[ep  63900] ret=   10.0 MA100=   9.69 loss_pi=0.0011 loss_v=0.4999 |theta_pi|_1=24013.7 |theta_v|_1=4852.2
[ep  64000] ret=   10.0 MA100=   9.47 loss_pi=-0.0042 loss_v=0.4999 |theta_pi|_1=24058.1 |theta_v|_1=4852.2
[ep  64100] ret=    3.0 MA100=   9.29 loss_pi=-0.0022 loss_v=0.4999 |theta_pi|_1=24099.5 |theta_v|_1=4852.2
[ep  64200] ret=   16.0 MA100=   9.26 loss_pi=-0.0031 loss_v=0.4999 |theta_pi|_1=24132.3 |theta_v|_1=4852.2
[ep  64300] ret=    9.0 MA100=   9.54 loss_pi=-0.0010 loss_v=0.4999 |theta_pi|_1=24131.3 |theta_v|_1=4852.2
[ep  64400] ret=   11.0 MA100=  10.07 loss_pi=-0.0047 loss_v=0.4999 |theta_pi|_1=24128.5 |theta_v|_1=4852.2
[ep  64500] ret=   11.0 MA100=  10.88 loss_pi=-0.0024 loss_v=0.4999 |theta_pi|_1=24107.6 |theta_v|_1=4852.2
[ep  64600] ret=   11.0 MA100=   8.53 loss_pi=-0.0013 loss_v=0.4999 |theta_pi|_1=24088.3 |theta_v|_1=4852.2
[ep  64700] ret=    4.0 MA100=  10.31 loss_pi=-0.0014 loss_v=0.4999 |theta_pi|_1=24134.0 |theta_v|_1=4852.2
[ep  64800] ret=   11.0 MA100=   9.60 loss_pi=-0.0027 loss_v=0.4999 |theta_pi|_1=24134.8 |theta_v|_1=4852.2
[ep  64900] ret=   15.0 MA100=   9.94 loss_pi=-0.0022 loss_v=0.4999 |theta_pi|_1=24158.2 |theta_v|_1=4852.2
[ep  65000] ret=    3.0 MA100=   9.38 loss_pi=0.0008 loss_v=0.4999 |theta_pi|_1=24211.4 |theta_v|_1=4852.2
[ep  65100] ret=    2.0 MA100=   8.81 loss_pi=-0.0013 loss_v=0.4999 |theta_pi|_1=24215.7 |theta_v|_1=4852.2
[ep  65200] ret=   14.0 MA100=   9.95 loss_pi=-0.0017 loss_v=0.4999 |theta_pi|_1=24225.6 |theta_v|_1=4852.2
[ep  65300] ret=    9.0 MA100=   9.41 loss_pi=-0.0001 loss_v=0.4999 |theta_pi|_1=24244.2 |theta_v|_1=4852.2
[ep  65400] ret=   -1.0 MA100=  10.79 loss_pi=-0.0015 loss_v=0.4999 |theta_pi|_1=24272.1 |theta_v|_1=4852.2
[ep  65500] ret=    7.0 MA100=   9.20 loss_pi=-0.0022 loss_v=0.4999 |theta_pi|_1=24303.2 |theta_v|_1=4852.2
[ep  65600] ret=   18.0 MA100=  10.71 loss_pi=-0.0028 loss_v=0.4999 |theta_pi|_1=24326.6 |theta_v|_1=4852.2
[ep  65700] ret=   12.0 MA100=  10.23 loss_pi=-0.0043 loss_v=0.4999 |theta_pi|_1=24326.0 |theta_v|_1=4852.2
[ep  65800] ret=   13.0 MA100=  10.87 loss_pi=-0.0004 loss_v=0.4999 |theta_pi|_1=24329.2 |theta_v|_1=4852.2
[ep  65900] ret=   14.0 MA100=  10.26 loss_pi=-0.0073 loss_v=0.4999 |theta_pi|_1=24322.5 |theta_v|_1=4852.2
[ep  66000] ret=   11.0 MA100=   9.44 loss_pi=-0.0033 loss_v=0.4999 |theta_pi|_1=24357.2 |theta_v|_1=4852.2
[ep  66100] ret=   12.0 MA100=   9.41 loss_pi=-0.0013 loss_v=0.4999 |theta_pi|_1=24387.4 |theta_v|_1=4852.2
[ep  66200] ret=   14.0 MA100=   9.90 loss_pi=-0.0038 loss_v=0.4999 |theta_pi|_1=24412.2 |theta_v|_1=4852.2
[ep  66300] ret=   13.0 MA100=  10.36 loss_pi=-0.0030 loss_v=0.4999 |theta_pi|_1=24435.1 |theta_v|_1=4852.2
[ep  66400] ret=   12.0 MA100=   9.61 loss_pi=-0.0017 loss_v=0.4999 |theta_pi|_1=24453.8 |theta_v|_1=4852.2
[ep  66500] ret=   15.0 MA100=  10.31 loss_pi=0.0003 loss_v=0.4999 |theta_pi|_1=24496.7 |theta_v|_1=4852.2
[ep  66600] ret=   10.0 MA100=   9.46 loss_pi=-0.0002 loss_v=0.4999 |theta_pi|_1=24513.5 |theta_v|_1=4852.2
[ep  66700] ret=    8.0 MA100=   7.96 loss_pi=-0.0006 loss_v=0.4999 |theta_pi|_1=24540.6 |theta_v|_1=4852.2
[ep  66800] ret=   16.0 MA100=   9.09 loss_pi=-0.0005 loss_v=0.4999 |theta_pi|_1=24553.8 |theta_v|_1=4852.2
[ep  66900] ret=   11.0 MA100=  10.72 loss_pi=-0.0012 loss_v=0.4999 |theta_pi|_1=24534.2 |theta_v|_1=4852.2
[ep  67000] ret=    9.0 MA100=  10.62 loss_pi=-0.0031 loss_v=0.4999 |theta_pi|_1=24579.6 |theta_v|_1=4852.2
[ep  67100] ret=   12.0 MA100=   9.91 loss_pi=-0.0022 loss_v=0.4999 |theta_pi|_1=24596.5 |theta_v|_1=4852.2
[ep  67200] ret=   11.0 MA100=   9.62 loss_pi=-0.0033 loss_v=0.4999 |theta_pi|_1=24614.8 |theta_v|_1=4852.2
[ep  67300] ret=    7.0 MA100=   9.68 loss_pi=-0.0016 loss_v=0.5000 |theta_pi|_1=24618.0 |theta_v|_1=4852.2
[ep  67400] ret=    9.0 MA100=  10.84 loss_pi=-0.0029 loss_v=0.4999 |theta_pi|_1=24631.4 |theta_v|_1=4852.2
[ep  67500] ret=   -1.0 MA100=  10.70 loss_pi=-0.0019 loss_v=0.5000 |theta_pi|_1=24659.7 |theta_v|_1=4852.2
[ep  67600] ret=    7.0 MA100=  10.50 loss_pi=-0.0015 loss_v=0.4999 |theta_pi|_1=24692.5 |theta_v|_1=4852.2
[ep  67700] ret=   10.0 MA100=  10.92 loss_pi=-0.0029 loss_v=0.4999 |theta_pi|_1=24706.7 |theta_v|_1=4852.2
[ep  67800] ret=    9.0 MA100=  10.22 loss_pi=-0.0015 loss_v=0.4999 |theta_pi|_1=24738.5 |theta_v|_1=4852.2
[ep  67900] ret=   10.0 MA100=   9.84 loss_pi=-0.0037 loss_v=0.4999 |theta_pi|_1=24755.1 |theta_v|_1=4852.2
[ep  68000] ret=    6.0 MA100=  10.33 loss_pi=-0.0023 loss_v=0.4999 |theta_pi|_1=24761.4 |theta_v|_1=4852.2
[ep  68100] ret=   12.0 MA100=  10.36 loss_pi=-0.0043 loss_v=0.4999 |theta_pi|_1=24803.0 |theta_v|_1=4852.1
[ep  68200] ret=    8.0 MA100=   8.84 loss_pi=-0.0034 loss_v=0.4999 |theta_pi|_1=24820.6 |theta_v|_1=4852.1
[ep  68300] ret=   14.0 MA100=   9.55 loss_pi=-0.0004 loss_v=0.4999 |theta_pi|_1=24866.6 |theta_v|_1=4852.1
[ep  68400] ret=   13.0 MA100=  10.05 loss_pi=-0.0039 loss_v=0.4999 |theta_pi|_1=24862.9 |theta_v|_1=4852.1
[ep  68500] ret=   13.0 MA100=  10.48 loss_pi=-0.0018 loss_v=0.4999 |theta_pi|_1=24879.8 |theta_v|_1=4852.1
[ep  68600] ret=   10.0 MA100=  11.14 loss_pi=-0.0009 loss_v=0.4999 |theta_pi|_1=24899.1 |theta_v|_1=4852.1
[ep  68700] ret=   12.0 MA100=   9.67 loss_pi=-0.0041 loss_v=0.4999 |theta_pi|_1=24933.2 |theta_v|_1=4852.1
[ep  68800] ret=   16.0 MA100=  10.04 loss_pi=-0.0058 loss_v=0.4999 |theta_pi|_1=24951.4 |theta_v|_1=4852.1
[ep  68900] ret=    6.0 MA100=  10.55 loss_pi=-0.0039 loss_v=0.4999 |theta_pi|_1=24975.8 |theta_v|_1=4852.1
[ep  69000] ret=   11.0 MA100=  10.24 loss_pi=-0.0011 loss_v=0.4999 |theta_pi|_1=25007.1 |theta_v|_1=4852.1
[ep  69100] ret=    9.0 MA100=  10.47 loss_pi=-0.0005 loss_v=0.4999 |theta_pi|_1=25020.2 |theta_v|_1=4852.1
[ep  69200] ret=    9.0 MA100=   9.13 loss_pi=-0.0038 loss_v=0.4999 |theta_pi|_1=25056.5 |theta_v|_1=4852.1
[ep  69300] ret=    9.0 MA100=   9.61 loss_pi=-0.0040 loss_v=0.4999 |theta_pi|_1=25076.0 |theta_v|_1=4852.1
[ep  69400] ret=   12.0 MA100=   8.99 loss_pi=-0.0014 loss_v=0.4999 |theta_pi|_1=25109.0 |theta_v|_1=4852.1
[ep  69500] ret=   14.0 MA100=  10.60 loss_pi=-0.0041 loss_v=0.4999 |theta_pi|_1=25080.3 |theta_v|_1=4852.1
[ep  69600] ret=   11.0 MA100=   9.97 loss_pi=-0.0020 loss_v=0.4999 |theta_pi|_1=25078.4 |theta_v|_1=4852.1
[ep  69700] ret=   12.0 MA100=  10.43 loss_pi=-0.0043 loss_v=0.4999 |theta_pi|_1=25109.1 |theta_v|_1=4852.1
[ep  69800] ret=   15.0 MA100=   9.87 loss_pi=-0.0032 loss_v=0.4999 |theta_pi|_1=25113.7 |theta_v|_1=4852.1
[ep  69900] ret=   15.0 MA100=  10.88 loss_pi=-0.0005 loss_v=0.4999 |theta_pi|_1=25134.8 |theta_v|_1=4852.1
[ep  70000] ret=   18.0 MA100=  10.31 loss_pi=0.0012 loss_v=0.4999 |theta_pi|_1=25143.6 |theta_v|_1=4852.1
[ep  70100] ret=   11.0 MA100=  10.43 loss_pi=-0.0044 loss_v=0.4999 |theta_pi|_1=25182.1 |theta_v|_1=4852.1
[ep  70200] ret=    7.0 MA100=  10.14 loss_pi=-0.0021 loss_v=0.4999 |theta_pi|_1=25215.4 |theta_v|_1=4852.1
[ep  70300] ret=   10.0 MA100=  10.12 loss_pi=-0.0019 loss_v=0.4999 |theta_pi|_1=25240.9 |theta_v|_1=4852.1
[ep  70400] ret=   11.0 MA100=  11.64 loss_pi=-0.0026 loss_v=0.4999 |theta_pi|_1=25275.5 |theta_v|_1=4852.1
[ep  70500] ret=   16.0 MA100=  10.58 loss_pi=-0.0013 loss_v=0.4999 |theta_pi|_1=25290.1 |theta_v|_1=4852.1
[ep  70600] ret=   13.0 MA100=  11.17 loss_pi=-0.0006 loss_v=0.4999 |theta_pi|_1=25342.0 |theta_v|_1=4852.1
[ep  70700] ret=   10.0 MA100=  10.76 loss_pi=-0.0016 loss_v=0.4999 |theta_pi|_1=25360.9 |theta_v|_1=4852.1
[ep  70800] ret=   10.0 MA100=  10.97 loss_pi=-0.0012 loss_v=0.4999 |theta_pi|_1=25374.9 |theta_v|_1=4852.1
[ep  70900] ret=    5.0 MA100=  10.41 loss_pi=-0.0020 loss_v=0.4999 |theta_pi|_1=25396.3 |theta_v|_1=4852.1
[ep  71000] ret=   15.0 MA100=  10.57 loss_pi=-0.0022 loss_v=0.4999 |theta_pi|_1=25424.4 |theta_v|_1=4852.1
[ep  71100] ret=   16.0 MA100=  10.56 loss_pi=-0.0003 loss_v=0.4999 |theta_pi|_1=25461.6 |theta_v|_1=4852.1
[ep  71200] ret=   15.0 MA100=  11.16 loss_pi=-0.0018 loss_v=0.4999 |theta_pi|_1=25473.5 |theta_v|_1=4852.1
[ep  71300] ret=   13.0 MA100=  10.45 loss_pi=-0.0023 loss_v=0.4999 |theta_pi|_1=25521.5 |theta_v|_1=4852.1
[ep  71400] ret=   10.0 MA100=  11.32 loss_pi=-0.0013 loss_v=0.4999 |theta_pi|_1=25508.8 |theta_v|_1=4852.2
[ep  71500] ret=    4.0 MA100=  10.38 loss_pi=-0.0018 loss_v=0.5000 |theta_pi|_1=25508.1 |theta_v|_1=4852.1
[ep  71600] ret=   16.0 MA100=  11.26 loss_pi=-0.0036 loss_v=0.4999 |theta_pi|_1=25518.3 |theta_v|_1=4852.2
[ep  71700] ret=    6.0 MA100=  10.78 loss_pi=-0.0020 loss_v=0.4999 |theta_pi|_1=25551.5 |theta_v|_1=4852.1
